2018-12-08 00:20:59 [月爷]{忽悠,16}[骑士之心](UL 34)牛牛想戳忽悠宝贝酒窝[16160745]:大
2018-12-08 00:21:00 [月爷]{忽悠,16}[骑士之心](UL 34)牛牛想戳忽悠宝贝酒窝[16160745]:家
2018-12-08 00:21:03 [月爷]{忽悠,16}[骑士之心](UL 34)牛牛想戳忽悠宝贝酒窝[16160745]:记
2018-12-08 00:21:05 [月爷]{忽悠,16}[骑士之心](UL 34)牛牛想戳忽悠宝贝酒窝[16160745]:得
2018-12-08 00:21:08 [月爷]{忽悠,16}[骑士之心](UL 34)牛牛想戳忽悠宝贝酒窝[16160745]:签
2018-12-08 00:21:10 [月爷]{忽悠,16}[骑士之心](UL 34)牛牛想戳忽悠宝贝酒窝[16160745]:到
2018-12-08 00:21:12 [月爷]{忽悠,16}[骑士之心](UL 34)牛牛想戳忽悠宝贝酒窝[16160745]:投
2018-12-08 00:21:16 [月爷]{忽悠,16}[骑士之心](UL 34)牛牛想戳忽悠宝贝酒窝[16160745]:票
2018-12-08 00:21:17 [月爷]{忽悠,16}[骑士之心](UL 34)牛牛想戳忽悠宝贝酒窝[16160745]:哦
2018-12-08 05:07:38 {忽悠,17}(UL 30)鬼哇要用铁板煎忽悠[39397806]:大家记得签到~投票哦~
2018-12-08 06:41:47 {忽悠,5}(UL 0)包子妈喜欢包子和忽悠[16409467]:周末愉快啊宝贝们
2018-12-08 06:42:01 {忽悠,17}(UL 30)鬼哇要用铁板煎忽悠[39397806]:周末愉快~
2018-12-08 06:43:11 {忽悠,5}(UL 0)包子妈喜欢包子和忽悠[16409467]:哇塞你们有组织有纪律的要把狗贼吃了啊
2018-12-08 06:43:42 {忽悠,17}(UL 30)鬼哇要用铁板煎忽悠[39397806]:嘿嘿嘿
2018-12-08 06:44:16 {忽悠,17}(UL 30)鬼哇要用铁板煎忽悠[39397806]:包子妈你怎么还是UL0，去找找客服吧
2018-12-08 06:45:09 {忽悠,5}(UL 0)包子妈喜欢包子和忽悠[16409467]:我签到了啊
2018-12-08 06:45:13 {忽悠,5}(UL 0)包子妈喜欢包子和忽悠[16409467]:为啥会这样啊
2018-12-08 06:45:31 {忽悠,17}(UL 30)鬼哇要用铁板煎忽悠[39397806]:应该是卡BUG了，之前也有人这样，找找客
2018-12-08 06:45:34 {忽悠,17}(UL 30)鬼哇要用铁板煎忽悠[39397806]:服给你解决一下
2018-12-08 06:46:22 {忽悠,5}(UL 0)包子妈喜欢包子和忽悠[16409467]:好吧
2018-12-08 06:46:56 {忽悠,5}(UL 0)包子妈喜欢包子和忽悠[16409467]:心疼自己五秒
2018-12-08 06:47:51 {忽悠,17}(UL 30)鬼哇要用铁板煎忽悠[39397806]:摸摸头
2018-12-08 07:08:00 {忽悠,12}[一见倾心](UL 21)Ahgase桐酱[34034874]:早上好～
2018-12-08 07:19:19 {忽悠,14}[一见倾心](UL 23)秋夜Vivi[3789354]:大家早鸭~
2018-12-08 08:10:13 {忽悠,17}(UL 30)鬼哇要用铁板煎忽悠[39397806]:早
2018-12-08 08:58:43 [月爷]{忽悠,17}[骑士之心](UL 37)忽悠牌绘画铅笔[9365665]:大家早鸭！
2018-12-08 08:59:28 [月爷]{忽悠,17}[骑士之心](UL 37)忽悠牌绘画铅笔[9365665]:昨天三点多允粑粑开直播惹 允粑粑是真的流
2018-12-08 08:59:29 [月爷]{忽悠,17}[骑士之心](UL 37)忽悠牌绘画铅笔[9365665]:批
2018-12-08 09:10:24 {忽悠,17}(UL 30)鬼哇要用铁板煎忽悠[39397806]:正常。。。我见多了
2018-12-08 09:28:14 {忽悠,17}[季老](UL 24)汎汎儿[349322200]:早早早
2018-12-08 14:04:27 深灰灰哼着嗝噜嗝噜[2651333] 进入直播间
2018-12-08 21:08:33 [舰]欧洲JUNKO[4637608] 进入直播间
2018-12-08 22:35:20 {忽悠,12}[一见倾心](UL 21)Ahgase桐酱[34034874]:为什么有宝贝可以进来
2018-12-08 22:35:27 {忽悠,12}[一见倾心](UL 21)Ahgase桐酱[34034874]:惊了
2018-12-08 23:47:04 [月爷]{忽悠,17}[骑士之心](UL 37)忽悠牌绘画铅笔[9365665]:不造鸭
2018-12-08 23:48:57 [年爷]{忽悠,15}[永恒誓约](UL 23)葉重_hiero[4973971]:宝贝儿们晚上好！
2018-12-08 23:49:48 [年爷]{忽悠,15}[永恒誓约](UL 23)葉重_hiero[4973971]:宝贝儿们我睡辽！
2018-12-08 23:50:00 {忽悠,17}[季老](UL 24)汎汎儿[349322200]:晚安鴨
2018-12-08 23:50:25 [年爷]{忽悠,15}[永恒誓约](UL 23)葉重_hiero[4973971]:晚安mua！
