2018-12-06 00:00:14 赵志铭的男神[38844088]:提督
2018-12-06 00:00:18 超绝可爱文豪酱゜[1615204]:拒绝请求:3分钟内只允许发送1次私信，还剩32秒
2018-12-06 00:00:59 赵志铭的男神[38844088]:提督
2018-12-06 00:01:01 超绝可爱文豪酱゜[1615204]:提督房间过多，已改为私信发送
2018-12-06 00:04:02 心瑶瑶[19935885]:提督
2018-12-06 00:04:04 超绝可爱文豪酱゜[1615204]:提督房间过多，已改为私信发送
2018-12-06 00:04:52 博麗云梦[2397891]:xds all
2018-12-06 00:04:53 超绝可爱文豪酱゜[1615204]:低保房:4323872;1313362;528
2018-12-06 00:04:53 南门竹子[5901976]:提督
2018-12-06 00:04:54 超绝可爱文豪酱゜[1615204]:拒绝请求:3分钟内只允许发送1次私信，还剩130秒
2018-12-06 00:05:12 笙哥并没有欧气灬[121866931]:总督
2018-12-06 00:05:13 超绝可爱文豪酱゜[1615204]:当前有效总督房:无
2018-12-06 00:05:17 笙哥并没有欧气灬[121866931]:提督
2018-12-06 00:05:18 超绝可爱文豪酱゜[1615204]:拒绝请求:3分钟内只允许发送1次私信，还剩106秒
2018-12-06 00:06:21 语沫晨曦[19688874]:xds
2018-12-06 00:06:22 超绝可爱文豪酱゜[1615204]:手机低保房:1313362;528
2018-12-06 00:06:23 博麗云梦[2397891]:xds all
2018-12-06 00:06:24 超绝可爱文豪酱゜[1615204]:低保房:528;870004
2018-12-06 00:06:41 回回回复喵[299393604]:🚪164725👤匆匆岁月匆匆过🎁5个辣条~
2018-12-06 00:06:52 博麗云梦[2397891]:二饼
2018-12-06 00:09:15 狼人_人狼_狼妖_狼兽人[1877572]:1
2018-12-06 00:10:59 博麗云梦[2397891]:xds all
2018-12-06 00:11:00 超绝可爱文豪酱゜[1615204]:当前没有低保房间
2018-12-06 00:12:00 洛府扫地工[40118938]:勋章星尘
2018-12-06 00:12:16 笙哥并没有欧气灬[121866931]:提督
2018-12-06 00:12:19 超绝可爱文豪酱゜[1615204]:提督房间过多，已改为私信发送
2018-12-06 00:12:33 回回回复喵[299393604]:🚪164725👤今年雪山想成为欧洲人🎁64个辣条~
2018-12-06 00:12:59 回回回复喵[299393604]:🚪164725👤心之葬🎁94个辣条~
2018-12-06 00:18:08 语沫晨曦[19688874]:xds
2018-12-06 00:18:10 超绝可爱文豪酱゜[1615204]:当前没有手机低保房间
2018-12-06 00:20:42 M菌大人[11381815]:提督
2018-12-06 00:20:43 超绝可爱文豪酱゜[1615204]:提督房间过多，已改为私信发送
2018-12-06 00:21:36 你好十三年[153012976]:求封面
2018-12-06 00:22:02 星轨诺[44731767]:总督
2018-12-06 00:22:04 超绝可爱文豪酱゜[1615204]:当前有效总督房:无
2018-12-06 00:22:16 星轨诺[44731767]:提督
2018-12-06 00:22:17 超绝可爱文豪酱゜[1615204]:拒绝请求:3分钟内只允许发送1次私信，还剩86秒
2018-12-06 00:23:19 烂掉de花椰菜[179208511]:提督
2018-12-06 00:23:20 超绝可爱文豪酱゜[1615204]:拒绝请求:3分钟内只允许发送1次私信，还剩23秒
2018-12-06 00:24:07 烂掉de花椰菜[179208511]:提督
2018-12-06 00:24:08 超绝可爱文豪酱゜[1615204]:提督房间过多，已改为私信发送
2018-12-06 00:26:42 城南墙角下的皙酒[95749479]:提督
2018-12-06 00:26:43 超绝可爱文豪酱゜[1615204]:拒绝请求:3分钟内只允许发送1次私信，还剩26秒
2018-12-06 00:27:28 星轨诺[44731767]:提督
2018-12-06 00:27:29 超绝可爱文豪酱゜[1615204]:提督房间过多，已改为私信发送
2018-12-06 00:27:53 城南墙角下的皙酒[95749479]:………哭辽
2018-12-06 00:28:45 城南墙角下的皙酒[95749479]:提督
2018-12-06 00:28:46 超绝可爱文豪酱゜[1615204]:拒绝请求:3分钟内只允许发送1次私信，还剩103秒
2018-12-06 00:28:48 铃听[5769504]:勋章查询 emmmmm
2018-12-06 00:28:50 超绝可爱文豪酱゜[1615204]:查询结果:81170→emmmmm，@吃货动物园园长
2018-12-06 00:29:02 起名废丶西井[35744708]:提督 公屏
2018-12-06 00:29:03 超绝可爱文豪酱゜[1615204]:当前有效提督房:433(剩39秒);299(剩2分钟)
2018-12-06 00:29:04 超绝可爱文豪酱゜[1615204]:9950825(剩15分钟);9775918(剩16分钟)
2018-12-06 00:29:06 超绝可爱文豪酱゜[1615204]:686(剩16分钟);526;813364;668
2018-12-06 00:29:07 超绝可爱文豪酱゜[1615204]:14757232;2349746;184;1096163
2018-12-06 00:29:08 超绝可爱文豪酱゜[1615204]:441;14027800;479439;5540554
2018-12-06 00:29:09 超绝可爱文豪酱゜[1615204]:24838
2018-12-06 00:29:19 铃听[5769504]:提督看简介
2018-12-06 00:29:19 起名废丶西井[35744708]:为什么有简介你不看←◡←？
2018-12-06 00:29:34 故言如梦里Y77[149288429]:#中奖查询
2018-12-06 00:29:35 超绝可爱文豪酱゜[1615204]:@故言如梦里Y77 一周内中奖3次，最近一次:5号23点在1
2018-12-06 00:29:37 超绝可爱文豪酱゜[1615204]:918450房间中了银瓜子×33333
2018-12-06 00:30:02 城南墙角下的皙酒[95749479]:因为可以复制
2018-12-06 00:30:20 起名废丶西井[35744708]:复制←◡←？
2018-12-06 00:30:37 博麗云梦[2397891]:简介是直接点链接打开。。。
2018-12-06 00:31:02 城南墙角下的皙酒[95749479]:我是手机啊( ´_ゝ｀)
2018-12-06 00:31:13 起名废丶西井[35744708]:手机也可以点
2018-12-06 00:31:20 博麗云梦[2397891]:我手机不能复制(￢_￢)
2018-12-06 00:32:20 城南墙角下的皙酒[95749479]:可以复制的
2018-12-06 00:32:21 铃听[5769504]:手机直接点简介里的链接
2018-12-06 00:33:30 城南墙角下的皙酒[95749479]:然后会转浏览器，好麻烦(´･_･`)
2018-12-06 00:35:11 博麗云梦[2397891]:我都是记数字的，因为不能复制
2018-12-06 00:39:39 莫名其妙小光头[370819639]:提督
2018-12-06 00:39:40 超绝可爱文豪酱゜[1615204]:提督房间过多，已改为私信发送
2018-12-06 00:39:46 莫名其妙小光头[370819639]:舰长
2018-12-06 00:39:47 超绝可爱文豪酱゜[1615204]:拒绝请求:3分钟内只允许发送1次私信，还剩173秒
2018-12-06 00:41:02 莫名其妙小光头[370819639]:总督
2018-12-06 00:41:03 超绝可爱文豪酱゜[1615204]:当前有效总督房:无
2018-12-06 00:46:55 秋枫泠霖[141280593]:总督
2018-12-06 00:46:56 超绝可爱文豪酱゜[1615204]:拒绝请求:请参照前2条弹幕，查询前请看弹幕池中有无结果
2018-12-06 00:47:06 秋枫泠霖[141280593]:总督
2018-12-06 00:47:07 超绝可爱文豪酱゜[1615204]:拒绝请求:请查找上方已发的查询结果!十分钟内继续查询将封禁
2018-12-06 00:47:57 莫名其妙小光头[370819639]:#勋章 小光头
2018-12-06 00:47:59 超绝可爱文豪酱゜[1615204]:查询结果:283006→小光头，@克林张
2018-12-06 00:55:04 起名废丶西井[35744708]:xds
2018-12-06 00:55:05 超绝可爱文豪酱゜[1615204]:低保房:1325;326
2018-12-06 00:58:35 起名废丶西井[35744708]:错误的请求:无效的时间字符串
2018-12-06 00:59:39 赵志铭的男神[38844088]:提督
2018-12-06 00:59:40 超绝可爱文豪酱゜[1615204]:提督房间过多，已改为私信发送
2018-12-06 01:01:14 赵志铭的男神[38844088]:总督
2018-12-06 01:01:15 超绝可爱文豪酱゜[1615204]:当前有效总督房:无
2018-12-06 01:06:43 228英短喵的姜丝儿[34704231]:#用户信息
2018-12-06 01:06:45 超绝可爱文豪酱゜[1615204]:228英短喵的姜丝儿[34704231](年费老爷) 等级:
2018-12-06 01:06:46 超绝可爱文豪酱゜[1615204]:50 排名:1803
2018-12-06 01:12:27 某胖今天减肥了没[258348622]:提督
2018-12-06 01:12:28 超绝可爱文豪酱゜[1615204]:提督房间过多，已改为私信发送
2018-12-06 01:15:32 起名废丶西井[35744708]:xds
2018-12-06 01:16:58 博麗云梦[2397891]:←_←
2018-12-06 01:22:11 塔塔是欧洲塔Mahoney[34281337]:#中奖查询
2018-12-06 01:22:12 超绝可爱文豪酱゜[1615204]:@塔塔是欧洲塔Mahoney 一周内中奖5次，最近一次:5号
2018-12-06 01:22:14 超绝可爱文豪酱゜[1615204]:22点在1313房间中了银瓜子×23333
2018-12-06 01:22:40 博麗云梦[2397891]:xds all
2018-12-06 01:22:41 超绝可爱文豪酱゜[1615204]:低保房:1950010;5085
2018-12-06 01:25:16 有人喊我小星星Wayne[177205718]:总督
2018-12-06 01:25:17 超绝可爱文豪酱゜[1615204]:当前有效总督房:无
2018-12-06 01:25:24 有人喊我小星星Wayne[177205718]:提督
2018-12-06 01:25:25 超绝可爱文豪酱゜[1615204]:当前有效提督房:14757232(剩12分钟)
2018-12-06 01:25:27 超绝可爱文豪酱゜[1615204]:2349746(剩15分钟);184(剩17分钟)
2018-12-06 01:25:28 超绝可爱文豪酱゜[1615204]:1096163;441;14027800;479439
2018-12-06 01:25:29 超绝可爱文豪酱゜[1615204]:5540554;24838
2018-12-06 01:25:43 起名废丶西井[35744708]:xds
2018-12-06 01:25:44 超绝可爱文豪酱゜[1615204]:低保房:10067513
2018-12-06 01:29:03 起名废丶西井[35744708]:#接入管理 647 弹幕日志记录 启用 所有
2018-12-06 01:29:04 超绝可爱文豪酱゜[1615204]:"弹幕日志记录"插件的分功能“所有”已启用
2018-12-06 01:31:47 有人喊我小星星Wayne[177205718]:舰长
2018-12-06 01:31:49 超绝可爱文豪酱゜[1615204]:舰长房间过多，已改为私信发送
2018-12-06 01:38:37 裤裆里的小妖精[349714247]:音乐识别
2018-12-06 01:38:38 超绝可爱文豪酱゜[1615204]:@裤裆里的小妖精 已开始识别，请稍等
2018-12-06 01:38:41 超绝可爱文豪酱゜[1615204]:识别结果:花鳥諷詠 - makegumi，详细信息已私信
2018-12-06 01:39:36 故城宝贝鸭[316498964]:总督
2018-12-06 01:39:38 超绝可爱文豪酱゜[1615204]:当前有效总督房:无
2018-12-06 01:39:43 故城宝贝鸭[316498964]:提督
2018-12-06 01:39:44 超绝可爱文豪酱゜[1615204]:当前有效提督房:2349746(剩1分钟)
2018-12-06 01:39:45 超绝可爱文豪酱゜[1615204]:184(剩3分钟);1096163(剩15分钟);441
2018-12-06 01:39:47 超绝可爱文豪酱゜[1615204]:14027800;479439;5540554;24838
2018-12-06 01:39:48 超绝可爱文豪酱゜[1615204]:921260
2018-12-06 02:08:51 故城宝贝鸭[316498964]:舰长
2018-12-06 02:08:53 超绝可爱文豪酱゜[1615204]:舰长房间过多，已改为私信发送
2018-12-06 02:18:17 消失了的蘅蘅[298387484]:中奖查询
2018-12-06 02:18:18 超绝可爱文豪酱゜[1615204]:@消失了的蘅蘅 一周内中奖5次，最近一次:5号17点在151
2018-12-06 02:18:20 超绝可爱文豪酱゜[1615204]:26704房间中了银瓜子×33333
2018-12-06 03:02:45 回回回复喵[299393604]:🚪164725👤退站了不招人嫌弃的穹🎁1379个辣条~
2018-12-06 04:48:15 栀子树下的等候[256143256]:勋章查询 安安
2018-12-06 04:48:16 超绝可爱文豪酱゜[1615204]:查询结果:57076→安安，@给你一个安安
2018-12-06 06:38:02 郑几百亿[178757613]:总督
2018-12-06 06:38:03 超绝可爱文豪酱゜[1615204]:当前有效总督房:921260
2018-12-06 06:39:35 Daye-八百锅圆板栗[8170550]:提督
2018-12-06 06:39:36 超绝可爱文豪酱゜[1615204]:当前有效提督房:1363340
2018-12-06 06:45:15 故城宝贝鸭[316498964]:舰长
2018-12-06 06:45:16 超绝可爱文豪酱゜[1615204]:当前有效舰长房:10624278(剩47秒)
2018-12-06 06:51:07 发呆de二喵[27080842]:勋章 3639888
2018-12-06 06:51:08 超绝可爱文豪酱゜[1615204]:查询结果:3639888→☋☊☋☊，@碗酒爱子
2018-12-06 06:52:02 发呆de二喵[27080842]:勋章 娃娃菜
2018-12-06 06:52:04 超绝可爱文豪酱゜[1615204]:查询结果:3635009→娃娃菜，@小白菜是什么味
2018-12-06 07:01:16 曹瑞洋[325440924]:总督
2018-12-06 07:01:17 超绝可爱文豪酱゜[1615204]:拒绝请求:请参照前10条弹幕，查询前请看弹幕池中有无结果
2018-12-06 07:01:37 曹瑞洋[325440924]:提督
2018-12-06 07:01:38 超绝可爱文豪酱゜[1615204]:拒绝请求:请查找上方已发的查询结果!十分钟内继续查询将封禁
2018-12-06 07:03:21 发呆de二喵[27080842]:勋章
2018-12-06 07:03:23 超绝可爱文豪酱゜[1615204]:当前已收录77447个勋章，插件版本:v1.1.0
2018-12-06 07:08:17 发呆de二喵[27080842]:额60级稽气人又改名。。。
2018-12-06 07:08:39 发呆de二喵[27080842]:勋章 ねこ
2018-12-06 07:08:40 超绝可爱文豪酱゜[1615204]:查询结果:60895→ねこ，@超绝可爱文豪酱゜
2018-12-06 08:03:59 每天都说要早睡-[17950578]:总督
2018-12-06 08:04:00 超绝可爱文豪酱゜[1615204]:当前有效总督房:921260
2018-12-06 08:04:07 每天都说要早睡-[17950578]:提督
2018-12-06 08:04:08 超绝可爱文豪酱゜[1615204]:当前有效提督房:无
2018-12-06 08:21:39 秋名咧[104887941]:←◡←机器人又双叒叕改id了......
2018-12-06 08:28:28 HL--------[108392308]:呆
2018-12-06 08:39:32 博麗云梦[2397891]:#用户信息
2018-12-06 08:39:33 超绝可爱文豪酱゜[1615204]:博麗云梦[2397891](年费老爷) 等级:40 排名:1
2018-12-06 08:39:34 超绝可爱文豪酱゜[1615204]:6208
2018-12-06 08:42:14 想给你吃糖糖的清筠[49279889]:小电视 1
2018-12-06 08:42:15 超绝可爱文豪酱゜[1615204]:05号记录到155个摩天大楼;263个嗨翻全城;71个小金人
2018-12-06 08:42:16 超绝可爱文豪酱゜[1615204]:7个任意门;48个小电视飞船;总计544个;漏1个
2018-12-06 08:42:25 想给你吃糖糖的清筠[49279889]:小电视
2018-12-06 08:42:27 超绝可爱文豪酱゜[1615204]:06号记录到8个小电视飞船;25个嗨翻全城;27个摩天大楼
2018-12-06 08:42:28 超绝可爱文豪酱゜[1615204]:8个小金人;总计68个;漏-1个
2018-12-06 08:55:02 F冯秀才[25767252]:总督
2018-12-06 08:55:04 超绝可爱文豪酱゜[1615204]:当前有效总督房:921260
2018-12-06 08:56:19 づO_Oづ[48386500]:基本信息
2018-12-06 08:56:36 づO_Oづ[48386500]:基本信息 个人信息
2018-12-06 08:56:50 づO_Oづ[48386500]:查询
2018-12-06 09:00:58 抽风的YOYO[26707233]:#个人信息
2018-12-06 09:11:46 爪爪才不给你捏OvO[39217712]:小电视 1
2018-12-06 09:11:47 超绝可爱文豪酱゜[1615204]:05号记录到155个摩天大楼;263个嗨翻全城;71个小金人
2018-12-06 09:11:48 超绝可爱文豪酱゜[1615204]:7个任意门;48个小电视飞船;总计544个;漏1个
2018-12-06 09:12:10 爪爪才不给你捏OvO[39217712]:#用户信息
2018-12-06 09:12:11 超绝可爱文豪酱゜[1615204]:爪爪才不给你捏OvO[39217712](白名单) 等级:3
2018-12-06 09:12:12 超绝可爱文豪酱゜[1615204]:8 排名:20725
2018-12-06 09:12:22 爪爪才不给你捏OvO[39217712]:(´･_･`)
2018-12-06 09:12:37 爪爪才不给你捏OvO[39217712]:小电视
2018-12-06 09:12:39 超绝可爱文豪酱゜[1615204]:06号记录到8个小电视飞船;26个嗨翻全城;30个摩天大楼
2018-12-06 09:12:40 超绝可爱文豪酱゜[1615204]:8个小金人;总计72个;漏-1个
2018-12-06 09:14:37 秋名咧[104887941]:←◡←风月，看来我们的赌约你要输了
2018-12-06 09:16:05 查無此脩[243816642]:#勋章查询 可爱辣
2018-12-06 09:16:06 超绝可爱文豪酱゜[1615204]:查询结果:11069024→可爱辣，@辣辣小可爱丶
2018-12-06 09:19:15 博麗云梦[2397891]:xds all
2018-12-06 09:19:16 超绝可爱文豪酱゜[1615204]:当前没有低保房间
2018-12-06 09:21:52 抽风的YOYO[26707233]:更新勋章 妹喜
2018-12-06 09:21:53 超绝可爱文豪酱゜[1615204]:更新失败(无结果)
2018-12-06 09:26:49 博麗云梦[2397891]:啃饼
2018-12-06 09:26:59 博麗云梦[2397891]:喵
2018-12-06 09:27:30 博麗云梦[2397891]:喵喵喵喵喵喵
2018-12-06 09:33:58 爪爪才不给你捏OvO[39217712]:非酋风月一个月没中奖了
2018-12-06 09:34:26 爪爪才不给你捏OvO[39217712]:我不会输啊 我每天经验都挂满了
2018-12-06 09:34:50 爪爪才不给你捏OvO[39217712]:这个月我肯定能到40级
2018-12-06 09:35:09 桂木桂马神卡密[363739959]:_(:3」∠)_
2018-12-06 09:35:37 一身正气五五开[358813997]:慈悲大师⁄(⁄ ⁄•⁄ω⁄•⁄ ⁄)⁄
2018-12-06 09:36:18 秋名咧[104887941]:←◡←即使这个月你也要输，@风月
2018-12-06 09:37:04 未_见[296439452]:←◡←
2018-12-06 09:38:40 秋名咧[104887941]:←◡←不！你输定了，@风月
2018-12-06 09:41:46 寒风战神[2183085]:提督
2018-12-06 09:41:47 超绝可爱文豪酱゜[1615204]:当前有效提督房:无
2018-12-06 09:42:17 寒风战神[2183085]:舰长
2018-12-06 09:42:18 超绝可爱文豪酱゜[1615204]:当前有效舰长房:211;614957;15014847
2018-12-06 09:42:20 超绝可爱文豪酱゜[1615204]:679;1157233;3858142
2018-12-06 09:45:19 爪爪才不给你捏OvO[39217712]:哦？
2018-12-06 09:45:27 爪爪才不给你捏OvO[39217712]:我一天比你多216w经验
2018-12-06 09:45:32 爪爪才不给你捏OvO[39217712]:除非你氪金
2018-12-06 09:46:01 秋名咧[104887941]:(｀・ω・´)不氪，这是我作为白票党的尊严
2018-12-06 09:46:20 秋名咧[104887941]:但！我赢定了！
2018-12-06 09:46:55 桂木桂马神卡密[363739959]:_(:3」∠)_
2018-12-06 09:47:03 爪爪才不给你捏OvO[39217712]:不过其实也就30w辣条
2018-12-06 09:49:33 爪爪才不给你捏OvO[39217712]:你每天2500辣条就差不多了
2018-12-06 09:50:25 秋名咧[104887941]:←◡←风月，不多说了，我们还是继续......看结果吧
2018-12-06 09:51:22 秋名咧[104887941]:如果你不信，事后我阔以给你看消费记录，我真的没氪过一分钱
2018-12-06 09:53:06 一身正气五五开[358813997]:记录咋看来着？
2018-12-06 09:55:43 上帝枖枖[25250946]:中奖查询
2018-12-06 09:55:44 超绝可爱文豪酱゜[1615204]:@上帝枖枖 一周内中奖4次，最近一次:5号21点在10257
2018-12-06 09:55:46 超绝可爱文豪酱゜[1615204]:5房间中了小电视抱枕
2018-12-06 09:57:07 loli控大佐[36996275]:穹妹
2018-12-06 09:57:41 秋名咧[104887941]:←◡←hentai穹不在，找秋名阔以吗
2018-12-06 09:58:07 秋名咧[104887941]:⁄(⁄ ⁄•⁄ω⁄•⁄ ⁄)⁄其实我也不知道咋看，@卢姥爷
2018-12-06 10:00:20 爪爪才不给你捏OvO[39217712]:中了抱枕也没用
2018-12-06 10:00:26 爪爪才不给你捏OvO[39217712]:两个月了都不发货
2018-12-06 10:00:30 爪爪才不给你捏OvO[39217712]:辣鸡破绽
2018-12-06 10:00:35 樱花布丁不补钙[22492768]:噗嗤
2018-12-06 10:00:51 秋名咧[104887941]:(ﾟДﾟ≡ﾟдﾟ)!?有冤情？
2018-12-06 10:00:55 秋名咧[104887941]:布丁网上好
2018-12-06 10:01:02 樱花布丁不补钙[22492768]:秋妈网上好
2018-12-06 10:01:42 秋名咧[104887941]:←◡←我的抱枕昨晚到了
2018-12-06 10:01:57 樱花布丁不补钙[22492768]:羡慕你们
2018-12-06 10:02:04 樱花布丁不补钙[22492768]:我都没有抱枕
2018-12-06 10:02:10 樱花布丁不补钙[22492768]:(´･_･`)
2018-12-06 10:02:19 秋名咧[104887941]:一个多星期了才收到货(´･_･`)
2018-12-06 10:02:41 秋名咧[104887941]:( ´・ω・)ノ(._.`)摸摸布丁
2018-12-06 10:02:56 樱花布丁不补钙[22492768]:(´･_･`)
2018-12-06 10:03:31 秋名咧[104887941]:_(:3」∠)_我所有在哔站中的奖都不是哔站系统中的
2018-12-06 10:04:21 樱花布丁不补钙[22492768]:我也是
2018-12-06 10:04:34 樱花布丁不补钙[22492768]:破站系统的我从来没中过
2018-12-06 10:05:14 秋名咧[104887941]:（￣へ￣）哔站嫌弃我吗白票党，搞得我一直以为自己非
2018-12-06 10:05:30 秋名咧[104887941]:（￣へ￣）哔站嫌弃我们白票党，搞得我一直以为自己非
2018-12-06 10:06:31 良辰美景君须记[11797216]:你们头衔一样的 一整排下来好像一个人在自言自语
2018-12-06 10:07:15 秋名咧[104887941]:←◡←你知道得太多了
2018-12-06 10:09:35 榴莲不管[34199988]:中奖查询
2018-12-06 10:09:55 超绝可爱文豪酱゜[1615204]:@榴莲不管 在7天内没有中奖记录
2018-12-06 10:16:09 文竹刺刺究极忙碌[28473843]:总督
2018-12-06 10:16:10 超绝可爱文豪酱゜[1615204]:当前有效总督房:921260
2018-12-06 10:26:20 赵志铭的男神[38844088]:提督
2018-12-06 10:26:21 女装文豪的小迷妹゜[1615204]:当前有效提督房:523;10778617
2018-12-06 10:34:07 匆匆岁月匆匆过[30653443]:小电视
2018-12-06 10:34:08 女装文豪的小迷妹゜[1615204]:06号记录到9个小电视飞船;30个嗨翻全城;36个摩天大楼
2018-12-06 10:34:10 女装文豪的小迷妹゜[1615204]:10个小金人;总计85个;漏-1个
2018-12-06 10:34:52 沉迷美色的沙砾[300704033]:#勋章查询 小太阳
2018-12-06 10:34:53 女装文豪的小迷妹゜[1615204]:查询结果:4416763→小太阳，@苦逼后期君的日常
2018-12-06 10:37:42 故城宝贝鸭[316498964]:舰长
2018-12-06 10:37:43 女装文豪的小迷妹゜[1615204]:当前有效舰长房:14347962(剩2分钟)
2018-12-06 10:37:45 女装文豪的小迷妹゜[1615204]:12583649;418775;5419517
2018-12-06 10:43:29 我才是蠢新[56291549]:呀 这么耳熟
2018-12-06 10:44:00 我才是蠢新[56291549]:东方的曲子么？
2018-12-06 10:44:46 溪瑋大人最帅[350922206]:总督
2018-12-06 10:44:47 女装文豪的小迷妹゜[1615204]:当前有效总督房:921260
2018-12-06 10:44:47 溪瑋大人最帅[350922206]:梯度
2018-12-06 10:44:52 溪瑋大人最帅[350922206]:提督
2018-12-06 10:44:53 女装文豪的小迷妹゜[1615204]:当前有效提督房:523;10778617
2018-12-06 10:45:14 我才是蠢新[56291549]:果然，，
2018-12-06 10:53:11 银银的糖分[3991713]:#大老爷
2018-12-06 10:55:00 银银的糖分[3991713]:#勋章查询 大老爷
2018-12-06 10:55:02 女装文豪的小迷妹゜[1615204]:查询结果:91817→大老爷，@蝶焱
2018-12-06 10:55:31 银银的糖分[3991713]:#勋章查询 少女七
2018-12-06 10:55:32 女装文豪的小迷妹゜[1615204]:查询失败(无结果)
2018-12-06 10:57:42 匆匆岁月匆匆过[30653443]:#勋章查询 豆丁
2018-12-06 10:57:44 女装文豪的小迷妹゜[1615204]:查询结果:12788→豆丁，@是豆丁不是豆奶
2018-12-06 10:58:09 银银的糖分[3991713]:#勋章查询 七七
2018-12-06 10:58:11 女装文豪的小迷妹゜[1615204]:查询结果:128125→七七，@七酱poi
2018-12-06 10:58:34 银银的糖分[3991713]:#勋章查询 四十九
2018-12-06 10:58:36 女装文豪的小迷妹゜[1615204]:查询结果:9323255→四十九，@七筠云
2018-12-06 10:59:28 银银的糖分[3991713]:#勋章查询 七月七
2018-12-06 10:59:30 女装文豪的小迷妹゜[1615204]:查询失败(无结果)
2018-12-06 11:00:23 银银的糖分[3991713]:#勋章查询 阐释者
2018-12-06 11:00:25 女装文豪的小迷妹゜[1615204]:查询结果:2789865→阐释者，@岚枫刃
2018-12-06 11:08:33 银银的糖分[3991713]:#勋章查询 声声慢
2018-12-06 11:08:35 女装文豪的小迷妹゜[1615204]:查询结果:2833781→声声慢，@酱酱慈
2018-12-06 11:08:45 银银的糖分[3991713]:#勋章查询 寻觅
2018-12-06 11:08:47 沉迷美色的沙砾[300704033]:#勋章查询 七七
2018-12-06 11:08:48 女装文豪的小迷妹゜[1615204]:查询结果:128125→七七，@七酱poi
2018-12-06 11:09:03 银银的糖分[3991713]:我查过了那个
2018-12-06 11:09:16 银银的糖分[3991713]:#勋章查询 寻觅
2018-12-06 11:09:17 女装文豪的小迷妹゜[1615204]:查询失败(无结果)
2018-12-06 11:09:36 沉迷美色的沙砾[300704033]:_(:3」∠)_
2018-12-06 11:10:31 银银的糖分[3991713]:#勋章查询 七爷
2018-12-06 11:10:32 女装文豪的小迷妹゜[1615204]:查询结果:6733696→七爷，@七七七七次郎
2018-12-06 11:10:47 77_七七[1966660]:#勋章查询 阿七七
2018-12-06 11:10:49 女装文豪的小迷妹゜[1615204]:查询失败(无结果)
2018-12-06 11:11:37 77_七七[1966660]:#勋章查询 七七阿
2018-12-06 11:11:38 女装文豪的小迷妹゜[1615204]:查询失败(无结果)
2018-12-06 11:14:24 九夏配三冬[24266927]:总督
2018-12-06 11:14:26 女装文豪的小迷妹゜[1615204]:当前有效总督房:921260
2018-12-06 11:16:05 银银的糖分[3991713]:#勋章查询 七君
2018-12-06 11:16:07 女装文豪的小迷妹゜[1615204]:查询结果:381019→七君，@一个大写的小七
2018-12-06 11:16:28 银银的糖分[3991713]:#勋章查询 七酱
2018-12-06 11:16:29 女装文豪的小迷妹゜[1615204]:查询结果:22538→七酱，@朔音柒
2018-12-06 11:16:44 银银的糖分[3991713]:#勋章查询 七七酱
2018-12-06 11:16:46 女装文豪的小迷妹゜[1615204]:查询失败(无结果)
2018-12-06 11:17:35 银银的糖分[3991713]:#勋章查询 柒柒
2018-12-06 11:17:36 女装文豪的小迷妹゜[1615204]:查询结果:18584→柒柒，@该用户已爆炸
2018-12-06 11:21:21 77_七七[1966660]:#勋章查询 七酱
2018-12-06 11:21:23 女装文豪的小迷妹゜[1615204]:查询结果:22538→七酱，@朔音柒
2018-12-06 11:21:34 77_七七[1966660]:#勋章查询 七七君
2018-12-06 11:21:35 女装文豪的小迷妹゜[1615204]:查询失败(无结果)
2018-12-06 11:24:59 77_七七[1966660]:#勋章查询 7酱
2018-12-06 11:25:00 女装文豪的小迷妹゜[1615204]:查询结果:11168127→7酱，@七亿少男梦想
2018-12-06 11:26:57 银银的糖分[3991713]:#勋章查询 七七的
2018-12-06 11:26:58 女装文豪的小迷妹゜[1615204]:查询失败(无结果)
2018-12-06 11:28:08 奇查里托[4158770]:勋章查询 辣酱
2018-12-06 11:28:09 女装文豪的小迷妹゜[1615204]:查询结果:7185315→辣酱，@tianlajiang甜辣
2018-12-06 11:28:11 女装文豪的小迷妹゜[1615204]:酱
2018-12-06 11:56:06 糕某人18年想中奖[11648306]:中奖查询
2018-12-06 11:56:08 女装文豪的小迷妹゜[1615204]:@糕某人18年想中奖 一周内中奖3次，最近一次:5号2点在2
2018-12-06 11:56:09 女装文豪的小迷妹゜[1615204]:1000827房间中了银瓜子×100000
2018-12-06 12:00:22 发呆de二喵[27080842]:勋章 红枣
2018-12-06 12:00:23 女装文豪的小迷妹゜[1615204]:查询结果:3656726→红枣，@Lct火红枣
2018-12-06 12:04:49 发呆de二喵[27080842]:改名狂稽气人
2018-12-06 12:05:01 发呆de二喵[27080842]:勋章 ねこ
2018-12-06 12:05:02 女装文豪的小迷妹゜[1615204]:查询结果:60895→ねこ，@女装文豪的小迷妹゜
2018-12-06 12:05:07 一身正气五五开[358813997]:有硬币任性
2018-12-06 12:06:55 影子喂忽悠牛奶泡生姜[167473304]:总督
2018-12-06 12:06:56 女装文豪的小迷妹゜[1615204]:当前有效总督房:921260
2018-12-06 12:07:26 影子喂忽悠牛奶泡生姜[167473304]:提督
2018-12-06 12:07:27 女装文豪的小迷妹゜[1615204]:当前有效提督房:10778617(剩18分钟);605
2018-12-06 12:08:56 狼人_人狼_狼妖_狼兽人[1877572]:勋章 kkz
2018-12-06 12:08:58 女装文豪的小迷妹゜[1615204]:查询失败(无结果)
2018-12-06 12:09:11 狼人_人狼_狼妖_狼兽人[1877572]:勋章 KKZ
2018-12-06 12:09:13 女装文豪的小迷妹゜[1615204]:查询失败(无结果)
2018-12-06 12:09:20 狼人_人狼_狼妖_狼兽人[1877572]:╮(￣▽￣)╭
2018-12-06 12:09:36 发呆de二喵[27080842]:今天10:17:16改名
2018-12-06 12:13:29 消失了的蘅蘅[298387484]:中奖查询
2018-12-06 12:13:31 女装文豪的小迷妹゜[1615204]:@消失了的蘅蘅 一周内中奖5次，最近一次:5号17点在151
2018-12-06 12:13:32 女装文豪的小迷妹゜[1615204]:26704房间中了银瓜子×33333
2018-12-06 12:13:53 凌渡宇lx[14077909]:中奖查询
2018-12-06 12:13:54 女装文豪的小迷妹゜[1615204]:@凌渡宇lx 在7天内没有中奖记录
2018-12-06 12:15:27 迷妹贺中文八级一周年[352012409]:中奖查询
2018-12-06 12:15:29 女装文豪的小迷妹゜[1615204]:@迷妹贺中文八级一周年 在7天内没有中奖记录
2018-12-06 12:34:38 银银的糖分[3991713]:#勋章查询 七七的
2018-12-06 12:34:40 女装文豪的小迷妹゜[1615204]:查询失败(无结果)
2018-12-06 12:39:05 苹果味的酸奶布丁[50227920]:总督
2018-12-06 12:39:07 女装文豪的小迷妹゜[1615204]:当前有效总督房:921260
2018-12-06 12:50:31 深山潭水飘繁华[100011665]:提督
2018-12-06 12:50:32 女装文豪的小迷妹゜[1615204]:当前有效提督房:605;656;575
2018-12-06 12:59:11 团・砸[8878193]:#中奖查询
2018-12-06 12:59:13 女装文豪的小迷妹゜[1615204]:@团・砸 一周内中奖2次，最近一次:5号1点在8682672
2018-12-06 12:59:14 女装文豪的小迷妹゜[1615204]:房间中了银瓜子×100000
2018-12-06 13:25:20 赵志铭的男神[38844088]:提督
2018-12-06 13:25:21 女装文豪的小迷妹゜[1615204]:拒绝请求:请参照前5条弹幕，查询前请看弹幕池中有无结果
2018-12-06 13:41:42 jiayixiaojia[2882311]:xds all
2018-12-06 13:41:44 女装文豪的小迷妹゜[1615204]:低保房:11033366;462
2018-12-06 13:45:38 已退直播区的葳蕤[95284802]:#用户信息
2018-12-06 13:45:39 女装文豪的小迷妹゜[1615204]:已退直播区的葳蕤[95284802](年费老爷) 等级:35
2018-12-06 13:45:40 女装文豪的小迷妹゜[1615204]:排名:34807
2018-12-06 13:55:27 倾祈所有恋祈一生[7533988]:#中奖查询
2018-12-06 13:55:28 女装文豪的小迷妹゜[1615204]:@倾祈所有恋祈一生 一周内中奖3次，最近一次:5号4点在66
2018-12-06 13:55:30 女装文豪的小迷妹゜[1615204]:68966房间中了银瓜子×33333
2018-12-06 13:56:47 酥小暖[322938115]:＃中奖查询
2018-12-06 13:57:24 酥小暖[322938115]:提督
2018-12-06 13:57:25 女装文豪的小迷妹゜[1615204]:当前有效提督房:656(剩18分钟);575;9816666
2018-12-06 14:00:30 酥小暖[322938115]:#中奖查询
2018-12-06 14:00:32 女装文豪的小迷妹゜[1615204]:@酥小暖 一周内中奖1次，最近一次:1号20点在138621
2018-12-06 14:00:33 女装文豪的小迷妹゜[1615204]:31房间中了银瓜子×23333
2018-12-06 14:00:56 酥小暖[322938115]:总督
2018-12-06 14:00:58 女装文豪的小迷妹゜[1615204]:当前有效总督房:921260
2018-12-06 14:22:52 jiayixiaojia[2882311]:xds all
2018-12-06 14:22:53 女装文豪的小迷妹゜[1615204]:低保房:33313
2018-12-06 14:28:20 清时宫洺[63877089]:中奖查询
2018-12-06 14:28:54 非洲户籍[3360332]:4645623 20倍
2018-12-06 14:37:28 OldpassengerS[26508120]:有歌单吗
2018-12-06 14:37:33 OldpassengerS[26508120]:想下载啊
2018-12-06 14:46:20 起名废丶西井[35744708]:有，你看机器人动态，在靠后的位置
2018-12-06 15:02:27 非洲户籍[3360332]:总督
2018-12-06 15:02:28 女装文豪的小迷妹゜[1615204]:拒绝请求:请参照前9条弹幕，查询前请看弹幕池中有无结果
2018-12-06 15:18:39 酴醾酿[180247922]:勋章查询 情色
2018-12-06 15:18:41 女装文豪的小迷妹゜[1615204]:查询结果:283887→情色，@憧憬__
2018-12-06 15:34:16 幸福的小泰泰[20181140]:总督
2018-12-06 15:34:17 穷胸极恶狗喵凉er゜[1615204]:当前有效总督房:921260;4645623
2018-12-06 15:34:35 幸福的小泰泰[20181140]:提督
2018-12-06 15:34:36 穷胸极恶狗喵凉er゜[1615204]:当前有效提督房:282640
2018-12-06 16:04:21 桔生丶[279075852]:舰长
2018-12-06 16:04:23 穷胸极恶狗喵凉er゜[1615204]:舰长房间过多，已改为私信发送
2018-12-06 16:06:43 笙哥并没有欧气灬[121866931]:总督
2018-12-06 16:06:44 穷胸极恶狗喵凉er゜[1615204]:拒绝请求:请参照前6条弹幕，查询前请看弹幕池中有无结果
2018-12-06 16:13:47 228英短喵的姜丝儿[34704231]:#用户信息
2018-12-06 16:13:48 穷胸极恶狗喵凉er゜[1615204]:228英短喵的姜丝儿[34704231](年费老爷) 等级:
2018-12-06 16:13:50 穷胸极恶狗喵凉er゜[1615204]:50 排名:1799
2018-12-06 16:13:55 卡卡西在静音黑听[69859795]:小电视
2018-12-06 16:13:57 穷胸极恶狗喵凉er゜[1615204]:06号记录到13个小电视飞船;57个嗨翻全城;49个摩天大楼
2018-12-06 16:13:58 穷胸极恶狗喵凉er゜[1615204]:14个小金人;1个任意门;总计134个;漏-1个
2018-12-06 16:17:25 累鸟困鸟喝东鹏特饮[19802010]:总督
2018-12-06 16:17:26 穷胸极恶狗喵凉er゜[1615204]:当前有效总督房:921260;4645623
2018-12-06 16:17:32 累鸟困鸟喝东鹏特饮[19802010]:提督
2018-12-06 16:17:33 穷胸极恶狗喵凉er゜[1615204]:当前有效提督房:282640(剩5分钟)
2018-12-06 16:17:38 累鸟困鸟喝东鹏特饮[19802010]:舰长
2018-12-06 16:17:40 穷胸极恶狗喵凉er゜[1615204]:舰长房间过多，已改为私信发送
2018-12-06 16:28:19 每天都说要早睡-[17950578]:提督
2018-12-06 16:28:21 穷胸极恶狗喵凉er゜[1615204]:拒绝请求:请参照前4条弹幕，查询前请看弹幕池中有无结果
2018-12-06 16:28:28 每天都说要早睡-[17950578]:23333
2018-12-06 16:28:36 每天都说要早睡-[17950578]:舰长
2018-12-06 16:28:38 穷胸极恶狗喵凉er゜[1615204]:当前有效舰长房:9600322;13036436
2018-12-06 16:28:39 穷胸极恶狗喵凉er゜[1615204]:3761937;5607874;402142;1297554
2018-12-06 16:28:40 穷胸极恶狗喵凉er゜[1615204]:8834225;727;4306838
2018-12-06 16:42:02 文竹刺刺究极忙碌[28473843]:总督
2018-12-06 16:42:03 穷胸极恶狗喵凉er゜[1615204]:当前有效总督房:921260;4645623
2018-12-06 16:50:38 小了个埋_[29333542]:勋章查询 屁了屁
2018-12-06 16:50:40 穷胸极恶狗喵凉er゜[1615204]:查询结果:3011148→屁了屁，@屁x2
2018-12-06 16:52:09 匆匆岁月匆匆过[30653443]:小电视
2018-12-06 16:52:11 穷胸极恶狗喵凉er゜[1615204]:06号记录到15个小电视飞船;63个嗨翻全城;52个摩天大楼
2018-12-06 16:52:12 穷胸极恶狗喵凉er゜[1615204]:17个小金人;1个任意门;总计148个;漏-1个
2018-12-06 17:07:02 梁家二笑[118429374]:#确认进群 1365543696
2018-12-06 17:07:03 穷胸极恶狗喵凉er゜[1615204]:已提交到机器人进行处理
2018-12-06 17:07:17 双紫星misky[4536106]:提督
2018-12-06 17:07:18 穷胸极恶狗喵凉er゜[1615204]:当前有效提督房:13977113
2018-12-06 17:16:51 梁家二笑[118429374]:#确认进群 1365543696
2018-12-06 17:16:52 穷胸极恶狗喵凉er゜[1615204]:已提交到机器人进行处理
2018-12-06 17:25:12 十五想吃八八猪大肠[220747466]:#确认进群 1317671620
2018-12-06 17:25:13 穷胸极恶狗喵凉er゜[1615204]:已提交到机器人进行处理
2018-12-06 17:34:02 弯仔码头总头目ㅇㅅㅇ[20834588]:舰长
2018-12-06 17:34:04 穷胸极恶狗喵凉er゜[1615204]:舰长房间过多，已改为私信发送
2018-12-06 17:42:59 Akalis丶KaeLiers[28213450]:#确认进群 1826699063
2018-12-06 17:43:00 穷胸极恶狗喵凉er゜[1615204]:已提交到机器人进行处理
2018-12-06 18:04:25 离杀杀杀杀[77958977]:提督
2018-12-06 18:04:26 穷胸极恶狗喵凉er゜[1615204]:拒绝请求:请参照前10条弹幕，查询前请看弹幕池中有无结果
2018-12-06 18:07:39 落长忧[266652810]:提督
2018-12-06 18:07:41 穷胸极恶狗喵凉er゜[1615204]:当前有效提督房:13977113;1170236
2018-12-06 18:11:21 想给你吃糖糖的清筠[49279889]:(〜￣△￣)〜～(￣▽￣～)
2018-12-06 18:15:32 六无先生[41416125]:舰队是不是炸了？
2018-12-06 18:23:40 囡囡倒车老司机[3232184]:简介时间不对了
2018-12-06 18:26:31 非洲户籍[3360332]:炸了
2018-12-06 18:35:06 六无先生[41416125]:好了
2018-12-06 18:35:30 メイドちゃん[20665114]:xds
2018-12-06 18:35:31 穷胸极恶狗喵凉er゜[1615204]:当前没有手机低保房间
2018-12-06 18:38:25 非洲户籍[3360332]:行吧，又炸了
2018-12-06 18:41:09 故城宝贝鸭[316498964]:舰长
2018-12-06 18:41:10 穷胸极恶狗喵凉er゜[1615204]:舰长房间过多，已改为私信发送
2018-12-06 18:47:41 故城宝贝鸭[316498964]:总督
2018-12-06 18:47:42 穷胸极恶狗喵凉er゜[1615204]:当前有效总督房:921260;4645623
2018-12-06 18:48:03 故城宝贝鸭[316498964]:提督
2018-12-06 18:48:05 穷胸极恶狗喵凉er゜[1615204]:当前有效提督房:1170236;7084810;903562
2018-12-06 18:48:06 穷胸极恶狗喵凉er゜[1615204]:11163111;805266
2018-12-06 19:05:42 我可能饱了[14370583]:xds
2018-12-06 19:05:43 穷胸极恶狗喵凉er゜[1615204]:当前没有手机低保房间
2018-12-06 19:10:00 囧神怪咖[39566983]:xds
2018-12-06 19:10:01 穷胸极恶狗喵凉er゜[1615204]:当前没有手机低保房间
2018-12-06 19:11:08 路过了繁华[67982232]:舰长
2018-12-06 19:11:10 穷胸极恶狗喵凉er゜[1615204]:舰长房间过多，已改为私信发送
2018-12-06 19:12:11 居居少女二十一[386432140]:舰长
2018-12-06 19:12:12 穷胸极恶狗喵凉er゜[1615204]:拒绝请求:3分钟内只允许发送1次私信，还剩118秒
2018-12-06 19:14:29 六无先生[41416125]:舰队有点不稳定
2018-12-06 19:15:31 居居少女二十一[386432140]:舰长
2018-12-06 19:15:32 穷胸极恶狗喵凉er゜[1615204]:舰长房间过多，已改为私信发送
2018-12-06 19:16:37 WB狂人[33805722]:总督
2018-12-06 19:16:39 穷胸极恶狗喵凉er゜[1615204]:当前有效总督房:921260;4645623
2018-12-06 19:16:57 匆匆岁月匆匆过[30653443]:舰长
2018-12-06 19:16:58 穷胸极恶狗喵凉er゜[1615204]:拒绝请求:3分钟内只允许发送1次私信，还剩94秒
2018-12-06 19:19:06 库洛彩[21859835]:舰长
2018-12-06 19:19:07 穷胸极恶狗喵凉er゜[1615204]:舰长房间过多，已改为私信发送
2018-12-06 19:19:27 匆匆岁月匆匆过[30653443]:舰长
2018-12-06 19:19:28 穷胸极恶狗喵凉er゜[1615204]:拒绝请求:3分钟内只允许发送1次私信，还剩159秒
2018-12-06 19:19:32 爪爪才不给你捏OvO[39217712]:小电视
2018-12-06 19:19:34 穷胸极恶狗喵凉er゜[1615204]:06号记录到25个小电视飞船;83个嗨翻全城;69个摩天大楼
2018-12-06 19:19:35 穷胸极恶狗喵凉er゜[1615204]:19个小金人;2个任意门;总计198个;漏2个
2018-12-06 19:19:35 城南墙角下的皙酒[95749479]:提督
2018-12-06 19:19:37 穷胸极恶狗喵凉er゜[1615204]:当前有效提督房:1170236(剩3分钟);7084810
2018-12-06 19:19:38 穷胸极恶狗喵凉er゜[1615204]:903562;11163111;805266
2018-12-06 19:19:39 穷胸极恶狗喵凉er゜[1615204]:12780442
2018-12-06 19:21:53 jiayixiaojia[2882311]:xds all
2018-12-06 19:21:55 穷胸极恶狗喵凉er゜[1615204]:低保房:439;11415406;187;473
2018-12-06 19:22:16 匆匆岁月匆匆过[30653443]:舰长
2018-12-06 19:22:18 穷胸极恶狗喵凉er゜[1615204]:舰长房间过多，已改为私信发送
2018-12-06 19:27:40 闲云野鹤归孤山[24487665]:舰长
2018-12-06 19:27:43 穷胸极恶狗喵凉er゜[1615204]:舰长房间过多，已改为私信发送
2018-12-06 19:27:51 百撕不得萌Two[9296241]:舰长
2018-12-06 19:27:53 穷胸极恶狗喵凉er゜[1615204]:查询失败(发送弹幕过于频繁)
2018-12-06 19:28:05 百撕不得萌Two[9296241]:( ´_ゝ｀)
2018-12-06 19:28:33 影子喂忽悠牛奶泡生姜[167473304]:总督
2018-12-06 19:28:34 穷胸极恶狗喵凉er゜[1615204]:当前有效总督房:921260;4645623
2018-12-06 19:29:26 影子喂忽悠牛奶泡生姜[167473304]:提督
2018-12-06 19:29:27 穷胸极恶狗喵凉er゜[1615204]:当前有效提督房:7084810;903562
2018-12-06 19:29:28 穷胸极恶狗喵凉er゜[1615204]:11163111;805266;12780442
2018-12-06 19:33:29 影子喂忽悠牛奶泡生姜[167473304]:舰长
2018-12-06 19:33:30 穷胸极恶狗喵凉er゜[1615204]:拒绝请求:私信已被B站禁用，请查看简介，还剩54分钟
2018-12-06 19:33:55 库洛彩[21859835]:(´･_･`)
2018-12-06 19:51:51 匆匆岁月匆匆过[30653443]:简介炸了一个小时了
2018-12-06 19:52:09 匆匆岁月匆匆过[30653443]:舰长
2018-12-06 19:52:11 穷胸极恶狗喵凉er゜[1615204]:拒绝请求:私信已被B站禁用，请查看简介，还剩35分钟
2018-12-06 19:52:19 起名废丶西井[35744708]:我debug一下
2018-12-06 19:53:37 起名废丶西井[35744708]:还有10分钟出狱
2018-12-06 19:54:09 秋名咧[104887941]:←◡←出浴！？
2018-12-06 19:54:31 匆匆岁月匆匆过[30653443]:Σ(ﾟдﾟ;)
2018-12-06 19:54:35 稽稽稽气人[8455326]:Cookie有效性测试
2018-12-06 19:54:49 起名废丶西井[35744708]:应该是model的
2018-12-06 19:54:51 起名废丶西井[35744708]:问题
2018-12-06 19:58:38 起名废丶西井[35744708]:因为有效期时间，导致简介被吃了
2018-12-06 19:59:12 发呆de二喵[27080842]:额。。。60级稽气人名字。。。
2018-12-06 19:59:21 发呆de二喵[27080842]:勋章 ねこ
2018-12-06 19:59:22 穷胸极恶狗喵凉er゜[1615204]:查询结果:60895→ねこ，@穷胸极恶狗喵凉er゜
2018-12-06 20:02:05 起名废丶西井[35744708]:xdsw
2018-12-06 20:02:06 起名废丶西井[35744708]:xds
2018-12-06 20:02:08 穷胸极恶狗喵凉er゜[1615204]:低保房:1613929;5471241
2018-12-06 20:02:49 起名废丶西井[35744708]:xds
2018-12-06 20:02:51 穷胸极恶狗喵凉er゜[1615204]:低保房:5471241
2018-12-06 20:03:21 起名废丶西井[35744708]:xds
2018-12-06 20:03:22 穷胸极恶狗喵凉er゜[1615204]:当前没有低保房间
2018-12-06 20:04:14 起名废丶西井[35744708]:#接入管理 647 弹幕日志记录 启用 所有
2018-12-06 20:04:15 穷胸极恶狗喵凉er゜[1615204]:"弹幕日志记录"插件的分功能“所有”已启用
2018-12-06 20:04:27 起名废丶西井[35744708]:应该解决了
2018-12-06 20:05:01 考试全都不挂科[7217833]:647不是已经永封了么
2018-12-06 20:05:17 秋名咧[104887941]:我试试
2018-12-06 20:05:19 Stobin[11394441]:网页版还是能进去的
2018-12-06 20:05:40 起名废丶西井[35744708]:弹幕客户端的连接和发送弹幕是不受影响的
2018-12-06 20:05:40 非洲户籍[3360332]:手机H5可以
2018-12-06 20:05:54 起名废丶西井[35744708]:无论是否封禁
2018-12-06 20:06:17 Stobin[11394441]:拿手机浏览器登录网页版，就是在com和房间号之间加个h5
2018-12-06 20:06:27 Stobin[11394441]:各位晚上好呀
2018-12-06 20:06:38 秋名咧[104887941]:西井，时间好像还是有问题
2018-12-06 20:06:41 考试全都不挂科[7217833]:我看知乎上的说法，已经捅到团中央那里去了
2018-12-06 20:06:58 起名废丶西井[35744708]:(｀・ω・´)晚好
2018-12-06 20:07:26 起名废丶西井[35744708]:时间好像没有什么问题
2018-12-06 20:08:06 起名废丶西井[35744708]:PC端的聊天框的行距好像大了那么一些的样子
2018-12-06 20:08:13 秋名咧[104887941]:哦，我看错了，辛苦了，西井
2018-12-06 20:08:54 Stobin[11394441]:是的诶
2018-12-06 20:09:08 Stobin[11394441]:现在高能抽奖之后的宝箱变台历了
2018-12-06 20:09:42 起名废丶西井[35744708]:最近两天的实物抽奖不少
2018-12-06 20:10:06 Stobin[11394441]:(´･_･`)
2018-12-06 20:10:13 秋名咧[104887941]:西井，好像数字“4”的问题不见了耶
2018-12-06 20:10:21 考试全都不挂科[7217833]:有实物?哪里哪里哪里
2018-12-06 20:10:21 非洲户籍[3360332]:但是...简介好像又不更新了
2018-12-06 20:10:26 起名废丶西井[35744708]:因为我把源码格式改了
2018-12-06 20:10:51 起名废丶西井[35744708]:(´･_･`)我发先我把Timer的启用注释掉了
2018-12-06 20:11:08 秋名咧[104887941]:辛苦了西井，阿拉噶多
2018-12-06 20:11:16 秋名咧[104887941]:阿里嘎多
2018-12-06 20:11:29 起名废丶西井[35744708]:诶不对，没有注释啊。。
2018-12-06 20:11:59 每天都说要早睡-[17950578]:总督
2018-12-06 20:12:00 穷胸极恶狗喵凉er゜[1615204]:当前有效总督房:921260;4645623
2018-12-06 20:12:03 每天都说要早睡-[17950578]:提督
2018-12-06 20:12:03 起名废丶西井[35744708]:( ´_ゝ｀)又吃屏蔽了
2018-12-06 20:12:05 穷胸极恶狗喵凉er゜[1615204]:当前有效提督房:903562(剩6分钟)
2018-12-06 20:12:06 穷胸极恶狗喵凉er゜[1615204]:903562(剩7分钟);11163111(剩14分钟)
2018-12-06 20:12:08 穷胸极恶狗喵凉er゜[1615204]:805266;12780442;278762;350350
2018-12-06 20:12:09 穷胸极恶狗喵凉er゜[1615204]:10943409;412
2018-12-06 20:12:43 考试全都不挂科[7217833]:对了大神，我是前天那个不会下载历史弹幕的，您后来找到方法了吗
2018-12-06 20:13:15 起名废丶西井[35744708]:_(:3」∠)_看了眼电脑端的弹幕列表获取，是加密的
2018-12-06 20:13:42 考试全都不挂科[7217833]:破绽把comment网址的rolldate改掉了，我再也不能
2018-12-06 20:13:51 考试全都不挂科[7217833]:找到历史弹幕了
2018-12-06 20:14:23 起名废丶西井[35744708]:_(:3」∠)_这个周末我要赶紧找人给简介挂到Azure上边
2018-12-06 20:16:50 REN_A[32980353]:舰长
2018-12-06 20:16:51 穷胸极恶狗喵凉er゜[1615204]:舰长房间过多，已改为私信发送
2018-12-06 20:17:30 百撕不得萌Two[9296241]:舰长
2018-12-06 20:17:31 穷胸极恶狗喵凉er゜[1615204]:拒绝请求:3分钟内只允许发送1次私信，还剩140秒
2018-12-06 20:18:09 秋名咧[104887941]:←◡←也就是说简介要炸到周末？
2018-12-06 20:18:34 起名废丶西井[35744708]:大概吧，然后我会把简介做成独立的网页，已表格形式列出
2018-12-06 20:19:41 秋名咧[104887941]:←◡←嗯，辛苦了西井，笔芯
2018-12-06 20:20:03 起名废丶西井[35744708]:到时候这里的简介就会有个超链直接链出去了
2018-12-06 20:22:23 布可思忆什么都期待[14716836]:提督
2018-12-06 20:22:24 穷胸极恶狗喵凉er゜[1615204]:当前有效提督房:11163111(剩3分钟)
2018-12-06 20:22:25 穷胸极恶狗喵凉er゜[1615204]:805266(剩10分钟);12780442;278762
2018-12-06 20:22:27 穷胸极恶狗喵凉er゜[1615204]:350350;10943409;412
2018-12-06 20:22:58 庖丁烧[29397517]:舰长
2018-12-06 20:22:59 穷胸极恶狗喵凉er゜[1615204]:舰长房间过多，已改为私信发送
2018-12-06 20:23:57 这块杏仁饼有柚OvO[280574663]:(´･_･`)
2018-12-06 20:24:06 布可思忆什么都期待[14716836]:总督
2018-12-06 20:24:07 穷胸极恶狗喵凉er゜[1615204]:当前有效总督房:921260;4645623
2018-12-06 20:28:26 庖丁烧[29397517]:舰长
2018-12-06 20:28:27 穷胸极恶狗喵凉er゜[1615204]:舰长房间过多，已改为私信发送
2018-12-06 20:28:42 子非熊安之熊之笨[12277936]:舰长
2018-12-06 20:28:43 穷胸极恶狗喵凉er゜[1615204]:拒绝请求:3分钟内只允许发送1次私信，还剩164秒
2018-12-06 20:29:19 匆匆岁月匆匆过[30653443]:简介又好了
2018-12-06 20:30:45 忽悠家境贫寒的女儿[138992227]:#确认进群 3228874216
2018-12-06 20:30:47 穷胸极恶狗喵凉er゜[1615204]:已提交到机器人进行处理
2018-12-06 20:31:46 Stobin[11394441]:Σ( ￣□￣||)，很危险的感觉啊
2018-12-06 20:33:25 汐澜丶[3061595]:#确认进群 1170787703
2018-12-06 20:33:26 穷胸极恶狗喵凉er゜[1615204]:已提交到机器人进行处理
2018-12-06 20:34:50 匆匆岁月匆匆过[30653443]:小电视
2018-12-06 20:34:52 穷胸极恶狗喵凉er゜[1615204]:06号记录到29个小电视飞船;117个嗨翻全城
2018-12-06 20:34:53 穷胸极恶狗喵凉er゜[1615204]:78个摩天大楼;27个小金人;2个任意门;总计253个
2018-12-06 20:34:54 穷胸极恶狗喵凉er゜[1615204]:漏2个
2018-12-06 20:35:20 起名废丶西井[35744708]:_(:3」∠)_啥危险啊
2018-12-06 20:35:23 发呆de二喵[27080842]:勋章 二乙酰
2018-12-06 20:35:24 穷胸极恶狗喵凉er゜[1615204]:查询结果:3656615→二乙酰，@二乙酰morphine
2018-12-06 20:35:42 起名废丶西井[35744708]:@汐澜丶 没有看到你的入群请求
2018-12-06 20:36:44 发呆de二喵[27080842]:勋章 钵钵鸡
2018-12-06 20:36:45 穷胸极恶狗喵凉er゜[1615204]:查询结果:3663544→钵钵鸡，@果咩只会努力
2018-12-06 20:37:12 メイドちゃん[20665114]:昨天的怎么看
2018-12-06 20:37:27 匆匆岁月匆匆过[30653443]:小电视 1
2018-12-06 20:37:28 穷胸极恶狗喵凉er゜[1615204]:拒绝请求:公共冷却剩余3分钟
2018-12-06 20:37:46 メイドちゃん[20665114]:难受
2018-12-06 20:37:52 发呆de二喵[27080842]:小电视 1
2018-12-06 20:37:53 穷胸极恶狗喵凉er゜[1615204]:05号记录到155个摩天大楼;263个嗨翻全城;71个小金人
2018-12-06 20:37:55 穷胸极恶狗喵凉er゜[1615204]:7个任意门;48个小电视飞船;总计544个;漏1个
2018-12-06 20:38:09 发呆de二喵[27080842]:勋章
2018-12-06 20:38:11 穷胸极恶狗喵凉er゜[1615204]:当前已收录77557个勋章，插件版本:v1.1.0
2018-12-06 20:38:48 发呆de二喵[27080842]:勋章 赤
2018-12-06 20:38:49 穷胸极恶狗喵凉er゜[1615204]:查询结果:3665803→赤，@赤诚无私
2018-12-06 20:40:16 落长忧[266652810]:提督
2018-12-06 20:40:17 穷胸极恶狗喵凉er゜[1615204]:当前有效提督房:12780442(剩18分钟);278762
2018-12-06 20:40:18 穷胸极恶狗喵凉er゜[1615204]:350350;10943409;412;10577
2018-12-06 20:40:34 落长忧[266652810]:舰长
2018-12-06 20:40:35 穷胸极恶狗喵凉er゜[1615204]:舰长房间过多，已改为私信发送
2018-12-06 20:42:05 一身正气五五开[358813997]:又改版了？
2018-12-06 20:44:15 匆匆岁月匆匆过[30653443]:啥改版
2018-12-06 20:44:37 发呆de二喵[27080842]:额。。。
2018-12-06 20:54:57 笙哥并没有欧气灬[121866931]:总督
2018-12-06 20:54:59 穷胸极恶狗喵凉er゜[1615204]:当前有效总督房:921260;4645623
2018-12-06 20:55:39 笙哥并没有欧气灬[121866931]:提督
2018-12-06 20:55:41 穷胸极恶狗喵凉er゜[1615204]:拒绝请求:请参照前9条弹幕，查询前请看弹幕池中有无结果
2018-12-06 20:56:13 笙哥并没有欧气灬[121866931]:舰长
2018-12-06 20:56:14 穷胸极恶狗喵凉er゜[1615204]:舰长房间过多，已改为私信发送
2018-12-06 20:56:23 笙哥并没有欧气灬[121866931]:提督
2018-12-06 20:56:25 穷胸极恶狗喵凉er゜[1615204]:当前有效提督房:12780442(剩2分钟);278762
2018-12-06 20:56:26 穷胸极恶狗喵凉er゜[1615204]:350350;10943409;412;10577
2018-12-06 20:56:27 穷胸极恶狗喵凉er゜[1615204]:4641942;525
2018-12-06 21:01:41 匆匆岁月匆匆过[30653443]:(⊙o⊙)
2018-12-06 21:02:41 匆匆岁月匆匆过[30653443]:大佬中了绘马一等奖
2018-12-06 21:03:02 起名废丶西井[35744708]:(｀・ω・´)！！
2018-12-06 21:03:13 起名废丶西井[35744708]:现在房管可以设置100个了，我得改一下插件了
2018-12-06 21:03:32 博麗云梦[2397891]:一百个。。。
2018-12-06 21:03:44 匆匆岁月匆匆过[30653443]:......
2018-12-06 21:04:08 Stobin[11394441]:唔，改的真及时啊，可惜直播间已经没了
2018-12-06 21:04:10 秋名咧[104887941]:←◡←你们看看自己的直播间就知道了，是100个
2018-12-06 21:04:39 Stobin[11394441]:昨天的大型BUG现场原来是为了测试这个功能啊
2018-12-06 21:05:11 Stobin[11394441]:也方便以后主播们给周榜第一什么的房管了，真是一举多得啊
2018-12-06 21:05:24 一身正气五五开[358813997]:_(:3」∠)_
2018-12-06 21:06:07 博麗云梦[2397891]:前五十的都给一个房管←_←
2018-12-06 21:06:15 一身正气五五开[358813997]:一周一个房管。。。光房管够2年的
2018-12-06 21:06:27 Stobin[11394441]:←◡←
2018-12-06 21:06:56 起名废丶西井[35744708]:_(:3」∠)_搞鬼哦，这个登录接口下线了
2018-12-06 21:07:04 Stobin[11394441]:某个直播间的前几名的一般都是dalao轮流坐吧
2018-12-06 21:07:17 一身正气五五开[358813997]:瞎说什么大实话
2018-12-06 21:07:36 一身正气五五开[358813997]:只要混起来的主播前几名都是那几个
2018-12-06 21:08:22 Stobin[11394441]:一眼望去满满的房管 已经出现了
2018-12-06 21:08:30 一身正气五五开[358813997]:现在上船给舰长主播不慌了
2018-12-06 21:08:35 秋名咧[104887941]:←◡←从此主播阔以放心地拿“房管”名额来引氪了
2018-12-06 21:09:17 Stobin[11394441]:大部分的主播的粉丝牌子15级以上发一遍估计还有多
2018-12-06 21:09:23 匆匆岁月匆匆过[30653443]:(･∀･)
2018-12-06 21:10:00 一身正气五五开[358813997]:(〜￣△￣)〜18级牌子给就够了
2018-12-06 21:10:14 一身正气五五开[358813997]:剩下的还要给提督总督留着呢
2018-12-06 21:10:32 博麗云梦[2397891]:18太高了，应该是金牌就给←_←
2018-12-06 21:11:14 起名废丶西井[35744708]:看看宅急送队长怎么说了
2018-12-06 21:14:08 桂木桂马神卡密[363739959]:小主播估计会说上牌子送房管(°∀°)ﾉ
2018-12-06 21:15:56 CPURS[8985021]:什么意思？是房管不限量了？
2018-12-06 21:16:04 ゚゚゚泽[29969484]:有些粉丝都没100的呢
2018-12-06 21:16:04 百撕不得萌Two[9296241]:上牌子要求太低了吧
2018-12-06 21:16:07 葉重_hiero[4973971]:小主播连拿牌子的人都不到100个 哭辽
2018-12-06 21:16:12 严严在凑字数[295158753]:总督
2018-12-06 21:16:13 穷胸极恶狗喵凉er゜[1615204]:当前有效总督房:921260;4645623
2018-12-06 21:16:26 百撕不得萌Two[9296241]:额
2018-12-06 21:16:55 Stobin[11394441]:新功能上线，每个房间可以设置100名房管
2018-12-06 21:17:21 CPURS[8985021]:感觉房管多一点没什么坏处。。
2018-12-06 21:17:36 Stobin[11394441]:真的是打死一切“黑子”呢，可惜上线好像晚了点
2018-12-06 21:18:12 严严在凑字数[295158753]:提督
2018-12-06 21:18:13 穷胸极恶狗喵凉er゜[1615204]:当前有效提督房:278762;350350;10943409
2018-12-06 21:18:15 穷胸极恶狗喵凉er゜[1615204]:412;10577;4641942;525;1983027
2018-12-06 21:18:16 穷胸极恶狗喵凉er゜[1615204]:8053411
2018-12-06 21:18:21 Stobin[11394441]:唉，可是就算名额多我找阿狗也不太好意思要房管呀
2018-12-06 21:18:41 哔哔.-[26635788]:轻音乐专区安眠
2018-12-06 21:18:44 哔哔.-[26635788]:吗？
2018-12-06 21:18:55 葉重_hiero[4973971]:小主播...连看直播的都没100个人
2018-12-06 21:19:25 哔哔.-[26635788]:都是轻音乐吗
2018-12-06 21:20:06 考试全都不挂科[7217833]:我们直播间的房管只有1个，根本不需要100个名额
2018-12-06 21:20:17 考试全都不挂科[7217833]:因为我们普通人根本进不去
2018-12-06 21:21:12 六无先生[41416125]:舰队炸了？
2018-12-06 21:21:14 Stobin[11394441]:全屏禁言真是骚操作
2018-12-06 21:21:44 考试全都不挂科[7217833]:是啊都是特么的领导搞出来的幺蛾子
2018-12-06 21:22:05 葉重_hiero[4973971]:主播对所有用户开启了禁言哈哈哈哈
2018-12-06 21:22:31 Stobin[11394441]:话说熊猫房你们不都是很和谐的圈地自萌嘛，有啥可封的
2018-12-06 21:22:41 考试全都不挂科[7217833]:以前我们直播间24小时的，后来领导不乐意了，规定导播下班禁言
2018-12-06 21:22:59 Stobin[11394441]:不能发弹幕可就没有认猫插件啦
2018-12-06 21:23:15 Stobin[11394441]:今天刚更新的房管功能，去说说看吧
2018-12-06 21:23:18 考试全都不挂科[7217833]:央视的领导么，和我们普通人脑袋不一样
2018-12-06 21:23:40 桂木桂马神卡密[363739959]:_(:3」∠)_
2018-12-06 21:23:53 一身正气五五开[358813997]:央视领导？
2018-12-06 21:23:59 莫名其妙小秃头[19695057]:提督
2018-12-06 21:24:00 穷胸极恶狗喵凉er゜[1615204]:当前有效提督房:278762;350350;10943409
2018-12-06 21:24:01 穷胸极恶狗喵凉er゜[1615204]:412;10577;4641942;525;1983027
2018-12-06 21:24:03 穷胸极恶狗喵凉er゜[1615204]:8053411
2018-12-06 21:24:12 Stobin[11394441]:哦，原来如此
2018-12-06 21:24:23 严严在凑字数[295158753]:秃头
2018-12-06 21:24:24 一身正气五五开[358813997]:人家不靠这个搞政绩，但是怕出幺蛾子受处分吧
2018-12-06 21:24:28 Stobin[11394441]:我还一直好奇直播熊猫的账号的背景呢
2018-12-06 21:24:49 Stobin[11394441]:真是大有来头的官方背景
2018-12-06 21:24:54 考试全都不挂科[7217833]:是啊领导都是怕麻烦的
2018-12-06 21:25:59 考试全都不挂科[7217833]:我一直觉得那些领导其实根本没有重视B站这种新媒体
2018-12-06 21:26:21 考试全都不挂科[7217833]:他们的重心仍然放在传统电视台上
2018-12-06 21:27:02 Stobin[11394441]:是不行，央视的几次直播我看了，糊的一批
2018-12-06 21:27:12 故城宝贝鸭[316498964]:提督
2018-12-06 21:27:14 穷胸极恶狗喵凉er゜[1615204]:提督房间过多，已改为私信发送
2018-12-06 21:27:19 Stobin[11394441]:明明是高清纪录片，结果又糊又卡
2018-12-06 21:27:49 百撕不得萌Two[9296241]:舰长
2018-12-06 21:27:50 穷胸极恶狗喵凉er゜[1615204]:拒绝请求:3分钟内只允许发送1次私信，还剩144秒
2018-12-06 21:28:00 考试全都不挂科[7217833]:是啊，感觉都是下面做事的小年轻很有热情，但是上面领导不感兴趣
2018-12-06 21:28:28 一身正气五五开[358813997]:感兴趣啥？
2018-12-06 21:28:54 一身正气五五开[358813997]:靠破绽直播能有啥政绩？反而出问题了要担责任
2018-12-06 21:29:09 曹瑞洋[325440924]:总督
2018-12-06 21:29:10 穷胸极恶狗喵凉er゜[1615204]:当前有效总督房:921260;4645623
2018-12-06 21:29:13 考试全都不挂科[7217833]:领导们对网络新媒体和网络直播好像兴趣不大的样子，都不肯多投入
2018-12-06 21:29:31 一身正气五五开[358813997]:本身又都是年纪大不熟网络这方面的，当然一刀切省事
2018-12-06 21:29:47 一身正气五五开[358813997]:兴趣大的还没爬到高层呢
2018-12-06 21:30:01 Stobin[11394441]:拓宽新媒体渠道的想法肯定是好的，毕竟小孩和年轻人都看手机了
2018-12-06 21:30:32 Stobin[11394441]:不过现在技术进步太大，不好管，真的更容易出乱子了
2018-12-06 21:30:36 一身正气五五开[358813997]:年纪大就是求稳了，本身靠这些也升不上去了
2018-12-06 21:30:38 考试全都不挂科[7217833]:对啊对啊，其实现在新媒体渐渐成为主流了
2018-12-06 21:30:49 一身正气五五开[358813997]:不如平平稳稳到退休
2018-12-06 21:31:17 Stobin[11394441]:啧，我初中到大学现在，差不多有10年了都基本没看过电视了
2018-12-06 21:31:31 一身正气五五开[358813997]:差不多
2018-12-06 21:31:38 Stobin[11394441]:以前中学时还周末回家看看电视，但是大学就寒暑假回家
2018-12-06 21:31:44 一身正气五五开[358813997]:自从搞有线电视我家就没交过钱
2018-12-06 21:31:56 考试全都不挂科[7217833]:谣传说是直播弹幕不容易做审查工作，所以干脆全部禁言不许说话
2018-12-06 21:32:13 Stobin[11394441]:再说这几年我家那里的数字电视收不到凤凰台了
2018-12-06 21:32:15 秋名咧[104887941]:简介又炸了？
2018-12-06 21:32:19 Stobin[11394441]:就真没看的意思了
2018-12-06 21:32:31 一身正气五五开[358813997]:这有啥好审查，又不是啥上级领导视察
2018-12-06 21:32:41 故城宝贝鸭[316498964]:舰长
2018-12-06 21:32:43 穷胸极恶狗喵凉er゜[1615204]:舰长房间过多，已改为私信发送
2018-12-06 21:32:52 一身正气五五开[358813997]:上级领导不看弹幕说啥也没用闹不起来
2018-12-06 21:33:56 考试全都不挂科[7217833]:然鹅央视直播的弹幕真的是审查后才能发出去的，所以大大延迟
2018-12-06 21:34:20 考试全都不挂科[7217833]:B站弹幕是实时的，不能审查的
2018-12-06 21:34:33 一身正气五五开[358813997]:哪一样嘛
2018-12-06 21:34:50 一身正气五五开[358813997]:央视直播那个上级领导保不准就要看
2018-12-06 21:34:55 CPURS[8985021]:就算能审查也不能派个人一直去审查吧
2018-12-06 21:35:01 一身正气五五开[358813997]:破绽还早的很呢
2018-12-06 21:35:32 考试全都不挂科[7217833]:对啊对啊所以就一刀切，把我们全给禁言了
2018-12-06 21:35:52 CPURS[8985021]:刚才无意间翻到了炼铜术士的公告，藏得真好
2018-12-06 21:36:25 mao茜[88095770]:总督
2018-12-06 21:36:26 穷胸极恶狗喵凉er゜[1615204]:当前有效总督房:921260;4645623
2018-12-06 21:36:35 Stobin[11394441]:而且还是之前的公告改了内容发的，没有新公告哦
2018-12-06 21:36:48 一身正气五五开[358813997]:不过也好，万一那天某领导过去看
2018-12-06 21:36:56 考试全都不挂科[7217833]:啊改了旧公告?
2018-12-06 21:37:28 一身正气五五开[358813997]:结果有人说嘿嘿嘿panda的就
2018-12-06 21:38:13 CPURS[8985021]:哎这两天都没有辣条捡了
2018-12-06 21:40:59 匆匆岁月匆匆过[30653443]:？
2018-12-06 21:41:14 匆匆岁月匆匆过[30653443]:为啥没辣条捡
2018-12-06 21:41:24 匆匆岁月匆匆过[30653443]:不是有很多高能广播吗
2018-12-06 21:41:49 一身正气五五开[358813997]:哇，好多坚定的炼铜术士直播间标题都改成647xxxxx了
2018-12-06 21:41:51 这块杏仁饼有柚OvO[280574663]:是因为啥简介经常崩？
2018-12-06 21:42:31 匆匆岁月匆匆过[30653443]:简介炸了进群吧
2018-12-06 21:42:41 叶落的抚尘[159483813]:有啥新消息吗
2018-12-06 21:42:52 叶落的抚尘[159483813]:围观(〜￣△￣)〜
2018-12-06 21:42:54 弯仔码头总头目ㅇㅅㅇ[20834588]:舰长
2018-12-06 21:42:55 穷胸极恶狗喵凉er゜[1615204]:舰长房间过多，已改为私信发送
2018-12-06 21:43:02 秋名咧[104887941]:群其实不好捡_(:3」∠)_
2018-12-06 21:43:11 匆匆岁月匆匆过[30653443]:也是
2018-12-06 21:43:29 匆匆岁月匆匆过[30653443]:消息刷得太快了
2018-12-06 21:47:50 Ｆιηε丶[402889]:群要一直盯着
2018-12-06 21:48:03 Ｆιηε丶[402889]:0 0 差不多刷 5个舰长就要捡一次
2018-12-06 21:48:46 魅友第一[21235110]:舰长
2018-12-06 21:48:48 穷胸极恶狗喵凉er゜[1615204]:舰长房间过多，已改为私信发送
2018-12-06 21:49:08 SusanTLY[258771945]:xds
2018-12-06 21:49:09 穷胸极恶狗喵凉er゜[1615204]:低保房:668
2018-12-06 21:49:25 一身正气五五开[358813997]:你们这么拼命的吗？
2018-12-06 21:49:38 一身正气五五开[358813997]:放轻松，不差那几个辣条
2018-12-06 21:49:43 Ｆιηε丶[402889]:0 0 并不 一天只捡 50卡通
2018-12-06 21:49:45 Ｆιηε丶[402889]:辣条
2018-12-06 21:49:50 Ｆιηε丶[402889]:然后就酱油
2018-12-06 21:50:19 一身正气五五开[358813997]:50个你就盯一天群？
2018-12-06 21:50:32 一身正气五五开[358813997]:你怕不是5000个
2018-12-06 21:50:35 回回回复喵[299393604]:🚪164725👤御剑中华🎁35个辣条~
2018-12-06 21:50:42 魅友第一[21235110]:提督
2018-12-06 21:50:44 穷胸极恶狗喵凉er゜[1615204]:拒绝请求:3分钟内只允许发送1次私信，还剩64秒
2018-12-06 21:50:44 御剑中华[40858064]:大佬们淡定
2018-12-06 21:50:49 一身正气五五开[358813997]:50个盯毛线
2018-12-06 21:50:55 匆匆岁月匆匆过[30653443]:我舰长辣条都捡了300+
2018-12-06 21:51:00 一身正气五五开[358813997]:1小时刷一次提督就够了
2018-12-06 21:51:00 Ｆιηε丶[402889]:0 0 盯啊 不然就会忘记
2018-12-06 21:51:05 Ｆιηε丶[402889]:自己捡到哪了
2018-12-06 21:51:06 秋名咧[104887941]:你不懂，我要争取在今年过完前把【欧皇】变金，@卢姥爷
2018-12-06 21:51:11 一身正气五五开[358813997]:一天还能没10提督啊
2018-12-06 21:51:55 一身正气五五开[358813997]:秋名你个辣条精那肯定住在群里⁄(⁄ ⁄•⁄ω⁄•⁄ ⁄)⁄
2018-12-06 21:52:07 御剑中华[40858064]:官方弄个自动捡辣条，捡舰长，提督。。。
2018-12-06 21:52:24 一身正气五五开[358813997]:我说的是F啊
2018-12-06 21:52:40 秋名咧[104887941]:⁄(⁄ ⁄•⁄ω⁄•⁄ ⁄)⁄我在哔站有房产2333
2018-12-06 21:53:07 魅友第一[21235110]:提督
2018-12-06 21:53:09 穷胸极恶狗喵凉er゜[1615204]:提督房间过多，已改为私信发送
2018-12-06 21:53:34 一身正气五五开[358813997]:官方弄个年费青天大老爷
2018-12-06 21:53:53 匆匆岁月匆匆过[30653443]:肝辣条好累
2018-12-06 21:54:14 一身正气五五开[358813997]:自动升级自动涨勋章亲密自动涨扭蛋
2018-12-06 21:54:18 Ｆιηε丶[402889]:有简介就轻松了
2018-12-06 21:54:21 一身正气五五开[358813997]:自动升级自动涨勋章亲密
2018-12-06 21:54:22 Ｆιηε丶[402889]:20分钟来一次
2018-12-06 21:54:52 匆匆岁月匆匆过[30653443]:简介炸了没办法
2018-12-06 21:55:04 御剑中华[40858064]:这次冲榜都不激烈
2018-12-06 21:55:47 Stobin[11394441]:没啥要争的，每组的第一名都很明显，就争一下第二名
2018-12-06 21:55:47 匆匆岁月匆匆过[30653443]:9号那天就激烈了
2018-12-06 21:55:53 非洲户籍[3360332]:这次0点都没人偷塔
2018-12-06 21:55:55 匆匆岁月匆匆过[30653443]:复活赛
2018-12-06 21:56:01 Stobin[11394441]:荣耀角斗一共出10强
2018-12-06 21:56:34 御剑中华[40858064]:坐等捡辣条
2018-12-06 21:56:38 Ｆιηε丶[402889]:争第二会激烈的
2018-12-06 21:56:54 Stobin[11394441]:因为是每组4人分3轮互相比赛，胜者有积分
2018-12-06 21:56:57 匆匆岁月匆匆过[30653443]:感觉今年没去年那么激烈
2018-12-06 21:57:06 御剑中华[40858064]:期待像去年一样100个小电视
2018-12-06 21:57:31 故城宝贝鸭[316498964]:总督
2018-12-06 21:57:32 穷胸极恶狗喵凉er゜[1615204]:当前有效总督房:921260;4645623
2018-12-06 21:58:00 非洲户籍[3360332]:复活可能会激烈
2018-12-06 21:58:18 Stobin[11394441]:所以每轮都有对第一名和第四名的情况，对第一名争不过就索性不花
2018-12-06 21:58:24 匆匆岁月匆匆过[30653443]:嗯
2018-12-06 21:58:26 Stobin[11394441]:而对第四名就是躺赢也不怎么用花钱
2018-12-06 21:58:39 非洲户籍[3360332]:这分组赛基本两轮定胜负了
2018-12-06 21:59:31 非洲户籍[3360332]:佛了，群里机器人也炸了
2018-12-06 21:59:34 考试全都不挂科[7217833]:我选择了526，看起来也许真的会成为冠军
2018-12-06 21:59:37 Stobin[11394441]:等6-9号，大多数组会是上一轮分配的二三名打，会争第二
2018-12-06 21:59:52 思思累了[350460072]:提督
2018-12-06 21:59:53 穷胸极恶狗喵凉er゜[1615204]:提督房间过多，已改为私信发送
2018-12-06 22:00:09 Stobin[11394441]:感觉5521比较有戏，_(:3」∠)_
2018-12-06 22:00:14 非洲户籍[3360332]:三分队三分会争一下
2018-12-06 22:00:17 Ｆιηε丶[402889]:群里好像真炸了
2018-12-06 22:00:22 Stobin[11394441]:这次的手游区好几个主播都很猛
2018-12-06 22:00:44 考试全都不挂科[7217833]:好多人选择647做冠军的，比选择526更惨
2018-12-06 22:00:44 匆匆岁月匆匆过[30653443]:1790W积分确实6
2018-12-06 22:01:16 非洲户籍[3360332]:选647的出来让大家乐一乐
2018-12-06 22:01:25 非洲户籍[3360332]:～(￣▽￣～)
2018-12-06 22:01:30 忽悠家境贫寒的女儿[138992227]:(´･_･`)
2018-12-06 22:01:37 匆匆岁月匆匆过[30653443]:我选的526
2018-12-06 22:01:37 考试全都不挂科[7217833]:活动刚开始时选择的冠军，那时候5521根本没出来呢
2018-12-06 22:01:43 秋名咧[104887941]:←◡←户籍别闹
2018-12-06 22:01:50 杨雅氮[25755557]:( ´_ゝ｀)
2018-12-06 22:01:59 Stobin[11394441]:我选了647诶
2018-12-06 22:02:12 匆匆岁月匆匆过[30653443]:......
2018-12-06 22:02:23 杨雅氮[25755557]:当时想着千人舰队赢面可能大一点...
2018-12-06 22:02:24 Stobin[11394441]:不过反正我连主站6级的这个号都不想要了，直播奖励什么的无所谓
2018-12-06 22:02:45 秋名咧[104887941]:(ﾟДﾟ≡ﾟдﾟ)!?S酱你不是526吗
2018-12-06 22:02:45 起名废丶西井[35744708]:(｀・ω・´)？！
2018-12-06 22:03:02 Stobin[11394441]:647爱怎么样怎么样。但是B站高管那位阿姨是真恶心到了
2018-12-06 22:03:31 御剑中华[40858064]:她干什么了？
2018-12-06 22:03:31 Stobin[11394441]:到我了，高层都是明知道有问题还是不愿意放弃摇钱树
2018-12-06 22:03:48 匆匆岁月匆匆过[30653443]:榨干剩余价值
2018-12-06 22:03:54 魅友第一[21235110]:提督
2018-12-06 22:03:55 穷胸极恶狗喵凉er゜[1615204]:提督房间过多，已改为私信发送
2018-12-06 22:04:12 匆匆岁月匆匆过[30653443]:不到最后不愿意放弃
2018-12-06 22:04:26 考试全都不挂科[7217833]:B站保了647一个多星期呢
2018-12-06 22:04:33 Stobin[11394441]:我觉得是挣脏钱的公司、厂家、软件什么的，我都是要一棒子打死
2018-12-06 22:04:57 葉重_hiero[4973971]:然后b站又赚了一个多星期的钱...
2018-12-06 22:05:22 匆匆岁月匆匆过[30653443]:←◡←
2018-12-06 22:05:24 秋名咧[104887941]:对啊，现在那四百万积分都不了了之了，粉丝的钱冤啊
2018-12-06 22:05:42 Stobin[11394441]:性格就是这样，比如wx我是不用的，(´･_･`)
2018-12-06 22:05:48 昨天刚注册的萌萌兽[193351]:能赚钱还要名声干嘛_(:з」∠)_
2018-12-06 22:05:54 Stobin[11394441]:和TX沾边的各种游戏我也从来不玩
2018-12-06 22:06:05 起名废丶西井[35744708]:( ´_ゝ｀)没戏了，这登录接口一改
2018-12-06 22:06:20 起名废丶西井[35744708]:强行有戏不是说不可以，超麻烦
2018-12-06 22:06:28 回回回复喵[299393604]:🚪164725👤黑铁时代的游吟诗人🎁57个辣条~
2018-12-06 22:06:38 昨天刚注册的萌萌兽[193351]:什么情况？登录接口改了？
2018-12-06 22:06:41 Stobin[11394441]:B站现在超怕有人爬数据吧，←◡←
2018-12-06 22:06:48 起名废丶西井[35744708]:miniLogin挂了
2018-12-06 22:07:01 起名废丶西井[35744708]:之前不是被撞库撞了一波
2018-12-06 22:07:13 Stobin[11394441]:解决不了问题
2018-12-06 22:07:14 秋名咧[104887941]:S酱你说的那位高管阿姨是谁啊
2018-12-06 22:07:27 Stobin[11394441]:但是可以解决提出问题的人呀，←◡←
2018-12-06 22:08:05 起名废丶西井[35744708]:_(:3」∠)_
2018-12-06 22:08:34 起名废丶西井[35744708]:看看GayHub上边有没打极验的
2018-12-06 22:08:48 桂木桂马神卡密[363739959]:我，647
2018-12-06 22:08:59 昨天刚注册的萌萌兽[193351]:_(:з」∠)_简介也凉了吗
2018-12-06 22:09:10 桂木桂马神卡密[363739959]:炼铜术士永锤不朽
2018-12-06 22:09:10 回回回复喵[299393604]:🚪164725👤御剑中华🎁56个辣条~
2018-12-06 22:09:46 御剑中华[40858064]:以后还会有炼金，炼铁的。。。
2018-12-06 22:09:48 桂木桂马神卡密[363739959]:守护全世界最好的吴织亚切大炼铜
2018-12-06 22:10:07 偏右[1787930]:？？？
2018-12-06 22:10:24 默默大白菜愿世界和平[15580352]:有病该吃药吃药
2018-12-06 22:10:48 桂木桂马神卡密[363739959]:学会这门手艺我就去卖铜去，很值钱呢
2018-12-06 22:11:08 佐仓是香菜的[17230334]:666666
2018-12-06 22:11:15 Stobin[11394441]:算了小心点吧，这里有nzj的
2018-12-06 22:11:49 Stobin[11394441]:我昨天被jb了封了24小时
2018-12-06 22:11:57 葉重_hiero[4973971]:欸说实话
2018-12-06 22:11:57 御剑中华[40858064]:😓😓😓
2018-12-06 22:12:01 桂木桂马神卡密[363739959]:("▔□▔)居然被你发现了
2018-12-06 22:12:13 葉重_hiero[4973971]:你们不觉得nzj这个去评价粉丝 也是很人身攻击的吗...
2018-12-06 22:12:13 桂木桂马神卡密[363739959]:我是nzj（TДT)
2018-12-06 22:12:16 非洲户籍[3360332]:233，我今早才看到你被封的私信
2018-12-06 22:12:24 Stobin[11394441]:我被公告的那条后面，挨着出现了hy的18和13级粉丝牌
2018-12-06 22:12:47 Stobin[11394441]:那是人家主播给粉丝起的爱称，主播金口玉言
2018-12-06 22:12:54 秋名咧[104887941]:默默！！！好久不见
2018-12-06 22:13:05 feifeirun[165315]:呵呵
2018-12-06 22:13:07 葉重_hiero[4973971]:人家主播说这个是错的 为什么大家也要学着去说错的啊
2018-12-06 22:13:10 Stobin[11394441]:他粉丝们也喜欢得很，我当然要尊敬他们
2018-12-06 22:13:15 雅令小宝贝儿[554094]:好像我们也并没有承认过
2018-12-06 22:13:39 默默大白菜愿世界和平[15580352]:就没听说过
2018-12-06 22:14:35 葉重_hiero[4973971]:s酱~尽量不要用自己的个人想法去评价所有粉丝喔 这个真的..
2018-12-06 22:14:44 葉重_hiero[4973971]:不大礼貌也不尊重
2018-12-06 22:14:58 非洲户籍[3360332]:静观其变
2018-12-06 22:15:45 秋名咧[104887941]:←_←其实现在已经不用静观其变了，凉透了
2018-12-06 22:16:12 起名废丶西井[35744708]:_(:3」∠)_我拿小号发一下S酱昨天吃封禁的句子
2018-12-06 22:16:18 库洛彩[21859835]:不会吧Σ(っ °Д °;)っ
2018-12-06 22:16:54 默默大白菜愿世界和平[15580352]:你们在这里说有意思么？
2018-12-06 22:17:20 狼人_人狼_狼妖_狼兽人[1877572]:怎么全都是九点
2018-12-06 22:17:29 非洲户籍[3360332]:他c站出道也好，重回200万粉大主播也好，和我们又有一毛钱关
2018-12-06 22:17:34 非洲户籍[3360332]:系
2018-12-06 22:17:43 メイドちゃん[20665114]:提督
2018-12-06 22:17:45 穷胸极恶狗喵凉er゜[1615204]:提督房间过多，已改为私信发送
2018-12-06 22:17:52 雅令小宝贝儿[554094]:如果打脸的话stobin发动态道歉好么
2018-12-06 22:18:12 默默大白菜愿世界和平[15580352]:没关系的话，可以静音么
2018-12-06 22:18:14 天氣預報-狂風暴雨[299537720]:提督
2018-12-06 22:18:15 穷胸极恶狗喵凉er゜[1615204]:拒绝请求:3分钟内只允许发送1次私信，还剩150秒
2018-12-06 22:18:24 天氣預報-狂風暴雨[299537720]:总督
2018-12-06 22:18:25 穷胸极恶狗喵凉er゜[1615204]:当前有效总督房:921260;4645623
2018-12-06 22:18:41 恍惚的阿迪[4253477]:( ´_ゝ｀)
2018-12-06 22:19:16 起名废丶西井[35744708]:_(:3」∠)_我不限讨论，这瓜是压不住的
2018-12-06 22:20:04 雅令小宝贝儿[554094]:吃瓜也请礼貌吃瓜
2018-12-06 22:20:09 feifeirun[165315]:空口断案小心打脸
2018-12-06 22:20:41 匆匆岁月匆匆过[30653443]:(･∀･)
2018-12-06 22:20:44 狼人_人狼_狼妖_狼兽人[1877572]:提督
2018-12-06 22:20:44 默默大白菜愿世界和平[15580352]:吃瓜需冷静
2018-12-06 22:20:45 穷胸极恶狗喵凉er゜[1615204]:提督房间过多，已改为私信发送
2018-12-06 22:21:12 『無名氏』[559591]:提督
2018-12-06 22:21:12 桂木桂马神卡密[363739959]:炼铜术士就是有钱
2018-12-06 22:21:14 穷胸极恶狗喵凉er゜[1615204]:拒绝请求:3分钟内只允许发送1次私信，还剩152秒
2018-12-06 22:21:30 城南墙角下的皙酒[95749479]:是关于忽悠的瓜嘛
2018-12-06 22:21:32 秋名咧[104887941]:哎，我明白你们作为粉丝的心情，但这里不是647，
2018-12-06 22:21:38 桂木桂马神卡密[363739959]:果然我也要学，学会了卖铜请水军
2018-12-06 22:21:38 非洲户籍[3360332]:少说两句吧
2018-12-06 22:21:38 考试全都不挂科[7217833]:从破绽的新公告来看应该是破绽意识到确实无法掩盖了
2018-12-06 22:21:45 非洲户籍[3360332]:迟早吵起来
2018-12-06 22:21:50 秋名咧[104887941]:别把粉丝情愫带进来这
2018-12-06 22:22:03 恍惚的阿迪[4253477]:绝了
2018-12-06 22:22:33 默默大白菜愿世界和平[15580352]:秋名大佬这句话说的不公平吧
2018-12-06 22:22:35 爷樱椛爷爷瞥[263024497]:口嗨也要有认知来源吧，如果坐实了真该碾死
2018-12-06 22:22:36 爷樱椛爷爷瞥[263024497]:这个屑( ´_ゝ｀)
2018-12-06 22:23:21 桂木桂马神卡密[363739959]:谁有门路介绍我学炼铜啊？我看了一下市场价5w一吨了
2018-12-06 22:23:29 默默大白菜愿世界和平[15580352]:他可以中伤 我只能忍着么
2018-12-06 22:23:34 桂木桂马神卡密[363739959]:学会了给你们好处费啊⁄(⁄ ⁄•⁄ω⁄•⁄ ⁄)⁄
2018-12-06 22:23:55 feifeirun[165315]:嗯对对对，粉丝就该闭麦挨喷
2018-12-06 22:24:44 非洲户籍[3360332]:难不成逆风输出
2018-12-06 22:25:33 秋名咧[104887941]:(´･_･`)好吧，怕了怕了，我错了，自闭中......
2018-12-06 22:25:33 葉重_hiero[4973971]:鼻要吵架~~~互相尊重冷静吃瓜~
2018-12-06 22:25:47 桂木桂马神卡密[363739959]:咳咳，大家体谅一下，人家好不容易找个BL的YY对象现在还黄了
2018-12-06 22:25:51 考试全都不挂科[7217833]:搬小板凳嗑瓜子喝可乐前排围观
2018-12-06 22:25:57 匆匆岁月匆匆过[30653443]:( ´_ゝ｀)
2018-12-06 22:25:59 起名废丶西井[35744708]:(｀・ω・´)先搞清楚，没人打地图炮
2018-12-06 22:26:01 葉重_hiero[4973971]:（我一个带着牌子的人 说我中立的话 你们是不是也不会信哈哈
2018-12-06 22:26:24 非洲户籍[3360332]:真能给
2018-12-06 22:26:41 小天使和赫宰結婚了[20242784]:提督
2018-12-06 22:26:45 穷胸极恶狗喵凉er゜[1615204]:提督房间过多，已改为私信发送
2018-12-06 22:26:59 一條小魚[51033015]:(｀・ω・´)
2018-12-06 22:27:14 默默大白菜愿世界和平[15580352]:我没刷吧，
2018-12-06 22:27:15 御剑中华[40858064]:理性当粉，都不是小孩子了
2018-12-06 22:27:26 默默大白菜愿世界和平[15580352]:我没有强制让你们有好感吧
2018-12-06 22:27:33 默默大白菜愿世界和平[15580352]:但是他一句一句
2018-12-06 22:27:37 默默大白菜愿世界和平[15580352]:没完没了的
2018-12-06 22:27:48 葉重_hiero[4973971]:嗯呢~ 互相尊重才能好好吃瓜(●￣(ｴ)￣●)
2018-12-06 22:27:51 默默大白菜愿世界和平[15580352]:没有暂停键么
2018-12-06 22:28:04 非洲户籍[3360332]:知道，他故意恶心647粉丝的
2018-12-06 22:28:16 考试全都不挂科[7217833]:看直播越久我就越庆幸自己当初选择了吸猫作本命，永远不会出错
2018-12-06 22:28:42 小幺儿的空气板凳[4464857]:哈哈哈，是der
2018-12-06 22:28:42 偏右[1787930]:然鹅也被禁言
2018-12-06 22:28:46 考试全都不挂科[7217833]:那些当红主播真是靠不住啊
2018-12-06 22:28:53 城南墙角下的皙酒[95749479]:我觉得人无完人，只能说对方做错的事你能不能接受
2018-12-06 22:29:01 一身正气五五开[358813997]:其实吧，我觉着647铁粉就不要看不是铁粉的直播了
2018-12-06 22:29:08 考试全都不挂科[7217833]:(⌒▽⌒)
2018-12-06 22:29:08 御剑中华[40858064]:是的
2018-12-06 22:29:10 雅令小宝贝儿[554094]:吸猫也不好说，还是熊猫最靠谱
2018-12-06 22:29:10 老嵩糕[12547472]:互相尊重……你们主播口嗨的时候也没有尊重女性
2018-12-06 22:29:12 陈三熙[307017624]:不吵，理性观局，冷静吃瓜。
2018-12-06 22:29:18 一身正气五五开[358813997]:现在肯定大部分都有讨论的
2018-12-06 22:29:20 珊多拉·凯尔薇·尤拉西斯[27189692]:听说这里热闹了
2018-12-06 22:29:28 十字扣[2664830]:听说这里热闹了
2018-12-06 22:29:30 珊多拉·凯尔薇·尤拉西斯[27189692]:我过来镇个场子
2018-12-06 22:29:31 起名废丶西井[35744708]:_(:3」∠)_我已经看到很多则讨论647缩写被封禁的消息了
2018-12-06 22:29:35 城南墙角下的皙酒[95749479]:不能接受就脱粉吧，就这么简单
2018-12-06 22:29:37 锦衣夜行的BT君[2722243]:听说这里热闹了
2018-12-06 22:29:37 老嵩糕[12547472]:我作为女性对此报以唾弃
2018-12-06 22:29:45 腿短我也很绝望啊[6077330]:听说这里热闹了
2018-12-06 22:29:50 圆圆滚滚的伊藤傲天[1312676]:B站有公告了
2018-12-06 22:29:54 故城宝贝鸭[316498964]:总督
2018-12-06 22:29:55 穷胸极恶狗喵凉er゜[1615204]:当前有效总督房:921260;4645623
2018-12-06 22:29:55 一身正气五五开[358813997]:觉得别人说难听的，但是他们几个也没跑647说（貌似）
2018-12-06 22:29:58 偏右[1787930]:+1
2018-12-06 22:30:06 『無名氏』[559591]:这里也被 控场了 吗
2018-12-06 22:30:10 珊多拉·凯尔薇·尤拉西斯[27189692]:没过去说爱咋说咋说
2018-12-06 22:30:25 一條小魚[51033015]:23333
2018-12-06 22:30:25 珊多拉·凯尔薇·尤拉西斯[27189692]:这点基础的言论籽油还是有的
2018-12-06 22:30:27 非洲户籍[3360332]:你们继续，我看直播
2018-12-06 22:30:29 小幺儿的空气板凳[4464857]:提督
2018-12-06 22:30:30 穷胸极恶狗喵凉er゜[1615204]:提督房间过多，已改为私信发送
2018-12-06 22:30:45 一身正气五五开[358813997]:说句不好听的
2018-12-06 22:31:03 默默大白菜愿世界和平[15580352]:从来都是对事不对人， 就是单纯觉得在别人的直播间刷不好看
2018-12-06 22:31:15 一身正气五五开[358813997]:647自己动态删评论，还不给别人其他地方说？
2018-12-06 22:31:21 一只小空泡[37622303]:TD
2018-12-06 22:31:24 一只小空泡[37622303]:提督
2018-12-06 22:31:24 城南墙角下的皙酒[95749479]:hhhh对的对的
2018-12-06 22:31:25 穷胸极恶狗喵凉er゜[1615204]:拒绝请求:3分钟内只允许发送1次私信，还剩125秒
2018-12-06 22:31:43 陈三熙[307017624]:总督
2018-12-06 22:31:45 穷胸极恶狗喵凉er゜[1615204]:当前有效总督房:921260;4645623
2018-12-06 22:31:47 珊多拉·凯尔薇·尤拉西斯[27189692]:嘘，炼铜可不敢惹
2018-12-06 22:31:51 珊多拉·凯尔薇·尤拉西斯[27189692]:小心全站封禁
2018-12-06 22:31:55 绝者-花城[22631173]:控场控到这儿啦？
2018-12-06 22:32:05 十字扣[2664830]:随便吧，给它封
2018-12-06 22:32:07 一只小空泡[37622303]:提督
2018-12-06 22:32:09 城南墙角下的皙酒[95749479]:我说的是大白菜说的是对的
2018-12-06 22:32:09 穷胸极恶狗喵凉er゜[1615204]:拒绝请求:3分钟内只允许发送1次私信，还剩82秒
2018-12-06 22:32:15 珊多拉·凯尔薇·尤拉西斯[27189692]:迟早会被的
2018-12-06 22:32:35 一身正气五五开[358813997]:不是647的人别人说nzj会有感触？
2018-12-06 22:32:48 一身正气五五开[358813997]:还是心虚啊妹砸
2018-12-06 22:33:12 雅令小宝贝儿[554094]:没人愿意自己的评论下面一堆黑吧
2018-12-06 22:33:13 城南墙角下的皙酒[95749479]:诶，再说我吗？？？？
2018-12-06 22:33:13 丨奈亚子丨[1950943]:提督
2018-12-06 22:33:15 穷胸极恶狗喵凉er゜[1615204]:拒绝请求:3分钟内只允许发送1次私信，还剩16秒
2018-12-06 22:33:25 葉重_hiero[4973971]:唉我带着牌子你们估计也不信我 但我觉得这个词不管对谁都不尊重
2018-12-06 22:33:41 新田三森彩[772202]:提督
2018-12-06 22:33:43 穷胸极恶狗喵凉er゜[1615204]:提督房间过多，已改为私信发送
2018-12-06 22:33:45 一只小空泡[37622303]:提督
2018-12-06 22:33:46 穷胸极恶狗喵凉er゜[1615204]:拒绝请求:3分钟内只允许发送1次私信，还剩177秒
2018-12-06 22:33:46 丨奈亚子丨[1950943]:提督
2018-12-06 22:33:48 穷胸极恶狗喵凉er゜[1615204]:拒绝请求:3分钟内只允许发送1次私信，还剩175秒
2018-12-06 22:33:58 葉重_hiero[4973971]:有人错了一次 不要跟着学着错...我闭嘴了你们应该也不信我
2018-12-06 22:34:12 默默大白菜愿世界和平[15580352]:想刷评论没地方刷的，随便去我那儿刷，但是请放过他人直播间
2018-12-06 22:34:15 珊多拉·凯尔薇·尤拉西斯[27189692]:还是那句话炼铜不得horse
2018-12-06 22:34:25 汪魅魅[363325506]:hy事件是不是幾乎全站都知道？
2018-12-06 22:34:36 一身正气五五开[358813997]:不行问其它人，我觉得不是647的人真不会对这缩写能有啥觉得的
2018-12-06 22:34:48 老嵩糕[12547472]:炼铜不得horse+1
2018-12-06 22:34:50 利啊呦嘿[66600554]:你为什么不摘了牌子？
2018-12-06 22:34:54 起名废丶西井[35744708]:(｀・ω・´)本直播间不限话题，随意讨论
2018-12-06 22:35:04 故城宝贝鸭[316498964]:dxs
2018-12-06 22:35:07 默默大白菜愿世界和平[15580352]:你觉得无所谓就好
2018-12-06 22:35:08 汪魅魅[363325506]:哈哈哈哈哈哈
2018-12-06 22:35:08 匆匆岁月匆匆过[30653443]:(･∀･)
2018-12-06 22:35:08 十字扣[2664830]:炼铜真心触及底线
2018-12-06 22:35:41 葉重_hiero[4973971]:我养到15级为什么要摘牌子...
2018-12-06 22:35:53 珊多拉·凯尔薇·尤拉西斯[27189692]:因为牌子脏了
2018-12-06 22:35:57 汪魅魅[363325506]:↑大佬
2018-12-06 22:35:58 珊多拉·凯尔薇·尤拉西斯[27189692]:这理由够吗
2018-12-06 22:35:58 葉重_hiero[4973971]:摘牌子才心虚吧...
2018-12-06 22:36:01 桂木桂马神卡密[363739959]:我回来了，再问一遍谁有门路教我学炼铜的？现在铜都5万一吨了
2018-12-06 22:36:08 珊多拉·凯尔薇·尤拉西斯[27189692]:没什么心不心虚的
2018-12-06 22:36:13 考试全都不挂科[7217833]:原来睿#$$%站是禁词
2018-12-06 22:36:15 珊多拉·凯尔薇·尤拉西斯[27189692]:摘了表示你跟他们不是一类的
2018-12-06 22:36:19 腿短我也很绝望啊[6077330]:b站牌子这么多
2018-12-06 22:36:32 『無名氏』[559591]:提督
2018-12-06 22:36:34 穷胸极恶狗喵凉er゜[1615204]:拒绝请求:3分钟内只允许发送1次私信，还剩9秒
2018-12-06 22:36:42 葉重_hiero[4973971]:房管大大你在心里已经给人分了类 我摘不摘 你都会觉得我是
2018-12-06 22:36:42 汪魅魅[363325506]:大佬，挺長看到你的，問一句你脫粉了還是粉
2018-12-06 22:36:45 葉重_hiero[4973971]:另外一类
2018-12-06 22:36:46 城南墙角下的皙酒[95749479]:养到了粉色都会舍不得吧，我觉得
2018-12-06 22:36:55 『無名氏』[559591]:提督
2018-12-06 22:36:57 穷胸极恶狗喵凉er゜[1615204]:提督房间过多，已改为私信发送
2018-12-06 22:37:01 珊多拉·凯尔薇·尤拉西斯[27189692]:你自己愿意站在炼铜那一堆里
2018-12-06 22:37:03 珊多拉·凯尔薇·尤拉西斯[27189692]:我拦得住吗
2018-12-06 22:37:18 Stobin[11394441]:还好啦，我一堆粉色牌牌呢
2018-12-06 22:37:20 回回回复喵[299393604]:🚪164725👤御剑中华🎁50个辣条~
2018-12-06 22:37:27 葉重_hiero[4973971]:所以啊~我说了话也不会有人相信我~这是现在很多人对忽悠粉丝的
2018-12-06 22:37:27 葉重_hiero[4973971]:看法
2018-12-06 22:37:35 珊多拉·凯尔薇·尤拉西斯[27189692]:都已经不得horse了
2018-12-06 22:37:37 Stobin[11394441]:多看些主播多拿牌子，我很喜欢收集
2018-12-06 22:37:38 葉重_hiero[4973971]:我就说我带着牌子没人会信我吧~
2018-12-06 22:37:48 葉重_hiero[4973971]:穷人养不起牌子啊呜呜
2018-12-06 22:37:49 城南墙角下的皙酒[95749479]:大佬，我就一个粉色牌牌
2018-12-06 22:37:53 十字扣[2664830]:不管你是不是吧，希望保持应有的尊重，保持基本的自我与理智
2018-12-06 22:37:58 一身正气五五开[358813997]:主播·名声臭了，还站他一边的名声能好？
2018-12-06 22:38:05 西瓜吖瓜西[34968333]:lt的定义搞清楚再来指责好吧
2018-12-06 22:38:05 腿短我也很绝望啊[6077330]:为什么不换一个及时止损呢
2018-12-06 22:38:08 汪魅魅[363325506]:这里反LT，真好
2018-12-06 22:38:09 Stobin[11394441]:我20个勋章位早满啦，算主站up主的大概有30多个牌子
2018-12-06 22:38:09 珊多拉·凯尔薇·尤拉西斯[27189692]:行了，人家乐意，别拦着
2018-12-06 22:38:09 葉重_hiero[4973971]:对的 我觉得互相尊重很重要
2018-12-06 22:38:18 考试全都不挂科[7217833]:庆幸我的牌牌不会闹出丑事只会抢盆盆奶，安全得很
2018-12-06 22:38:22 老嵩糕[12547472]:不管戴不戴牌子只要给他站街都会被骂的，别甩锅了
2018-12-06 22:38:22 珊多拉·凯尔薇·尤拉西斯[27189692]:那您的定义是X了才算吗
2018-12-06 22:38:32 Stobin[11394441]:(｀・ω・´)
2018-12-06 22:38:38 珊多拉·凯尔薇·尤拉西斯[27189692]:八大胡同出来的就别立牌坊
2018-12-06 22:38:49 Stobin[11394441]:讲不通的
2018-12-06 22:38:50 珊多拉·凯尔薇·尤拉西斯[27189692]:干没干，干了什么，心里有数
2018-12-06 22:38:52 葉重_hiero[4973971]:每个人都有不同立场 愿意坚持什么立场是个人自由啊~
2018-12-06 22:38:58 一條小魚[51033015]:（￣▽￣）就算牌子养到20级，都没底线重要
2018-12-06 22:39:00 珊多拉·凯尔薇·尤拉西斯[27189692]:那你回家去啊
2018-12-06 22:39:03 珊多拉·凯尔薇·尤拉西斯[27189692]:来这里干嘛
2018-12-06 22:39:04 葉重_hiero[4973971]:我只是单纯觉得 nzj这个词 谁说都不合适...
2018-12-06 22:39:07 城南墙角下的皙酒[95749479]:滚滚的牌子是两移滚的嘛
2018-12-06 22:39:17 葉重_hiero[4973971]:滚滚是熊猫的~
2018-12-06 22:39:33 汪魅魅[363325506]:nzj不是蒸主取的嗎？
2018-12-06 22:39:33 城南墙角下的皙酒[95749479]:哦~~
2018-12-06 22:39:35 腿短我也很绝望啊[6077330]:那看来只有炼铜本人说才合适
2018-12-06 22:39:45 腿短我也很绝望啊[6077330]:毕竟送给粉丝的
2018-12-06 22:39:51 一條小魚[51033015]:哈哈哈哈哈哈哈
2018-12-06 22:39:51 珊多拉·凯尔薇·尤拉西斯[27189692]:毕竟是爱称
2018-12-06 22:39:57 汪魅魅[363325506]:美好的祝願
2018-12-06 22:40:02 feifeirun[165315]:现在结果没有出来有些人不也已经给直接定罪了吗
2018-12-06 22:40:02 珊多拉·凯尔薇·尤拉西斯[27189692]:来自于炼铜主播的爱
2018-12-06 22:40:06 一身正气五五开[358813997]:突然理解为啥粉丝这么气了
2018-12-06 22:40:07 城南墙角下的皙酒[95749479]:额………
2018-12-06 22:40:07 一條小魚[51033015]:后宫爱宠
2018-12-06 22:40:12 凉夏浅吟低唱[33544527]:一想到那句“合法了”就觉得恶心想吐
2018-12-06 22:40:12 珊多拉·凯尔薇·尤拉西斯[27189692]:结果出来
2018-12-06 22:40:17 一只小空泡[37622303]:提督
2018-12-06 22:40:18 穷胸极恶狗喵凉er゜[1615204]:提督房间过多，已改为私信发送
2018-12-06 22:40:23 珊多拉·凯尔薇·尤拉西斯[27189692]:你还要什么，当众送花生米吗？
2018-12-06 22:40:31 非洲户籍[3360332]:佛了，还在吵
2018-12-06 22:40:33 一身正气五五开[358813997]:那是炼铜主播对他们的爱，不管说的多难听，那都是爱
2018-12-06 22:40:33 Stobin[11394441]:(｀・ω・´)
2018-12-06 22:40:33 葉重_hiero[4973971]:我说的是..谁说都不合适...结果就是我带牌子就不会有人信我
2018-12-06 22:40:35 红莲希望忽忽平安喜乐[4290401]:其实出了事情不介意路人吃瓜
2018-12-06 22:40:50 红莲希望忽忽平安喜乐[4290401]:但是很遗憾路人吃瓜不吃全套
2018-12-06 22:41:08 城南墙角下的皙酒[95749479]:突然好多忽悠那里的大佬来了
2018-12-06 22:41:08 一身正气五五开[358813997]:我们不是炼铜主播，说这个词当然会被粉丝厌恶
2018-12-06 22:41:08 红莲希望忽忽平安喜乐[4290401]:但是你们开心就好，祝你们平安
2018-12-06 22:41:08 葉重_hiero[4973971]:互相尊重 真的很难 哭辽
2018-12-06 22:41:17 十字扣[2664830]:也许你认为是个人自由，但是现在这个时候
2018-12-06 22:41:17 十字扣[2664830]:你也理解一下，现在这个勋章基本跟立场绑定了
2018-12-06 22:41:23 珊多拉·凯尔薇·尤拉西斯[27189692]:←◡←这话说得，，吃瓜不吃全套能算是吃瓜群众吗
2018-12-06 22:41:33 汪魅魅[363325506]:不...其實你在那家是大咖自然就會眼熟的
2018-12-06 22:41:48 七宝de小雪柳[122356876]:(´-ω-`)
2018-12-06 22:41:50 一條小魚[51033015]:（￣▽￣）你吃的是生瓜吧..还全套...
2018-12-06 22:41:53 十字扣[2664830]:说的中二一点，这个勋章是一种立场象征
2018-12-06 22:41:54 葉重_hiero[4973971]:勋章为什么能等于立场...
2018-12-06 22:41:54 珊多拉·凯尔薇·尤拉西斯[27189692]:你可以带
2018-12-06 22:42:00 老嵩糕[12547472]:炼铜和给炼铜站街的，都不配得到尊重，望周知
2018-12-06 22:42:02 珊多拉·凯尔薇·尤拉西斯[27189692]:但是你带着就别跳出来了
2018-12-06 22:42:07 珊多拉·凯尔薇·尤拉西斯[27189692]:自己私下里带着就得了
2018-12-06 22:42:10 十字扣[2664830]:因为是他的东西
2018-12-06 22:42:11 红莲希望忽忽平安喜乐[4290401]:所以瓜还没结束，欢迎继续吃，毕竟反转剧情
2018-12-06 22:42:20 默默大白菜愿世界和平[15580352]:刚才要言论自由的呢？
2018-12-06 22:42:21 珊多拉·凯尔薇·尤拉西斯[27189692]:说难听的人人喊打
2018-12-06 22:42:21 考试全都不挂科[7217833]:仔细想想，之前破绽死命遮掩，十几天后才发公告彻底抛弃
2018-12-06 22:42:23 红莲希望忽忽平安喜乐[4290401]:才是人民群众喜闻乐见的
2018-12-06 22:42:27 十字扣[2664830]:而他所代表的，与我们是不相容的
2018-12-06 22:42:28 莫离莫离[2655281]:什么反转剧情
2018-12-06 22:42:31 默默大白菜愿世界和平[15580352]:这就不让说话了？
2018-12-06 22:42:34 珊多拉·凯尔薇·尤拉西斯[27189692]:你可以言论自由啊
2018-12-06 22:42:38 Stobin[11394441]:当然是大家都很希望看到后续发展啦
2018-12-06 22:42:39 老嵩糕[12547472]:没有反转，凉透了
2018-12-06 22:42:44 莫离莫离[2655281]:啧啧啧
2018-12-06 22:42:45 考试全都不挂科[7217833]:应该是破绽已经有确凿证据发现完全不能掩盖了吧
2018-12-06 22:42:48 汪魅魅[363325506]:哈哈哈哈哈哈
2018-12-06 22:42:50 葉重_hiero[4973971]:唉...勋章这东西 怎么就能代表立场了啊呜呜真的哭辽
2018-12-06 22:42:50 一身正气五五开[358813997]:我这个问题中立一下：讲道理，要是有别的主播叫粉丝小SB什么的
2018-12-06 22:42:54 起名废丶西井[35744708]:_(:3」∠)_我随便你们说，不会封禁任何一个人
2018-12-06 22:43:02 红莲希望忽忽平安喜乐[4290401]:等着就好啦，瓜还没停呢，请务必持续关注，
2018-12-06 22:43:04 莫离莫离[2655281]:我以为我瓜漏了一块
2018-12-06 22:43:05 芳锦与芳芳[271470411]:你们等反转，我们不用等
2018-12-06 22:43:05 红莲希望忽忽平安喜乐[4290401]:谢谢
2018-12-06 22:43:05 起名废丶西井[35744708]:_(:3」∠)_给足够的言论自由给你们
2018-12-06 22:43:08 一身正气五五开[358813997]:我们要是对他粉丝这么叫人家肯定不乐意啊
2018-12-06 22:43:10 珊多拉·凯尔薇·尤拉西斯[27189692]:不让你们支持炼铜就是禁止言论自由
2018-12-06 22:43:12 珊多拉·凯尔薇·尤拉西斯[27189692]:太厉害了
2018-12-06 22:43:26 芳锦与芳芳[271470411]:好好的直播间怎么被你们控制了
2018-12-06 22:43:35 葉重_hiero[4973971]:不要吵架~~~拜托你们了~~~
2018-12-06 22:43:44 腿短我也很绝望啊[6077330]:我们可没说等反转
2018-12-06 22:43:45 汪魅魅[363325506]:哈哈哈哈哈
2018-12-06 22:43:48 feifeirun[165315]:哦嚯，支持炼铜这么大的罪名就扣下来了
2018-12-06 22:43:55 腿短我也很绝望啊[6077330]:说我们等反转的是你们
2018-12-06 22:44:01 腿短我也很绝望啊[6077330]:我们只是单纯的吃瓜
2018-12-06 22:44:04 葉重_hiero[4973971]:我哭辽~大家不要吵架啊啊啊啊
2018-12-06 22:44:07 珊多拉·凯尔薇·尤拉西斯[27189692]:不是我们扣的，干没干自己心里没点数吗
2018-12-06 22:44:12 葉重_hiero[4973971]:互相尊重 怎么这么难
2018-12-06 22:44:16 红莲希望忽忽平安喜乐[4290401]:好啦好啦，路人很忙的，要拯救银河系
2018-12-06 22:44:16 考试全都不挂科[7217833]:悄悄围观
2018-12-06 22:44:19 默默大白菜愿世界和平[15580352]:你自己说的带着让私下带着 别跳出来
2018-12-06 22:44:24 feifeirun[165315]:麻烦吃瓜吃全套
2018-12-06 22:44:25 红莲希望忽忽平安喜乐[4290401]:大家道不同不相为谋叭
2018-12-06 22:44:29 Bili_120173472[120173472]:不要打啦，不要打啦，你们不要再打啦～(￣▽￣～)
2018-12-06 22:44:35 默默大白菜愿世界和平[15580352]:最开始 刷的那个人已经溜了
2018-12-06 22:44:35 十字扣[2664830]:我们也想尊重，但是这个人，真心得不到我们的尊重
2018-12-06 22:44:38 葉重_hiero[4973971]:（劝架劝架
2018-12-06 22:44:38 城南墙角下的皙酒[95749479]:emmmm，其实我觉得吧，在这个续约关头出这个事也挺耐人寻味
2018-12-06 22:44:43 珊多拉·凯尔薇·尤拉西斯[27189692]:你们的牌子名声臭了，我让你们私下带着有问题吗
2018-12-06 22:44:48 凉夏浅吟低唱[33544527]:那些爆出来虐童的，难道每时每刻都在虐童？
2018-12-06 22:44:50 默默大白菜愿世界和平[15580352]:我并不知道房管不介意讨论
2018-12-06 22:44:53 汪魅魅[363325506]:要打去練舞室打
2018-12-06 22:44:53 凉夏浅吟低唱[33544527]:吃瓜吃重点就好
2018-12-06 22:44:53 狼人_人狼_狼妖_狼兽人[1877572]:煩死了
2018-12-06 22:44:57 葉重_hiero[4973971]:不不不 是粉丝和非粉丝的人要互相尊重啊啊啊
2018-12-06 22:45:01 起名废丶西井[35744708]:我不介意你们讨论
2018-12-06 22:45:09 珊多拉·凯尔薇·尤拉西斯[27189692]:我们不尊重支持炼铜的人
2018-12-06 22:45:09 起名废丶西井[35744708]:随便你们说吧
2018-12-06 22:45:11 默默大白菜愿世界和平[15580352]:我觉得在他人直播间说这些不好看 我才说话的
2018-12-06 22:45:11 莫离莫离[2655281]:溜了，歌真好听
2018-12-06 22:45:13 珊多拉·凯尔薇·尤拉西斯[27189692]:因为不配
2018-12-06 22:45:15 我的小被子w[38654981]:要打去练舞室打哈哈哈哈哈哈
2018-12-06 22:45:19 我的小被子w[38654981]:提督
2018-12-06 22:45:21 穷胸极恶狗喵凉er゜[1615204]:提督房间过多，已改为私信发送
2018-12-06 22:45:27 莫离莫离[2655281]:哈哈哈哈哈哈哈哈哈哈你们不要再打了啦！！！
2018-12-06 22:45:29 我的小被子w[38654981]:谢谢～
2018-12-06 22:45:29 十字扣[2664830]:阴谋论可以有，但是他确实有这些事儿给人家捅出来，是前提
2018-12-06 22:45:33 狼人_人狼_狼妖_狼兽人[1877572]:在这吵一点用都没有， 只有心煩
2018-12-06 22:45:37 腿短我也很绝望啊[6077330]:在这里说没关系的
2018-12-06 22:45:44 腿短我也很绝望啊[6077330]:这里主播不会介意的
2018-12-06 22:45:48 腿短我也很绝望啊[6077330]:←◡←
2018-12-06 22:45:48 莫离莫离[2655281]:（尬舞）
2018-12-06 22:45:48 葉重_hiero[4973971]:哭辽 不要吵架~peace
2018-12-06 22:45:55 一身正气五五开[358813997]:我觉着总结起来就一点，爱称难听因为是最爱的主播所以能接受
2018-12-06 22:46:00 城南墙角下的皙酒[95749479]:确实，得要他做过才能爆出来
2018-12-06 22:46:02 一身正气五五开[358813997]:我们吃瓜的说当然不高兴
2018-12-06 22:46:20 珊多拉·凯尔薇·尤拉西斯[27189692]:你啥也没干过，你会怕吗
2018-12-06 22:46:24 珊多拉·凯尔薇·尤拉西斯[27189692]:你会躲吗
2018-12-06 22:46:30 珊多拉·凯尔薇·尤拉西斯[27189692]:你会不敢于面对大众吗
2018-12-06 22:46:33 珊多拉·凯尔薇·尤拉西斯[27189692]:我不信
2018-12-06 22:46:39 葉重_hiero[4973971]:我不怕我不躲啊~所以我觉得勋章不等于立场啊
2018-12-06 22:46:45 珊多拉·凯尔薇·尤拉西斯[27189692]:没说你
2018-12-06 22:46:47 珊多拉·凯尔薇·尤拉西斯[27189692]:.......
2018-12-06 22:46:52 腿短我也很绝望啊[6077330]:律师函警告了呀←◡←
2018-12-06 22:46:53 汪魅魅[363325506]:畢竟從第一天吃到現在的瓜看到的都是回踩
2018-12-06 22:46:56 葉重_hiero[4973971]:主播的事破站的事 他们当事人他们自己解决嘛
2018-12-06 22:47:11 珊多拉·凯尔薇·尤拉西斯[27189692]:不是我在怼支持炼铜主播的
2018-12-06 22:47:11 一條小魚[51033015]:尊重啊，不止尊重还很佩服。明知道屎是臭的抹上身，能有什么办法
2018-12-06 22:47:15 珊多拉·凯尔薇·尤拉西斯[27189692]:你不要冒出来
2018-12-06 22:47:21 狼人_人狼_狼妖_狼兽人[1877572]:直接屏蔽了（#-_-)┯━┯
2018-12-06 22:47:31 红莲希望忽忽平安喜乐[4290401]:因为粉丝不敢开麦哇
2018-12-06 22:47:38 起名废丶西井[35744708]:一句话吧。没做亏心事，不怕鬼敲门
2018-12-06 22:47:38 红莲希望忽忽平安喜乐[4290401]:所以看到的都是回踩
2018-12-06 22:47:45 凉夏浅吟低唱[33544527]:许他所谓口嗨，不许吃瓜的吐槽，太双标啦
2018-12-06 22:47:46 feifeirun[165315]:他没道歉？哪里不敢面对大众了
2018-12-06 22:47:46 葉重_hiero[4973971]:大大们都不要吵架拉~
2018-12-06 22:47:52 老嵩糕[12547472]:好奇你们想怎么开麦
2018-12-06 22:47:59 汪魅魅[363325506]:支持的那位房館666666
2018-12-06 22:48:04 珊多拉·凯尔薇·尤拉西斯[27189692]:道歉？比卢老爷的公关还公关
2018-12-06 22:48:05 一身正气五五开[358813997]:看出来了，现在这里647的分两波，一波是觉得nzj不好听的
2018-12-06 22:48:07 红莲希望忽忽平安喜乐[4290401]:有的脱粉好几个月了的也要带牌子开麦
2018-12-06 22:48:12 珊多拉·凯尔薇·尤拉西斯[27189692]:这东西叫道歉？
2018-12-06 22:48:12 非洲户籍[3360332]:粉丝立正挨打，别逆风输出了
2018-12-06 22:48:15 Stobin[11394441]:和B站的事情肯定要解决的，谁赔偿谁呢
2018-12-06 22:48:19 一條小魚[51033015]:可滚犊子吧，那公告叫道歉？
2018-12-06 22:48:20 一身正气五五开[358813997]:还一波那就是铁粉觉得炼铜棒的
2018-12-06 22:48:23 Stobin[11394441]:←◡←
2018-12-06 22:48:27 珊多拉·凯尔薇·尤拉西斯[27189692]:这道歉我一天能给你十万封
2018-12-06 22:48:31 珊多拉·凯尔薇·尤拉西斯[27189692]:你管这东西叫道歉？
2018-12-06 22:48:37 珊多拉·凯尔薇·尤拉西斯[27189692]:卢老爷都比这个诚恳
2018-12-06 22:48:40 珊多拉·凯尔薇·尤拉西斯[27189692]:您配吗
2018-12-06 22:48:40 汪魅魅[363325506]:哈哈哈哈哈哈
2018-12-06 22:48:44 feifeirun[165315]:呵呵，你说不叫就不叫吧，你开心就好
2018-12-06 22:48:44 城南墙角下的皙酒[95749479]:hhhhhh
2018-12-06 22:48:48 默默大白菜愿世界和平[15580352]:铁粉觉得榜的？你这话说的不妥当爸
2018-12-06 22:48:49 七宝de小雪柳[122356876]:这道歉没有一丝诚意好吧
2018-12-06 22:49:00 珊多拉·凯尔薇·尤拉西斯[27189692]:全篇没承认错误，也没向受害人道歉
2018-12-06 22:49:03 城南墙角下的皙酒[95749479]:确实不是道歉来着
2018-12-06 22:49:05 一條小魚[51033015]:求多读点书吧
2018-12-06 22:49:05 雅令小宝贝儿[554094]:炼铜本身肯定是不对的，但是没人说忽悠犯法了
2018-12-06 22:49:06 珊多拉·凯尔薇·尤拉西斯[27189692]:然后就没音信了
2018-12-06 22:49:13 Stobin[11394441]:模糊说辞大家都会压
2018-12-06 22:49:14 珊多拉·凯尔薇·尤拉西斯[27189692]:太厉害了
2018-12-06 22:49:14 葉重_hiero[4973971]:（还有一个是想劝架（结果没劝成功的
2018-12-06 22:49:27 珊多拉·凯尔薇·尤拉西斯[27189692]:你别劝架了
2018-12-06 22:49:27 起名废丶西井[35744708]:不用你劝
2018-12-06 22:49:31 一身正气五五开[358813997]:炼铜不犯法这句话我要截下来
2018-12-06 22:49:35 珊多拉·凯尔薇·尤拉西斯[27189692]:容易把自己搭进去
2018-12-06 22:49:37 非洲户籍[3360332]:犯不犯法看警察怎么说
2018-12-06 22:49:40 Bili_120173472[120173472]:我觉得今天大家都成年了，可以做点开心的事情了，所以有人找我吗
2018-12-06 22:49:45 老嵩糕[12547472]:太秀了
2018-12-06 22:49:47 葉重_hiero[4973971]:我..........emmmm
2018-12-06 22:49:49 珊多拉·凯尔薇·尤拉西斯[27189692]:没人，出去
2018-12-06 22:49:53 汪魅魅[363325506]:本直播間房館6666666
2018-12-06 22:49:54 默默大白菜愿世界和平[15580352]:装睡的人叫不醒太秀了
2018-12-06 22:50:01 非洲户籍[3360332]:舆论可不管你犯不犯法
2018-12-06 22:50:09 红莲希望忽忽平安喜乐[4290401]:哇你们断章取义的能力真的很厉害
2018-12-06 22:50:09 莫离莫离[2655281]:你们不要再打了啦（尬舞）
2018-12-06 22:50:10 珊多拉·凯尔薇·尤拉西斯[27189692]:谁是装睡的，历史会记住的
2018-12-06 22:50:13 珊多拉·凯尔薇·尤拉西斯[27189692]:人民群众会记住的
2018-12-06 22:50:16 feifeirun[165315]:哦现在是舆论执法了，牛批
2018-12-06 22:50:27 Stobin[11394441]:最高检新规定都出了
2018-12-06 22:50:32 莫离莫离[2655281]:我怎么才23，干
2018-12-06 22:50:34 珊多拉·凯尔薇·尤拉西斯[27189692]:要真是舆论执法，你们早就gun到小黑屋里去了
2018-12-06 22:50:35 红莲希望忽忽平安喜乐[4290401]:上帝都记得，放心
2018-12-06 22:50:35 城南墙角下的皙酒[95749479]:别吵啦，慢慢坐下来说嘛
2018-12-06 22:50:36 回回回复喵[299393604]:🚪164725👤汪魅魅🎁2个辣条~
2018-12-06 22:50:36 非洲户籍[3360332]:没毛病
2018-12-06 22:50:52 Stobin[11394441]:非直接接触的 言语炼铜也算哦
2018-12-06 22:50:53 feifeirun[165315]:可惜不行
2018-12-06 22:51:07 珊多拉·凯尔薇·尤拉西斯[27189692]:你们还能在这里发表支持炼铜，就说明言论足够籽油了
2018-12-06 22:51:11 非洲户籍[3360332]:马蓉出轨不犯法，但是不挨骂吗
2018-12-06 22:51:18 芳锦与芳芳[271470411]:法，已经是最后底线了，普通人还有道德，人品这些的吧
2018-12-06 22:51:20 feifeirun[165315]:没人支持炼铜蟹蟹
2018-12-06 22:51:20 雅令小宝贝儿[554094]:麻烦出示你的律师证谢谢
2018-12-06 22:51:20 老嵩糕[12547472]:口嗨一时爽，较真火葬场
2018-12-06 22:51:22 葉重_hiero[4973971]:（我觉得劝架的在这里没有姓名辽
2018-12-06 22:51:22 珊多拉·凯尔薇·尤拉西斯[27189692]:你这个性质不同
2018-12-06 22:51:26 回回回复喵[299393604]:🚪164725👤七宝de小雪柳🎁1个吃瓜~
2018-12-06 22:51:26 怒海潜将[795562]:人家翻黑历史可是翻得很彻底的，你们让647翻点证据证明没做过
2018-12-06 22:51:39 红莲希望忽忽平安喜乐[4290401]:你哪里看见我们支持联通了？
2018-12-06 22:51:39 尺籽看忽忽直播敲开心[2467608]:吃瓜吃全吧
2018-12-06 22:51:42 珊多拉·凯尔薇·尤拉西斯[27189692]:炼铜和对女性的不尊重和出轨两码事
2018-12-06 22:51:55 一條小魚[51033015]:翻得出就不会被锤成这样了
2018-12-06 22:51:58 珊多拉·凯尔薇·尤拉西斯[27189692]:忽某的黑历史都在那摆着
2018-12-06 22:52:00 Daye-八百锅圆板栗[8170550]:提督
2018-12-06 22:52:02 穷胸极恶狗喵凉er゜[1615204]:提督房间过多，已改为私信发送
2018-12-06 22:52:02 珊多拉·凯尔薇·尤拉西斯[27189692]:如果你们有本事，一条一条打脸
2018-12-06 22:52:07 珊多拉·凯尔薇·尤拉西斯[27189692]:别在这里强词夺理
2018-12-06 22:52:09 十字扣[2664830]:他到底是什么，我们清楚，你们也清楚
2018-12-06 22:52:10 十字扣[2664830]:而你们为什么这样，你们清楚，我们也清楚
2018-12-06 22:52:17 珊多拉·凯尔薇·尤拉西斯[27189692]:用证据反驳疑问
2018-12-06 22:52:19 红莲希望忽忽平安喜乐[4290401]:我想知道你吃的哪块瓜，吃全可以吗？
2018-12-06 22:52:21 芳锦与芳芳[271470411]:从你家那位说话和所谓的玩笑中就能看从他的思想和人品
2018-12-06 22:52:21 Stobin[11394441]:上帝不会忘记的哒，请放心啦
2018-12-06 22:52:23 珊多拉·凯尔薇·尤拉西斯[27189692]:或者用证据反驳证据
2018-12-06 22:52:26 默默大白菜愿世界和平[15580352]:这两句话同样送给你们
2018-12-06 22:52:26 Daye-八百锅圆板栗[8170550]:这干嘛呢…就吵起来了吗…
2018-12-06 22:52:37 起名废丶西井[35744708]:最高检第十一批指导性案例，骆某语言骚扰女童被判有期徒刑2年
2018-12-06 22:52:37 珊多拉·凯尔薇·尤拉西斯[27189692]:每一块瓜
2018-12-06 22:52:41 城南墙角下的皙酒[95749479]:她们吵起来了
2018-12-06 22:52:44 珊多拉·凯尔薇·尤拉西斯[27189692]:放心吧
2018-12-06 22:52:48 起名废丶西井[35744708]:网络聊天语言骚扰也可入刑
2018-12-06 22:52:55 起名废丶西井[35744708]:给你们Reference
2018-12-06 22:52:56 葉重_hiero[4973971]:（吵起来了怎么办 （劝架的不知道怎么办了
2018-12-06 22:52:58 珊多拉·凯尔薇·尤拉西斯[27189692]:还记得克里斯吗
2018-12-06 22:53:04 珊多拉·凯尔薇·尤拉西斯[27189692]:克里斯在天上看着你们
2018-12-06 22:53:06 城南墙角下的皙酒[95749479]:谁啊
2018-12-06 22:53:07 腿短我也很绝望啊[6077330]:不用劝
2018-12-06 22:53:07 feifeirun[165315]:不认识
2018-12-06 22:53:10 Stobin[11394441]:谢谢保留弹幕记录
2018-12-06 22:53:17 红莲希望忽忽平安喜乐[4290401]:哈哈哈哈哈你们真可爱
2018-12-06 22:53:20 七宝de小雪柳[122356876]:科里斯
2018-12-06 22:53:28 十字扣[2664830]:您家主子做了什么，您家同伴做了什么，我们都清楚
2018-12-06 22:53:30 腿短我也很绝望啊[6077330]:不认识，难怪啊←◡←
2018-12-06 22:53:31 琪妹炒鸡喜翻秃山山哒[345018215]:提督
2018-12-06 22:53:32 穷胸极恶狗喵凉er゜[1615204]:拒绝请求:3分钟内只允许发送1次私信，还剩90秒
2018-12-06 22:53:35 我的小被子w[38654981]:要打去练舞室打～(大声嚷嚷←_←
2018-12-06 22:53:35 红莲希望忽忽平安喜乐[4290401]:算了，祝你们开心
2018-12-06 22:53:44 一條小魚[51033015]:自己该有点分辩能力，锤的那些证据还不够的话，我建议你多读点书
2018-12-06 22:53:49 城南墙角下的皙酒[95749479]:诶，不吵了嘛
2018-12-06 22:53:59 珊多拉·凯尔薇·尤拉西斯[27189692]:不认识那就没办法了
2018-12-06 22:53:59 bobobluer[18482159]:提督
2018-12-06 22:54:00 穷胸极恶狗喵凉er゜[1615204]:拒绝请求:3分钟内只允许发送1次私信，还剩62秒
2018-12-06 22:54:05 珊多拉·凯尔薇·尤拉西斯[27189692]:读书少能怎么办呢
2018-12-06 22:54:08 葉重_hiero[4973971]:（夹在大佬之间发抖 但我很开心你们没有再说那个词了谢谢~~
2018-12-06 22:54:09 珊多拉·凯尔薇·尤拉西斯[27189692]:瓜吃得少能怎么办呢
2018-12-06 22:54:11 一條小魚[51033015]:不客气，我们确实挺开心的
2018-12-06 22:54:15 十字扣[2664830]:您这一套，只适合不明真相的吃瓜群众。而我们，知道发生了什么
2018-12-06 22:54:16 珊多拉·凯尔薇·尤拉西斯[27189692]:见识不多头发还长能怎么办呢
2018-12-06 22:54:19 一身正气五五开[358813997]:大家都是成年人了，我就说点开心的话题好了，195.5w
2018-12-06 22:54:20 非洲户籍[3360332]:科里斯老爷要是有200万粉也不会这么惨
2018-12-06 22:54:28 一身正气五五开[358813997]:粉丝还是挺多的
2018-12-06 22:54:28 珊多拉·凯尔薇·尤拉西斯[27189692]:那可不
2018-12-06 22:54:32 珊多拉·凯尔薇·尤拉西斯[27189692]:你看看这边洗地的
2018-12-06 22:54:34 一條小魚[51033015]:哈哈哈哈哈哈哈
2018-12-06 22:54:34 十字扣[2664830]:所以，某忽粉，您可以歇歇了。真心的，为了您的身体好
2018-12-06 22:54:35 珊多拉·凯尔薇·尤拉西斯[27189692]:再看看克里斯
2018-12-06 22:54:46 腿短我也很绝望啊[6077330]:还是粉丝太少了
2018-12-06 22:54:53 Daye-八百锅圆板栗[8170550]:克里斯究竟是什么梗啊
2018-12-06 22:54:59 我的小被子w[38654981]:哎你们几个小时前说的房管话题是啥，增加房管吗？当时忙，没看全
2018-12-06 22:55:02 起名废丶西井[35744708]:克里斯文爱
2018-12-06 22:55:02 我的小被子w[38654981]:_(:з」∠)_
2018-12-06 22:55:09 城南墙角下的皙酒[95749479]:真的不知道什么梗
2018-12-06 22:55:09 一條小魚[51033015]:果然还是粉丝太少了23333
2018-12-06 22:55:20 楠蓬有[20849879]:提督
2018-12-06 22:55:21 考试全都不挂科[7217833]:克里斯也是和未成年吧?后来就凉了
2018-12-06 22:55:21 穷胸极恶狗喵凉er゜[1615204]:提督房间过多，已改为私信发送
2018-12-06 22:55:22 琪妹炒鸡喜翻秃山山哒[345018215]:提督
2018-12-06 22:55:24 穷胸极恶狗喵凉er゜[1615204]:拒绝请求:3分钟内只允许发送1次私信，还剩178秒
2018-12-06 22:55:25 我的小被子w[38654981]:科里斯，搜一下就知道
2018-12-06 22:55:29 起名废丶西井[35744708]:本直播间房管增删改由我管理
2018-12-06 22:55:30 城南墙角下的皙酒[95749479]:文爱啊，呕呕呕
2018-12-06 22:55:40 我的小被子w[38654981]:当时闹得挺大的呀
2018-12-06 22:55:48 feifeirun[165315]:不认识不感兴趣不关心
2018-12-06 22:55:50 一條小魚[51033015]:本直播间已和谷歌合作，有事请谷歌
2018-12-06 22:55:54 一身正气五五开[358813997]:呕啥
2018-12-06 22:55:56 珊多拉·凯尔薇·尤拉西斯[27189692]:那可不不感兴趣
2018-12-06 22:56:03 一身正气五五开[358813997]:文爱好歹没见面吧
2018-12-06 22:56:05 城南墙角下的皙酒[95749479]:恶心
2018-12-06 22:56:09 珊多拉·凯尔薇·尤拉西斯[27189692]:你要是感兴趣你今天就不敢过来了
2018-12-06 22:56:10 文竹刺刺究极忙碌[28473843]:总督
2018-12-06 22:56:12 穷胸极恶狗喵凉er゜[1615204]:当前有效总督房:921260;4645623
2018-12-06 22:56:14 一身正气五五开[358813997]:某糊油可是。。。
2018-12-06 22:56:30 汐澜丶[3061595]:提督
2018-12-06 22:56:31 穷胸极恶狗喵凉er゜[1615204]:拒绝请求:3分钟内只允许发送1次私信，还剩111秒
2018-12-06 22:56:31 Stobin[11394441]:科某真的可惜了，他要是有你们这些粉丝就不会这么惨了
2018-12-06 22:56:38 城南墙角下的皙酒[95749479]:最讨厌文爱和语爱了
2018-12-06 22:56:47 一條小魚[51033015]:输在粉丝太少了23333
2018-12-06 22:56:53 天外田洞外东[294679420]:是上次那个魔兽玩家母亲发出来的吗
2018-12-06 22:57:00 我的小被子w[38654981]:是的
2018-12-06 22:57:05 我的小被子w[38654981]:就是那个
2018-12-06 22:57:09 珊多拉·凯尔薇·尤拉西斯[27189692]:闹得老大了
2018-12-06 22:57:16 天外田洞外东[294679420]:教唆未成年，该
2018-12-06 22:57:20 一身正气五五开[358813997]:总比实际操作大师糊油好吧我觉得
2018-12-06 22:57:22 Ｆιηε丶[402889]:0 0 这里人多 你们在这里讨论
2018-12-06 22:57:28 起名废丶西井[35744708]:克里斯死于NGA论坛
2018-12-06 22:57:30 城南墙角下的皙酒[95749479]:算了，感觉所有主播都差不多
2018-12-06 22:57:45 珊多拉·凯尔薇·尤拉西斯[27189692]:好主播是有的
2018-12-06 22:57:49 珊多拉·凯尔薇·尤拉西斯[27189692]:只是差的更多
2018-12-06 22:57:49 一身正气五五开[358813997]:文爱是精神伤害，肉体好歹没事
2018-12-06 22:57:58 一條小魚[51033015]:噗
2018-12-06 22:58:04 珊多拉·凯尔薇·尤拉西斯[27189692]:一棍子打死不现实
2018-12-06 22:58:12 城南墙角下的皙酒[95749479]:噗哈哈哈哈哈哈哈哈
2018-12-06 22:58:17 我的小被子w[38654981]:不要都打死呀
2018-12-06 22:58:19 天外田洞外东[294679420]:精神更厉害
2018-12-06 22:58:27 御剑中华[40858064]:欢迎加入 滚滚
2018-12-06 22:58:27 一條小魚[51033015]:我日，一口水喷自己电脑上了
2018-12-06 22:58:35 城南墙角下的皙酒[95749479]:噗
2018-12-06 22:58:35 老嵩糕[12547472]:允星河也在给647站街，“必经之路”
2018-12-06 22:58:37 起名废丶西井[35744708]:我管你是物理还是心理
2018-12-06 22:58:37 我的小被子w[38654981]:_(:з」∠)_
2018-12-06 22:58:40 一身正气五五开[358813997]:糊油抓实了先给他来套化学阉割
2018-12-06 22:58:40 城南墙角下的皙酒[95749479]:你是不是傻
2018-12-06 22:58:42 锦衣夜行的BT君[2722243]:好主播，比如我们滚滚~卖一波勋章
2018-12-06 22:58:42 姐控葱鼠[23411215]:？啥事情
2018-12-06 22:58:50 起名废丶西井[35744708]:都应该被碾
2018-12-06 22:59:07 汐澜丶[3061595]:提督
2018-12-06 22:59:08 穷胸极恶狗喵凉er゜[1615204]:提督房间过多，已改为私信发送
2018-12-06 22:59:08 老嵩糕[12547472]:生前都是体面人，吐口痰再走吧
2018-12-06 22:59:17 十字扣[2664830]:允星河自身难保了
2018-12-06 22:59:19 珊多拉·凯尔薇·尤拉西斯[27189692]:别在这吐
2018-12-06 22:59:21 珊多拉·凯尔薇·尤拉西斯[27189692]:打扫麻烦
2018-12-06 22:59:25 姐控葱鼠[23411215]:物质亚切大忽悠直播间被封了？
2018-12-06 22:59:25 城南墙角下的皙酒[95749479]:诶，我觉得我家老白也还不错，嘻嘻
2018-12-06 22:59:26 考试全都不挂科[7217833]:BT竟然19级了，大佬大佬
2018-12-06 22:59:26 珊多拉·凯尔薇·尤拉西斯[27189692]:允某自身难保
2018-12-06 22:59:27 一身正气五五开[358813997]:然后泰国走起
2018-12-06 22:59:27 我的小被子w[38654981]:233333
2018-12-06 22:59:28 老嵩糕[12547472]:【吸溜】
2018-12-06 22:59:41 非洲户籍[3360332]:允大叼被骂成皮皮虾
2018-12-06 22:59:50 我的小被子w[38654981]:呕_(:з」∠)_
2018-12-06 22:59:59 起名废丶西井[35744708]:647封10年
2018-12-06 22:59:59 珊多拉·凯尔薇·尤拉西斯[27189692]:站在人民群众和法律对面，你能有好？
2018-12-06 23:00:00 老嵩糕[12547472]:以后改名允金针吧
2018-12-06 23:00:04 一身正气五五开[358813997]:讲道理要不是站台，允某我都不知道有这号主播
2018-12-06 23:00:16 城南墙角下的皙酒[95749479]:噗
2018-12-06 23:00:28 城南墙角下的皙酒[95749479]:允星河还是挺出名的
2018-12-06 23:00:30 考试全都不挂科[7217833]:允星河为什么要跳出来挡子弹?他们什么关系
2018-12-06 23:00:40 珊多拉·凯尔薇·尤拉西斯[27189692]:那谁知道去
2018-12-06 23:00:46 一身正气五五开[358813997]:某失踪的穹直播间封了几年啊，似乎也是10年？
2018-12-06 23:00:46 利啊呦嘿[66600554]:朋友
2018-12-06 23:00:47 起名废丶西井[35744708]:可能没睡醒
2018-12-06 23:00:55 起名废丶西井[35744708]:穹也是10年
2018-12-06 23:01:01 城南墙角下的皙酒[95749479]:朋友吧，据说私交还可以
2018-12-06 23:01:08 Stobin[11394441]:允星河是出了名的敢讲，怼过好多东西啦
2018-12-06 23:01:12 老嵩糕[12547472]:(小声bb)都是男的
2018-12-06 23:01:13 怒海潜将[795562]:大概只有陨星河自己知道说了些什么
2018-12-06 23:01:16 葉重_hiero[4973971]:允粑粑的视频也很好笑啊呜呜
2018-12-06 23:01:19 一身正气五五开[358813997]:那是真爱懂不，被骂成狗还要出事了站台
2018-12-06 23:01:33 谁是谁的谁爱谁谁啊[283774302]:提督
2018-12-06 23:01:37 穷胸极恶狗喵凉er゜[1615204]:拒绝请求:3分钟内只允许发送1次私信，还剩34秒
2018-12-06 23:01:37 起名废丶西井[35744708]:但是允某的话本身就是错的= =
2018-12-06 23:01:37 Stobin[11394441]:是的，估摸着是乱讲话
2018-12-06 23:01:42 珊多拉·凯尔薇·尤拉西斯[27189692]:某幻没站队吧
2018-12-06 23:01:44 利啊呦嘿[66600554]:舰长崩了，有人管吗
2018-12-06 23:01:48 一身正气五五开[358813997]:BL够写老长的
2018-12-06 23:01:49 起名废丶西井[35744708]:什么叫“男人的成长必经之路”啊？？
2018-12-06 23:01:49 利啊呦嘿[66600554]:没有。
2018-12-06 23:01:55 Stobin[11394441]:但是一不小心被牵连出awful就很...
2018-12-06 23:01:58 怖补想陪250幻很久很久[73985747]:利利
2018-12-06 23:01:58 起名废丶西井[35744708]:舰长是破站屏蔽，我管不了了
2018-12-06 23:02:03 城南墙角下的皙酒[95749479]:噗哈哈哈哈哈哈哈哈
2018-12-06 23:02:05 Ｆιηε丶[402889]:舰长去 群里看
2018-12-06 23:02:08 珊多拉·凯尔薇·尤拉西斯[27189692]:那句话魂淡的一批
2018-12-06 23:02:12 珊多拉·凯尔薇·尤拉西斯[27189692]:男人的必经之路
2018-12-06 23:02:16 珊多拉·凯尔薇·尤拉西斯[27189692]:你当女人是什么
2018-12-06 23:02:18 我的小被子w[38654981]:必经之路
2018-12-06 23:02:18 匆匆岁月匆匆过[30653443]:......
2018-12-06 23:02:19 非洲户籍[3360332]:必经之路是口嗨还是炼铜
2018-12-06 23:02:22 我的小被子w[38654981]:绝了
2018-12-06 23:02:23 珊多拉·凯尔薇·尤拉西斯[27189692]:绊脚石吗
2018-12-06 23:02:26 十字扣[2664830]:送他一句呵呵。。。
2018-12-06 23:02:26 城南墙角下的皙酒[95749479]:什么是男人必经之路啊
2018-12-06 23:02:36 bobobluer[18482159]:提督
2018-12-06 23:02:37 穷胸极恶狗喵凉er゜[1615204]:提督房间过多，已改为私信发送
2018-12-06 23:02:55 Stobin[11394441]:去wb了解吧，这里一说感觉又要被jb
2018-12-06 23:02:55 老嵩糕[12547472]:太恶心了
2018-12-06 23:02:57 怖补想陪250幻很久很久[73985747]:提督
2018-12-06 23:02:58 穷胸极恶狗喵凉er゜[1615204]:拒绝请求:3分钟内只允许发送1次私信，还剩159秒
2018-12-06 23:03:08 养鱼幻下午要考试啦[108086152]:提督
2018-12-06 23:03:09 穷胸极恶狗喵凉er゜[1615204]:拒绝请求:3分钟内只允许发送1次私信，还剩149秒
2018-12-06 23:03:11 Stobin[11394441]:我估计他们还没走，可能还在看找机会jb
2018-12-06 23:03:16 起名废丶西井[35744708]:我上次Collect到200个吃瓜的Url
2018-12-06 23:03:30 起名废丶西井[35744708]:等我这个周末去找一下Azure部署一下
2018-12-06 23:03:31 我的小被子w[38654981]:jb是啥(｡･ω･｡)
2018-12-06 23:03:31 幸福的小泰泰[20181140]:总督
2018-12-06 23:03:33 穷胸极恶狗喵凉er゜[1615204]:当前有效总督房:921260;4645623
2018-12-06 23:03:36 珊多拉·凯尔薇·尤拉西斯[27189692]:不醒的就随他们去吧
2018-12-06 23:03:36 起名废丶西井[35744708]:举报
2018-12-06 23:03:37 一身正气五五开[358813997]:在破站眼里直播开车找黄图封10年炼铜封10年，结论开车=炼铜
2018-12-06 23:03:48 城南墙角下的皙酒[95749479]:突然感觉到这里来要把勋章给卸了
2018-12-06 23:03:49 我的小被子w[38654981]:嗷嗷_(:з」∠)_
2018-12-06 23:03:53 Stobin[11394441]:被jb一次B站秒通过
2018-12-06 23:03:55 珊多拉·凯尔薇·尤拉西斯[27189692]:←◡←？你这乱画等号可不行啊
2018-12-06 23:04:00 Stobin[11394441]:然后我吃了一天口球
2018-12-06 23:04:04 珊多拉·凯尔薇·尤拉西斯[27189692]:我之前就被举报了
2018-12-06 23:04:14 珊多拉·凯尔薇·尤拉西斯[27189692]:都不敢说脑C粉这个词了
2018-12-06 23:04:18 Ｆιηε丶[402889]:..
2018-12-06 23:04:18 城南墙角下的皙酒[95749479]:这个等号画的可以的哈哈哈哈哈哈
2018-12-06 23:04:24 一身正气五五开[358813997]:破绽不就是这么想的吗
2018-12-06 23:04:43 城南墙角下的皙酒[95749479]:噗哈哈哈哈哈哈哈哈
2018-12-06 23:04:44 考试全都不挂科[7217833]:这有啥，又不入征信，口球就口球呗
2018-12-06 23:04:46 一身正气五五开[358813997]:穹直播找黄图给封了10年。。。
2018-12-06 23:04:51 一身正气五五开[358813997]:炼铜也才10年
2018-12-06 23:04:53 Stobin[11394441]:B站高层站哪边多清楚啊
2018-12-06 23:05:04 城南墙角下的皙酒[95749479]:唔，怎么说呢
2018-12-06 23:05:20 等你先开口冬天才会走[5667554]:所以为什么要直播找黄图……
2018-12-06 23:05:24 一身正气五五开[358813997]:所以破站眼里这都是一个等级的事情
2018-12-06 23:05:26 回回回复喵[299393604]:🚪164725👤起名废丶西井🎁1个爆米花~
2018-12-06 23:05:29 已退直播区的葳蕤[95284802]:他不知道在直播
2018-12-06 23:05:38 城南墙角下的皙酒[95749479]:我认识一个高管说是对主播别投入太多感情
2018-12-06 23:05:42 葉重_hiero[4973971]:欸其实我觉得nc粉这个词也挺..不好的..毕竟不是所有人都是
2018-12-06 23:05:42 Stobin[11394441]:...
2018-12-06 23:05:53 Stobin[11394441]:看
2018-12-06 23:05:57 葉重_hiero[4973971]:就像大家不喜欢被叫成职黑一样啧啧
2018-12-06 23:05:58 珊多拉·凯尔薇·尤拉西斯[27189692]:是啊，但是现在还支持那不就是么
2018-12-06 23:05:58 Daye-八百锅圆板栗[8170550]:zqsg要遭报应的
2018-12-06 23:05:58 一身正气五五开[358813997]:cn粉就很好听
2018-12-06 23:06:02 起名废丶西井[35744708]:保证安全，我拿小号讲话
2018-12-06 23:06:11 爷樱椛爷爷瞥[263024497]:小号
2018-12-06 23:06:14 考试全都不挂科[7217833]:我是滚滚的老残粉(骄傲脸)
2018-12-06 23:06:14 城南墙角下的皙酒[95749479]:毕竟主播都是由公司控制
2018-12-06 23:06:17 已退直播区的葳蕤[95284802]:？
2018-12-06 23:06:22 二少么么哒[9069116]:提督
2018-12-06 23:06:24 穷胸极恶狗喵凉er゜[1615204]:提督房间过多，已改为私信发送
2018-12-06 23:06:29 Stobin[11394441]:种花家的缩写 cn？←◡←
2018-12-06 23:06:38 已退直播区的葳蕤[95284802]:nc？
2018-12-06 23:06:45 一身正气五五开[358813997]:是啊⁄(⁄ ⁄•⁄ω⁄•⁄ ⁄)⁄
2018-12-06 23:06:45 城南墙角下的皙酒[95749479]:诶，种花家
2018-12-06 23:06:45 珊多拉·凯尔薇·尤拉西斯[27189692]:←◡←可不敢乱缩写
2018-12-06 23:06:57 珊多拉·凯尔薇·尤拉西斯[27189692]:我一般习惯缩减为PRC
2018-12-06 23:07:01 甜饼想做你的杯中酒[8702344]:种花家
2018-12-06 23:07:03 非洲户籍[3360332]:封了7天
2018-12-06 23:07:04 甜饼想做你的杯中酒[8702344]:让我想起
2018-12-06 23:07:11 甜饼想做你的杯中酒[8702344]:那年那兔
2018-12-06 23:07:21 城南墙角下的皙酒[95749479]:对的，就是呀
2018-12-06 23:07:21 一身正气五五开[358813997]:所以说你是个cn粉是在夸你爱国
2018-12-06 23:07:22 爷樱椛爷爷瞥[263024497]:控制台发弹幕u压压惊
2018-12-06 23:07:28 已退直播区的葳蕤[95284802]:没听懂
2018-12-06 23:07:34 考试全都不挂科[7217833]:我一般说兔子
2018-12-06 23:07:44 葉重_hiero[4973971]:这时候感觉要换个勋章秀一下
2018-12-06 23:07:52 珊多拉·凯尔薇·尤拉西斯[27189692]:←◡←
2018-12-06 23:08:00 城南墙角下的皙酒[95749479]:可以的
2018-12-06 23:08:05 珊多拉·凯尔薇·尤拉西斯[27189692]:←◡←还是自己的好
2018-12-06 23:08:07 谁是谁的谁爱谁谁啊[283774302]:提督
2018-12-06 23:08:07 Ｆιηε丶[402889]:0 0 还以为魔兽争霸呢
2018-12-06 23:08:08 葉重_hiero[4973971]:观视频直播那会儿 20级禁言也是帅的飞起
2018-12-06 23:08:08 穷胸极恶狗喵凉er゜[1615204]:拒绝请求:3分钟内只允许发送1次私信，还剩76秒
2018-12-06 23:08:11 城南墙角下的皙酒[95749479]:(〜￣△￣)〜
2018-12-06 23:08:48 城南墙角下的皙酒[95749479]:噗哈哈哈哈哈哈哈哈哈哈哈哈
2018-12-06 23:08:48 葉重_hiero[4973971]:为什么自己的勋章可以到11级！惊了
2018-12-06 23:08:56 半城如果[30223477]:总督
2018-12-06 23:08:58 穷胸极恶狗喵凉er゜[1615204]:当前有效总督房:921260;4645623
2018-12-06 23:09:05 Stobin[11394441]:←◡←
2018-12-06 23:09:05 城南墙角下的皙酒[95749479]:签到呀
2018-12-06 23:09:07 一身正气五五开[358813997]:主播能给自己送礼物吗
2018-12-06 23:09:17 Stobin[11394441]:可以啊，上舰长大航海不算的
2018-12-06 23:09:18 城南墙角下的皙酒[95749479]:可以的吧
2018-12-06 23:09:24 非洲户籍[3360332]:还能给自己充电
2018-12-06 23:09:26 利啊呦嘿[66600554]:不能。可以给自己充电
2018-12-06 23:09:31 城南墙角下的皙酒[95749479]:hhhhhh
2018-12-06 23:09:34 迷幻大姐姐[287110443]:#确认进群3306138307
2018-12-06 23:09:38 葉重_hiero[4973971]:我只知道能给自己充电拿牌子
2018-12-06 23:09:38 Stobin[11394441]:另外可以戴勋章捡亲密度呀
2018-12-06 23:09:39 爷樱椛爷爷瞥[263024497]:先给自己氪金充电拿勋章
2018-12-06 23:09:41 喵呜想永远陪你走下去[15824840]:提督
2018-12-06 23:09:42 穷胸极恶狗喵凉er゜[1615204]:提督房间过多，已改为私信发送
2018-12-06 23:09:47 爷樱椛爷爷瞥[263024497]:然后去领大航海亲密
2018-12-06 23:09:49 一身正气五五开[358813997]:_(:3」∠)_金瓜子礼物送不了是最烦的
2018-12-06 23:09:52 葉重_hiero[4973971]:捡亲密捡到11级？！
2018-12-06 23:10:03 半城如果[30223477]:总督
2018-12-06 23:10:05 穷胸极恶狗喵凉er゜[1615204]:当前有效总督房:921260;4645623
2018-12-06 23:10:05 红莲希望忽忽平安喜乐[4290401]:主播能获得自己的勋章？
2018-12-06 23:10:08 Stobin[11394441]:那是60级dalao，他有钱
2018-12-06 23:10:12 城南墙角下的皙酒[95749479]:11级又不算难吧
2018-12-06 23:10:14 天外田洞外东[294679420]:到11级要不了多久的
2018-12-06 23:10:22 Stobin[11394441]:可以，你主站充电可以拿自己勋章
2018-12-06 23:10:22 葉重_hiero[4973971]:我哭辽...
2018-12-06 23:10:26 Daye-八百锅圆板栗[8170550]:11级两周差不多
2018-12-06 23:10:32 葉重_hiero[4973971]:都是大佬...
2018-12-06 23:10:32 非洲户籍[3360332]:我半年8个10级
2018-12-06 23:10:36 葉重_hiero[4973971]:我在15级一年了...
2018-12-06 23:10:40 Ｆιηε丶[402889]:10到11级 大概捡10天
2018-12-06 23:10:44 Ｆιηε丶[402889]:辣条
2018-12-06 23:10:50 葉重_hiero[4973971]:大佬们 对不起 打扰了
2018-12-06 23:10:50 Stobin[11394441]:满亲密度送没多久啊
2018-12-06 23:11:00 御剑中华[40858064]:15开始很难升了
2018-12-06 23:11:05 珊多拉·凯尔薇·尤拉西斯[27189692]:西井你这直播间简介哪年的
2018-12-06 23:11:08 珊多拉·凯尔薇·尤拉西斯[27189692]:我点进去一个没有
2018-12-06 23:11:18 起名废丶西井[35744708]:因为破站屏蔽了
2018-12-06 23:11:20 Stobin[11394441]:我17到18级花了2个月，如果满亲密度送只要40天
2018-12-06 23:11:25 起名废丶西井[35744708]:吃数字组合
2018-12-06 23:11:25 Daye-八百锅圆板栗[8170550]:简介好像坏了
2018-12-06 23:11:26 城南墙角下的皙酒[95749479]:其实怎么说呢，你在活动的时候结束晚上辣条特别多
2018-12-06 23:11:34 珊多拉·凯尔薇·尤拉西斯[27189692]:啧
2018-12-06 23:11:37 Stobin[11394441]:B站改版了，不能了
2018-12-06 23:11:45 Ｆιηε丶[402889]:17升18 是靠C位那个活动
2018-12-06 23:11:45 珊多拉·凯尔薇·尤拉西斯[27189692]:总督倒是可以
2018-12-06 23:12:00 Stobin[11394441]:←◡←，是的啦
2018-12-06 23:12:02 葉重_hiero[4973971]:你们太强了...都是秃头怪不睡觉的吗
2018-12-06 23:12:08 Stobin[11394441]:我很肝的
2018-12-06 23:12:11 城南墙角下的皙酒[95749479]:睡觉的呀
2018-12-06 23:12:20 珊多拉·凯尔薇·尤拉西斯[27189692]:=。=再有人挑事来个人去三号喊我
2018-12-06 23:12:22 城南墙角下的皙酒[95749479]:不就1点睡嘛
2018-12-06 23:12:24 非洲户籍[3360332]:一天一千够了
2018-12-06 23:12:26 珊多拉·凯尔薇·尤拉西斯[27189692]:看见了我就过来聊聊
2018-12-06 23:12:35 非洲户籍[3360332]:为了赚点扭蛋币
2018-12-06 23:12:35 城南墙角下的皙酒[95749479]:好的呐
2018-12-06 23:12:35 珊多拉·凯尔薇·尤拉西斯[27189692]:←◡←萌新去喝酸梅汤了
2018-12-06 23:12:41 爷樱椛爷爷瞥[263024497]:还有16天了
2018-12-06 23:12:42 城南墙角下的皙酒[95749479]:我也想喝
2018-12-06 23:12:54 葉重_hiero[4973971]:别挑事了 挑了劝不动架
2018-12-06 23:12:54 起名废丶西井[35744708]:非敏感话题我还是换回大号发吧。。
2018-12-06 23:13:04 Ｆιηε丶[402889]:最近 友爱社好像崩了
2018-12-06 23:13:04 城南墙角下的皙酒[95749479]:啧，在寝室就是不方便
2018-12-06 23:13:09 起名废丶西井[35744708]:现在647真的没法洗，认真的
2018-12-06 23:13:12 Ｆιηε丶[402889]:每周的亲密都没到
2018-12-06 23:13:32 红莲希望忽忽平安喜乐[4290401]:BGM是什么？
2018-12-06 23:13:37 城南墙角下的皙酒[95749479]:对了是有群的嘛，可以加吗
2018-12-06 23:13:50 法考考神[296808689]:舰长
2018-12-06 23:13:50 起名废丶西井[35744708]:BGM发送“#识别音乐”
2018-12-06 23:13:51 默默大白菜愿世界和平[15580352]:主播信息 里的链接没更新？
2018-12-06 23:13:51 穷胸极恶狗喵凉er゜[1615204]:舰长房间过多，已改为私信发送
2018-12-06 23:13:59 起名废丶西井[35744708]:加群方法请查看群介绍
2018-12-06 23:14:07 匆匆岁月匆匆过[30653443]:简介炸了
2018-12-06 23:14:09 红莲希望忽忽平安喜乐[4290401]:识别音乐
2018-12-06 23:14:10 穷胸极恶狗喵凉er゜[1615204]:@红莲希望忽忽平安喜乐 已开始识别，请稍等
2018-12-06 23:14:15 穷胸极恶狗喵凉er゜[1615204]:识别结果:孤独な巡礼 - 川井憲次，详细信息已私信
2018-12-06 23:14:15 SPICa、[2645016]:#识别音乐
2018-12-06 23:14:17 穷胸极恶狗喵凉er゜[1615204]:@SPICa、 已开始识别，请稍等
2018-12-06 23:14:20 匆匆岁月匆匆过[30653443]:进群吧
2018-12-06 23:14:26 メイドちゃん[20665114]:提督
2018-12-06 23:14:27 穷胸极恶狗喵凉er゜[1615204]:拒绝请求:3分钟内只允许发送1次私信，还剩145秒
2018-12-06 23:14:37 SusanTLY[258771945]:提督
2018-12-06 23:14:38 穷胸极恶狗喵凉er゜[1615204]:拒绝请求:3分钟内只允许发送1次私信，还剩134秒
2018-12-06 23:15:50 葉重_hiero[4973971]:突然冷清
2018-12-06 23:16:10 Ｆιηε丶[402889]:主要是不知道干什么好
2018-12-06 23:16:14 Ｆιηε丶[402889]:0 0 还是休息吧
2018-12-06 23:16:19 起名废丶西井[35744708]:1月过后会考虑把机器人开回来
2018-12-06 23:16:33 起名废丶西井[35744708]:现在设置属性会抛出异常
2018-12-06 23:16:33 红莲希望忽忽平安喜乐[4290401]:11点了可以准备睡了
2018-12-06 23:16:35 Ｆιηε丶[402889]:看会儿 炉石去。。
2018-12-06 23:16:35 考试全都不挂科[7217833]:我胆小，不敢说话了
2018-12-06 23:16:38 メイドちゃん[20665114]:提督
2018-12-06 23:16:39 穷胸极恶狗喵凉er゜[1615204]:拒绝请求:3分钟内只允许发送1次私信，还剩13秒
2018-12-06 23:16:51 葉重_hiero[4973971]:这个直播间都是大佬...
2018-12-06 23:16:54 葉重_hiero[4973971]:萌新瑟瑟发抖
2018-12-06 23:16:59 起名废丶西井[35744708]:#指令管理 xds 启用 所有播报
2018-12-06 23:17:01 穷胸极恶狗喵凉er゜[1615204]:拒绝请求:在1月4号之前，且未启用加密时，禁止修改此属性
2018-12-06 23:17:02 メイドちゃん[20665114]:提督
2018-12-06 23:17:03 穷胸极恶狗喵凉er゜[1615204]:提督房间过多，已改为私信发送
2018-12-06 23:17:12 起名废丶西井[35744708]:1月4号之后再说
2018-12-06 23:17:23 红莲希望忽忽平安喜乐[4290401]:提督
2018-12-06 23:17:24 穷胸极恶狗喵凉er゜[1615204]:拒绝请求:3分钟内只允许发送1次私信，还剩160秒
2018-12-06 23:17:39 メイドちゃん[20665114]:领完睡觉
2018-12-06 23:17:50 Weieh[13137663]:总督
2018-12-06 23:17:51 穷胸极恶狗喵凉er゜[1615204]:当前有效总督房:921260;4645623
2018-12-06 23:21:10 考试全都不挂科[7217833]:累死我了，终于又升满一个头衔
2018-12-06 23:21:23 小天使和赫宰結婚了[20242784]:#确认进群 3303537145
2018-12-06 23:21:24 穷胸极恶狗喵凉er゜[1615204]:已提交到机器人进行处理
2018-12-06 23:21:57 秋名咧[104887941]:恭喜恭喜，辛苦了
2018-12-06 23:22:12 Stobin[11394441]:给dalao递茶
2018-12-06 23:22:17 Sp1endid[23091288]:提督
2018-12-06 23:22:19 穷胸极恶狗喵凉er゜[1615204]:提督房间过多，已改为私信发送
2018-12-06 23:22:23 考试全都不挂科[7217833]:开始升级新头衔
2018-12-06 23:22:30 Stobin[11394441]:唔，看来我反应真迟钝
2018-12-06 23:22:46 Stobin[11394441]:这才发现网页弹幕栏那个速发弹幕的没了
2018-12-06 23:22:57 秋名咧[104887941]:←◡←看来“铁粉”走了，小秋名阔以冒个泡了
2018-12-06 23:22:58 城南墙角下的皙酒[95749479]:#确认进群 1473845638
2018-12-06 23:23:00 穷胸极恶狗喵凉er゜[1615204]:已提交到机器人进行处理
2018-12-06 23:23:11 峲鴗[6382710]:提督
2018-12-06 23:23:12 穷胸极恶狗喵凉er゜[1615204]:拒绝请求:3分钟内只允许发送1次私信，还剩127秒
2018-12-06 23:23:18 Stobin[11394441]:比如gay里gay气。给大佬递茶什么的没有了
2018-12-06 23:23:23 团・砸[8878193]: 大家新年好！
2018-12-06 23:23:36 Stobin[11394441]:新年好！
2018-12-06 23:23:37 城南墙角下的皙酒[95749479]:就是突然发现这里好多大佬
2018-12-06 23:23:40 秋名咧[104887941]:团砸生日快乐
2018-12-06 23:23:49 城南墙角下的皙酒[95749479]:新年好呐
2018-12-06 23:23:50 团・砸[8878193]:生日？
2018-12-06 23:24:13 秋名咧[104887941]:←◡←今天也不是新年呀
2018-12-06 23:24:16 团・砸[8878193]:既然祝我生日快乐。那礼物呢（突然嚣张）
2018-12-06 23:24:39 回回回复喵[299393604]:🚪164725👤等你先开口冬天才会走🎁1个辣条~
2018-12-06 23:24:46 团・砸[8878193]:只要胆子大，每天都是新年！
2018-12-06 23:25:19 团・砸[8878193]:总督
2018-12-06 23:25:20 穷胸极恶狗喵凉er゜[1615204]:当前有效总督房:921260;4645623
2018-12-06 23:25:24 秋名咧[104887941]:团砸(●'◡'●)ﾉ❤笔芯（你要的礼物）
2018-12-06 23:25:27 起名废丶西井[35744708]:←◡←
2018-12-06 23:25:35 Ｆιηε丶[402889]:提督
2018-12-06 23:25:36 勤劳善良温柔的老实人[1408483]:提督
2018-12-06 23:25:36 穷胸极恶狗喵凉er゜[1615204]:提督房间过多，已改为私信发送
2018-12-06 23:25:36 团・砸[8878193]:我不要了
2018-12-06 23:25:37 穷胸极恶狗喵凉er゜[1615204]:拒绝请求:3分钟内只允许发送1次私信，还剩179秒
2018-12-06 23:25:51 团・砸[8878193]:表白益达！
2018-12-06 23:25:51 秋名咧[104887941]:_(:3」∠)_
2018-12-06 23:25:58 回回回复喵[299393604]:🚪164725👤葉重_hiero🎁1个亿圆~
2018-12-06 23:26:03 起名废丶西井[35744708]:←◡←对你的表白返回406
2018-12-06 23:26:10 团・砸[8878193]:今天想办法下载office2010发现不会
2018-12-06 23:26:22 团・砸[8878193]:最后还是求助计算机老师才行
2018-12-06 23:26:26 秋名咧[104887941]:←◡←西井动手！720
2018-12-06 23:26:37 团・砸[8878193]:然后再次发现益达好厉害！
2018-12-06 23:26:49 起名废丶西井[35744708]:←◡←你别舔了
2018-12-06 23:27:03 法考考神[296808689]:提督
2018-12-06 23:27:04 穷胸极恶狗喵凉er゜[1615204]:拒绝请求:3分钟内只允许发送1次私信，还剩92秒
2018-12-06 23:27:07 团・砸[8878193]:嘿呀，我这是夸你呢
2018-12-06 23:27:12 秋名咧[104887941]:←◡←舔狗一无所有2333
2018-12-06 23:27:28 起名废丶西井[35744708]:别了别了
2018-12-06 23:27:49 团・砸[8878193]:我宣布，益达害羞了
2018-12-06 23:27:49 考试全都不挂科[7217833]:说到2010，我才发现我至今也没激活，一直凑合着用
2018-12-06 23:28:06 团・砸[8878193]:我也没激活……
2018-12-06 23:28:09 起名废丶西井[35744708]:←◡←网上大把激活工具
2018-12-06 23:28:19 团・砸[8878193]:然后2007的不知道为什么卸载不了
2018-12-06 23:28:34 团・砸[8878193]:明天骚扰益达
2018-12-06 23:28:46 团・砸[8878193]:让益达帮我装√
2018-12-06 23:28:55 起名废丶西井[35744708]:←◡←返回403
2018-12-06 23:29:06 法考考神[296808689]:提督
2018-12-06 23:29:06 团・砸[8878193]:益达我已经预定了你明天的日程了！
2018-12-06 23:29:07 穷胸极恶狗喵凉er゜[1615204]:提督房间过多，已改为私信发送
2018-12-06 23:29:15 起名废丶西井[35744708]:←◡←预定？返回404
2018-12-06 23:29:19 等你先开口冬天才会走[5667554]:怎么识别音乐来着？
2018-12-06 23:29:21 团・砸[8878193]:返回失败
2018-12-06 23:29:27 起名废丶西井[35744708]:就发“识别音乐”
2018-12-06 23:29:32 秋名咧[104887941]:←◡←西井我jio得阔以和团砸交易一波
2018-12-06 23:29:40 团・砸[8878193]:音乐识别
2018-12-06 23:29:40 起名废丶西井[35744708]:←◡←不要，我拒绝
2018-12-06 23:29:40 等你先开口冬天才会走[5667554]:识别音乐
2018-12-06 23:29:41 穷胸极恶狗喵凉er゜[1615204]:@团・砸 已开始识别，请稍等
2018-12-06 23:29:42 穷胸极恶狗喵凉er゜[1615204]:拒绝请求:已经有一个识别在执行了
2018-12-06 23:29:43 穷胸极恶狗喵凉er゜[1615204]:识别结果:百鬼夜行抄～安息 - 百鬼夜行抄，详细信息已私信
2018-12-06 23:30:20 团・砸[8878193]:反正明天骚扰益达
2018-12-06 23:30:32 起名废丶西井[35744708]:←◡←那我先屏蔽一下
2018-12-06 23:30:47 团・砸[8878193]:然后发个红包贿赂一下益达
2018-12-06 23:31:11 起名废丶西井[35744708]:屏蔽了，看不见
2018-12-06 23:31:15 团・砸[8878193]:困了，晚安
2018-12-06 23:31:20 秋名咧[104887941]:←◡←我还是闻到了交易的味道
2018-12-06 23:32:38 秋名咧[104887941]:(´･_･`)话说今晚的高能是不是有点低啊
2018-12-06 23:32:45 起名废丶西井[35744708]:小电视
2018-12-06 23:32:47 穷胸极恶狗喵凉er゜[1615204]:06号记录到65个小电视飞船;193个嗨翻全城
2018-12-06 23:32:48 穷胸极恶狗喵凉er゜[1615204]:129个摩天大楼;53个小金人;7个任意门;总计447个
2018-12-06 23:32:50 穷胸极恶狗喵凉er゜[1615204]:漏2个
2018-12-06 23:33:06 Ｆιηε丶[402889]:0 0 高能我早放弃了。。
2018-12-06 23:33:22 秋名咧[104887941]:第二阶段最后一天就这个量？
2018-12-06 23:33:41 起名废丶西井[35744708]:←◡←因为。。
2018-12-06 23:33:57 莯莯啊哥哥给你暖被窝[39909683]:不科学
2018-12-06 23:34:06 Stobin[11394441]:第3轮激烈点
2018-12-06 23:34:12 峲鴗[6382710]:提督
2018-12-06 23:34:14 穷胸极恶狗喵凉er゜[1615204]:提督房间过多，已改为私信发送
2018-12-06 23:34:16 Ｆιηε丶[402889]:439 和 66688 可能会打一下
2018-12-06 23:34:24 Stobin[11394441]:第一第二轮都时躺输或者躺赢
2018-12-06 23:34:37 Stobin[11394441]:是的，荣耀赛就这2个要争吧
2018-12-06 23:34:45 箫语丶浪越7[1970636]:岛主会不会出现
2018-12-06 23:34:47 黑森林沼泽[3961672]:提督
2018-12-06 23:34:47 库洛彩[21859835]:舰长
2018-12-06 23:34:49 穷胸极恶狗喵凉er゜[1615204]:拒绝请求:3分钟内只允许发送1次私信，还剩145秒
2018-12-06 23:34:51 穷胸极恶狗喵凉er゜[1615204]:查询失败(弹幕重复)
2018-12-06 23:34:53 Stobin[11394441]:也许复活30进20礼物多点
2018-12-06 23:35:02 箫语丶浪越7[1970636]:期待一下岛主
2018-12-06 23:35:03 撒fufu的珂儿[28872983]:总督
2018-12-06 23:35:05 穷胸极恶狗喵凉er゜[1615204]:当前有效总督房:921260;4645623
2018-12-06 23:36:14 溪瑋大人最帅[350922206]:提督
2018-12-06 23:36:16 穷胸极恶狗喵凉er゜[1615204]:拒绝请求:私信已被B站禁用，请查看简介，还剩58分钟
2018-12-06 23:36:32 起名废丶西井[35744708]:←◡←冷冷清清
2018-12-06 23:36:47 溪瑋大人最帅[350922206]:๑乛◡乛๑凄凄惨惨戚戚
2018-12-06 23:36:56 溪瑋大人最帅[350922206]:你把寻寻觅觅放哪里了
2018-12-06 23:37:18 箫语丶浪越7[1970636]:我要收回前面的话，我不期待岛主……
2018-12-06 23:37:27 Ｆιηε丶[402889]:..
2018-12-06 23:37:35 起名废丶西井[35744708]:←◡←那你期待谁？
2018-12-06 23:37:46 溪瑋大人最帅[350922206]:期待益达
2018-12-06 23:37:51 Ｆιηε丶[402889]:233
2018-12-06 23:37:57 起名废丶西井[35744708]:←◡←？？？
2018-12-06 23:38:00 溪瑋大人最帅[350922206]:给稽气人扔个高能吧
2018-12-06 23:38:10 箫语丶浪越7[1970636]:刚发现岛主打的是我秋秋子（TДT)
2018-12-06 23:39:54 八雲鉛筆[13322565]:总督
2018-12-06 23:39:55 穷胸极恶狗喵凉er゜[1615204]:当前有效总督房:921260;4645623
2018-12-06 23:40:43 Stobin[11394441]:提督
2018-12-06 23:40:44 穷胸极恶狗喵凉er゜[1615204]:拒绝请求:私信已被B站禁用，请查看简介，还剩54分钟
2018-12-06 23:40:56 Stobin[11394441]:#提督 公屏
2018-12-06 23:40:57 穷胸极恶狗喵凉er゜[1615204]:当前有效提督房:260(剩1分钟)
2018-12-06 23:40:59 穷胸极恶狗喵凉er゜[1615204]:14335573(剩8分钟);7688602;228
2018-12-06 23:41:00 穷胸极恶狗喵凉er゜[1615204]:9905913;433;413;21067393;118
2018-12-06 23:41:01 穷胸极恶狗喵凉er゜[1615204]:653;13167970;571
2018-12-06 23:44:41 星月染雲野[153073280]:#确认进群 3430216644
2018-12-06 23:44:43 穷胸极恶狗喵凉er゜[1615204]:已提交到机器人进行处理
2018-12-06 23:51:32 楠蓬有[20849879]:#确认进群 535945190
2018-12-06 23:51:33 穷胸极恶狗喵凉er゜[1615204]:已提交到机器人进行处理
2018-12-06 23:54:14 楠蓬有[20849879]:#确认进群 535945190
2018-12-06 23:54:16 穷胸极恶狗喵凉er゜[1615204]:已提交到机器人进行处理
2018-12-06 23:55:03 非洲户籍[3360332]:439和66688难解难分，等一个偷塔
2018-12-06 23:55:39 考试全都不挂科[7217833]:冻死我了，希望他们来一波大的
2018-12-06 23:55:41 赵志铭的男神[38844088]:提督
2018-12-06 23:55:42 穷胸极恶狗喵凉er゜[1615204]:拒绝请求:私信已被B站禁用，请查看简介，还剩39分钟
2018-12-06 23:57:41 起名废丶西井[35744708]:现在再发一次确认进群。
2018-12-06 23:58:14 Stobin[11394441]:等一下我有点懵
2018-12-06 23:58:24 起名废丶西井[35744708]:←◡←怎么啦
2018-12-06 23:58:56 Stobin[11394441]:E组不就他俩了吗，前2进前十，争毛啊
2018-12-06 23:59:47 起名废丶西井[35744708]:←◡←；没了解比赛的我
