2018-12-05 13:39:39 [年爷][钻石星尘](UL 51)起名废丶西井[35744708]:测试
2018-12-05 13:40:43 {忽悠,11}[Rhythm Saber](UL 20)_譞子是萱子呀[4641271]:我惊了我也还在（）
2018-12-05 13:43:45 {忽悠,11}[Rhythm Saber](UL 20)_譞子是萱子呀[4641271]:51级大佬是个啥情况（）
2018-12-05 13:46:05 [年爷][钻石星尘](UL 51)起名废丶西井[35744708]:我是用弹幕姬连接的，顺便attach了这里
2018-12-05 13:46:15 {忽悠,11}[Rhythm Saber](UL 20)_譞子是萱子呀[4641271]:妈呀
2018-12-05 13:46:30 {忽悠,11}[Rhythm Saber](UL 20)_譞子是萱子呀[4641271]:还有这种操作。。。。
2018-12-05 13:46:32 {忽悠,11}[Rhythm Saber](UL 20)_譞子是萱子呀[4641271]:(￣▽￣")
2018-12-05 13:47:02 [年爷][钻石星尘](UL 51)起名废丶西井[35744708]:嗯，只是想看看还存不存在封直播间送礼的情况
2018-12-05 13:47:21 {忽悠,11}[Rhythm Saber](UL 20)_譞子是萱子呀[4641271]:OTZ
2018-12-05 13:47:32 {忽悠,11}[Rhythm Saber](UL 20)_譞子是萱子呀[4641271]:送礼物是送不了的）
2018-12-05 13:47:37 {忽悠,11}[Rhythm Saber](UL 20)_譞子是萱子呀[4641271]:不过好像可以。领瓜子
2018-12-05 13:48:05 [年爷][钻石星尘](UL 51)起名废丶西井[35744708]:瓜子在什么直播间都可以领
2018-12-05 13:48:15 [年爷][钻石星尘](UL 51)起名废丶西井[35744708]:送礼按api规范是不能送给封禁主播的
2018-12-05 13:48:20 [年爷][钻石星尘](UL 51)起名废丶西井[35744708]:待会儿我测试一下
2018-12-05 13:48:30 {忽悠,11}[Rhythm Saber](UL 20)_譞子是萱子呀[4641271]:OTZ
2018-12-05 13:48:41 {忽悠,11}[Rhythm Saber](UL 20)_譞子是萱子呀[4641271]:和大佬对话的赶脚（紧脏.jpg）
2018-12-05 13:48:55 [年爷][钻石星尘](UL 51)起名废丶西井[35744708]:我是萌新
2018-12-05 13:49:37 {忽悠,11}[Rhythm Saber](UL 20)_譞子是萱子呀[4641271]:我不信。。。顺便戳了眼主页。。。大佬教我码代码！（不）
2018-12-05 13:50:03 {忽悠,11}[Rhythm Saber](UL 20)_譞子是萱子呀[4641271]:溜了乖乖回去学操作系统（）
2018-12-05 13:52:36 [年爷][钻石星尘](UL 51)起名废丶西井[35744708]:该房间已被锁定，无法收礼(696)
2018-12-05 13:52:39 [年爷][钻石星尘](UL 51)起名废丶西井[35744708]:行吧
2018-12-05 13:53:19 {忽悠,11}[Rhythm Saber](UL 20)_譞子是萱子呀[4641271]:_(:з」∠)_
2018-12-05 14:15:40 [月爷]{忽悠,17}[骑士之心](UL 37)忽悠牌绘画铅笔[9365665]:_(:з」∠)_惊现大佬
2018-12-05 14:19:29 {忽悠,11}[Rhythm Saber](UL 20)_譞子是萱子呀[4641271]:是这样（）
2018-12-05 14:19:48 {忽悠,11}[Rhythm Saber](UL 20)_譞子是萱子呀[4641271]:点赞的崽崽回来了
2018-12-05 14:19:55 {忽悠,11}[Rhythm Saber](UL 20)_譞子是萱子呀[4641271]:我原地旋转爆炸开心
2018-12-05 14:39:11 [月爷]{忽悠,17}[骑士之心](UL 37)忽悠牌绘画铅笔[9365665]:？？发生了什么
2018-12-05 14:44:07 [月爷]{忽悠,16}[一见倾心](UL 33)牛牛想戳忽悠宝贝酒窝[16160745]:中午好
2018-12-05 14:53:08 [月爷]{忽悠,17}[骑士之心](UL 37)忽悠牌绘画铅笔[9365665]:下午好呀！！
2018-12-05 15:03:36 [舰]悠梨一直在不会走的[10695010] 进入直播间
2018-12-05 15:14:08 {忽悠,11}[Rhythm Saber](UL 20)_譞子是萱子呀[4641271]:_(:з」∠)_
2018-12-05 15:19:01 [月爷]{忽悠,16}[一见倾心](UL 33)牛牛想戳忽悠宝贝酒窝[16160745]:是不是人越来越少了
2018-12-05 15:45:42 [月爷]{忽悠,17}[骑士之心](UL 37)忽悠牌绘画铅笔[9365665]:毕竟出去了就回不来了
2018-12-05 15:46:20 [月爷]{忽悠,17}[骑士之心](UL 37)忽悠牌绘画铅笔[9365665]:我看到崽崽在超话点赞啦！敲开心！
2018-12-05 15:48:55 {忽悠,11}[Rhythm Saber](UL 20)_譞子是萱子呀[4641271]:这种在家等他的感觉真奇妙（）
2018-12-05 15:48:59 {忽悠,11}[Rhythm Saber](UL 20)_譞子是萱子呀[4641271]:格外奇妙2333333
2018-12-05 15:49:34 [月爷]{忽悠,17}[骑士之心](UL 37)忽悠牌绘画铅笔[9365665]:非常奇妙哈哈哈哈还是摸黑等，乖巧
2018-12-05 15:53:04 {忽悠,11}[Rhythm Saber](UL 20)_譞子是萱子呀[4641271]:然后这事一出。我死守直播间，疯狂举报等CD（）
2018-12-05 16:32:11 {忽悠,5}(UL 0)包子妈喜欢包子和忽悠[16409467]:下午好啊！
2018-12-05 16:35:30 {忽悠,5}(UL 0)包子妈喜欢包子和忽悠[16409467]:哈哈哈不知道狗贼有没有被🔐在里面啊
2018-12-05 16:37:05 {忽悠,11}[Rhythm Saber](UL 20)_譞子是萱子呀[4641271]:_(:з」∠)_
2018-12-05 16:41:16 [舰]欧洲JUNKO[4637608] 进入直播间
2018-12-05 16:41:33 {忽悠,11}[Rhythm Saber](UL 20)_譞子是萱子呀[4641271]:所以说这时候的进房间提示是怎么做到的。。。。
2018-12-05 16:57:10 {忽悠,5}(UL 0)包子妈喜欢包子和忽悠[16409467]:对哦 好神奇
2018-12-05 17:02:39 {忽悠,11}[Rhythm Saber](UL 20)_譞子是萱子呀[4641271]:羊腿腿说要找人吧我电脑登出（doge）
2018-12-05 17:02:47 {忽悠,11}[Rhythm Saber](UL 20)_譞子是萱子呀[4641271]:哭了.jpg
2018-12-05 17:04:09 [月爷]{忽悠,17}[骑士之心](UL 37)忽悠牌绘画铅笔[9365665]:去看下贡献榜再回来就有进入提示了_(:з」∠)_
2018-12-05 17:05:58 [月爷]{忽悠,17}[骑士之心](UL 37)忽悠牌绘画铅笔[9365665]:要努力护住你的电脑鸭|ω・）
2018-12-05 17:07:06 {忽悠,11}[Rhythm Saber](UL 20)_譞子是萱子呀[4641271]:哈哈哈哈哈哈哈是的呢
2018-12-05 17:10:01 (UL 1)半生相望[299735067]:坐等下班哈哈哈哈哈
2018-12-05 17:14:24 [年爷][守护时光](UL 47)Hikaru1202[4246890]:(｀・ω・´)
2018-12-05 17:16:08 {忽悠,11}[Rhythm Saber](UL 20)_譞子是萱子呀[4641271]:。。又一个大佬。0.0
2018-12-05 17:30:58 [年爷][守护时光](UL 47)Hikaru1202[4246890]:一直挂着没关的
2018-12-05 17:32:03 {忽悠,10}[季老](UL 20)我是一隻毛毛蟲[315621198]:才發現還在裡面
2018-12-05 17:32:21 {忽悠,10}[季老](UL 20)我是一隻毛毛蟲[315621198]:開心
2018-12-05 17:32:41 [月爷]{忽悠,17}[骑士之心](UL 37)忽悠牌绘画铅笔[9365665]:恭喜呀！！一起关小黑屋鸭！！(๑•̀ㅂ•́)و✧
2018-12-05 17:32:57 [月爷]{忽悠,17}[骑士之心](UL 37)忽悠牌绘画铅笔[9365665]:下班啦！
2018-12-05 17:36:53 {忽悠,10}[季老](UL 20)我是一隻毛毛蟲[315621198]:嘿嘿
2018-12-05 18:03:33 [年爷]{夜宵,19}[永恒誓约](UL 49)NShy小哆[3113384]:1
2018-12-05 18:04:34 [年爷]{夜宵,19}[永恒誓约](UL 49)NShy小哆[3113384]:可以 表面封禁
2018-12-05 18:04:47 [年爷]{夜宵,19}[永恒誓约](UL 49)NShy小哆[3113384]:佛了
2018-12-05 18:20:06 [月爷]{忽悠,17}[骑士之心](UL 37)忽悠牌绘画铅笔[9365665]:什么鬼
2018-12-05 18:20:22 [月爷]{忽悠,17}[骑士之心](UL 37)忽悠牌绘画铅笔[9365665]:能进了？
2018-12-05 18:21:52 [月爷]{忽悠,17}[骑士之心](UL 37)忽悠牌绘画铅笔[9365665]:上面的你退出去试试？
2018-12-05 18:56:36 {忽悠,11}[Rhythm Saber](UL 20)_譞子是萱子呀[4641271]:？？？
2018-12-05 18:56:47 {忽悠,11}[Rhythm Saber](UL 20)_譞子是萱子呀[4641271]:能进来了？
2018-12-05 18:56:53 {忽悠,11}[Rhythm Saber](UL 20)_譞子是萱子呀[4641271]:我觉得不行吧（）
2018-12-05 18:57:11 {忽悠,11}[Rhythm Saber](UL 20)_譞子是萱子呀[4641271]:进得来这个直播间绝壁不是现在这么冷清（）
2018-12-05 18:58:11 [月爷]{忽悠,17}[骑士之心](UL 37)忽悠牌绘画铅笔[9365665]:嗯，就想骗他出去而已嘛_(:з」∠)_
2018-12-05 18:58:36 [年爷]{夜宵,19}[永恒誓约](UL 49)NShy小哆[3113384]:原来想骗我出去吗
2018-12-05 18:58:43 [年爷]{夜宵,19}[永恒誓约](UL 49)NShy小哆[3113384]:(╬ﾟдﾟ)▄︻┻┳═一这么狠心
2018-12-05 18:58:46 {忽悠,11}[Rhythm Saber](UL 20)_譞子是萱子呀[4641271]:随意
2018-12-05 18:59:11 {忽悠,11}[Rhythm Saber](UL 20)_譞子是萱子呀[4641271]:(￣▽￣") 反正留在这的都是些沙雕（）
2018-12-05 19:00:04 [月爷]{忽悠,17}[骑士之心](UL 37)忽悠牌绘画铅笔[9365665]:哈哈哈哈哈
2018-12-05 19:00:24 {忽悠,11}[Rhythm Saber](UL 20)_譞子是萱子呀[4641271]:╮(╯_╰)╭
2018-12-05 19:00:41 {忽悠,11}[Rhythm Saber](UL 20)_譞子是萱子呀[4641271]:也没瓜也没钱要啥没啥的。。。（）
2018-12-05 19:01:28 [月爷]{忽悠,17}[骑士之心](UL 37)忽悠牌绘画铅笔[9365665]:dbq，皮这一下很开心(≧▽≦)
2018-12-05 19:01:41 [月爷]{忽悠,17}[骑士之心](UL 37)忽悠牌绘画铅笔[9365665]:啥也没有，真的是小黑屋了_(:з」∠)_
2018-12-05 19:12:04 {忽悠,11}[Rhythm Saber](UL 20)_譞子是萱子呀[4641271]:似
2018-12-05 19:12:16 {忽悠,11}[Rhythm Saber](UL 20)_譞子是萱子呀[4641271]:啥也没有只有沙雕们（doge）
2018-12-05 19:27:23 [月爷]{允星河,1}[骑士之心](UL 37)忽悠牌绘画铅笔[9365665]:那也是可爱的沙雕(๑•̀ㅂ•́)و✧
2018-12-05 20:03:52 {忽悠,11}[Rhythm Saber](UL 20)_譞子是萱子呀[4641271]:我们超可爱略略略
2018-12-05 20:23:49 {忽悠,17}[季老](UL 23)汎汎儿[349322200]:ε=ε=(ノ≧∇≦)ノ
2018-12-05 20:24:21 {忽悠,11}[Rhythm Saber](UL 20)_譞子是萱子呀[4641271]:2333333
2018-12-05 20:26:01 [月爷]{允星河,1}[骑士之心](UL 37)忽悠牌绘画铅笔[9365665]:（*∇＼*）
2018-12-05 20:26:22 {忽悠,17}[季老](UL 23)汎汎儿[349322200]:＼(≧∇≦＼)=3=3
2018-12-05 20:27:32 {忽悠,11}[Rhythm Saber](UL 20)_譞子是萱子呀[4641271]:(｀・ω・´)
2018-12-05 20:27:41 {忽悠,11}[Rhythm Saber](UL 20)_譞子是萱子呀[4641271]:ε = = (づ′▽`)づ
2018-12-05 20:28:09 {忽悠,17}[季老](UL 23)汎汎儿[349322200]:(°∀°)ﾉ
2018-12-05 20:44:14 [月爷]{允星河,1}[骑士之心](UL 37)忽悠牌绘画铅笔[9365665]:✧(≖ ◡ ≖✿)
2018-12-05 20:45:22 [月爷]{允星河,1}[骑士之心](UL 37)忽悠牌绘画铅笔[9365665]:去看感冒，只想配点药，结果要挂盐水( •̥́ ˍ •̀ू )
2018-12-05 20:46:08 {忽悠,11}[Rhythm Saber](UL 20)_譞子是萱子呀[4641271]:妈呀
2018-12-05 20:46:13 {忽悠,11}[Rhythm Saber](UL 20)_譞子是萱子呀[4641271]:注意身体哇
2018-12-05 20:51:32 [月爷]{允星河,1}[骑士之心](UL 37)忽悠牌绘画铅笔[9365665]:又弱小又冷又委屈还怕手机没电(눈_눈)
2018-12-05 20:52:10 [月爷]{允星河,1}[骑士之心](UL 37)忽悠牌绘画铅笔[9365665]:抱抱嘤嘤嘤(ฅ•﹏•ฅ)
2018-12-05 20:53:20 {忽悠,11}[Rhythm Saber](UL 20)_譞子是萱子呀[4641271]:(￣）￣*))抱抱~
2018-12-05 20:55:13 {忽悠,2}(UL 2)浅夏诗韵qwq[76733046]:。。
2018-12-05 21:28:51 [舰]小粉筆沒吃過烤麵筋呀[320043424] 进入直播间
2018-12-05 21:29:20 {忽悠,11}[Rhythm Saber](UL 20)_譞子是萱子呀[4641271]:妈耶今天还有多少人啊（报数？）
2018-12-05 21:29:24 {忽悠,11}[Rhythm Saber](UL 20)_譞子是萱子呀[4641271]:说好今天报2 的（）
2018-12-05 21:29:28 {忽悠,11}[Rhythm Saber](UL 20)_譞子是萱子呀[4641271]:2
2018-12-05 21:29:39 {忽悠,12}[黎明之光](UL 17)悠梨一直在不会走的[10695010]:我在
2018-12-05 21:55:06 [月爷]{允星河,1}[骑士之心](UL 37)忽悠牌绘画铅笔[9365665]:2
2018-12-05 21:57:32 [月爷]{忽悠,16}[骑士之心](UL 33)牛牛想戳忽悠宝贝酒窝[16160745]:2
2018-12-05 22:17:41 {忽悠,12}[一见倾心](UL 21)Ahgase桐酱[34034874]:2
2018-12-05 22:20:30 {忽悠,12}[一见倾心](UL 21)Ahgase桐酱[34034874]:哈哈哈哈被锁在里面了23333感觉好奇妙
2018-12-05 22:20:58 {忽悠,12}[一见倾心](UL 21)Ahgase桐酱[34034874]:外面的宝贝看得到我们，但是说不了话
2018-12-05 22:28:21 [舰]Ahgase桐酱[34034874] 进入直播间
2018-12-05 22:36:13 深灰灰哼着嗝噜嗝噜[2651333] 进入直播间
2018-12-05 22:38:48 [月爷]{允星河,1}[骑士之心](UL 37)忽悠牌绘画铅笔[9365665]:居然看得到吗！！？
2018-12-05 22:39:25 [月爷]{允星河,1}[骑士之心](UL 37)忽悠牌绘画铅笔[9365665]:不是搜不到直播间嘛？？
2018-12-05 22:40:36 [年爷]{夜宵,19}[永恒誓约](UL 49)NShy小哆[3113384]:手机上用浏览器打开能看到
2018-12-05 22:47:36 [月爷]{允星河,1}[骑士之心](UL 37)忽悠牌绘画铅笔[9365665]:哇哦
2018-12-05 22:47:52 [月爷]{允星河,1}[骑士之心](UL 37)忽悠牌绘画铅笔[9365665]:那不就显得我们很厉害✧(≖ ◡ ≖✿)
2018-12-05 23:15:33 [月爷]{忽悠,17}[骑士之心](UL 37)忽悠牌绘画铅笔[9365665]:大家晚安安ｸﾞｯ!(๑•̀ㅂ•́)و✧
2018-12-05 23:16:28 [月爷]{忽悠,17}[骑士之心](UL 37)忽悠牌绘画铅笔[9365665]:数了数好像只有十来个人惹_(:з」∠)_
2018-12-05 23:53:52 {忽悠,11}[Rhythm Saber](UL 20)_譞子是萱子呀[4641271]:晚安呀
2018-12-05 23:53:57 {忽悠,11}[Rhythm Saber](UL 20)_譞子是萱子呀[4641271]:外面看得到？？？？
2018-12-05 23:54:00 {忽悠,11}[Rhythm Saber](UL 20)_譞子是萱子呀[4641271]:惊了.jpg
