2018-12-09 00:14:21 小兄弟来一杯局花茶吗[19148933] 进入直播间
2018-12-09 02:04:17 {忽悠,12}[一见倾心](UL 21)Ahgase桐酱[34034874]:晚安！
2018-12-09 03:29:10 {忽悠,5}(UL 0)包子妈喜欢包子和忽悠[16409467]:还有人吗
2018-12-09 03:29:19 {忽悠,17}(UL 30)鬼哇要用铁板煎忽悠[39397806]:0.0
2018-12-09 03:29:43 {忽悠,5}(UL 0)包子妈喜欢包子和忽悠[16409467]:我看超话
2018-12-09 03:29:50 {忽悠,5}(UL 0)包子妈喜欢包子和忽悠[16409467]:他们说什么理解错了
2018-12-09 03:29:58 {忽悠,5}(UL 0)包子妈喜欢包子和忽悠[16409467]:别多想
2018-12-09 03:30:09 {忽悠,5}(UL 0)包子妈喜欢包子和忽悠[16409467]:我想知道怎么了
2018-12-09 03:30:11 {忽悠,5}(UL 0)包子妈喜欢包子和忽悠[16409467]:好担心啊
2018-12-09 03:30:14 {忽悠,5}(UL 0)包子妈喜欢包子和忽悠[16409467]:你知道不？
2018-12-09 03:30:27 {忽悠,5}(UL 0)包子妈喜欢包子和忽悠[16409467]:知道的话私信我啊
2018-12-09 03:30:28 {忽悠,17}(UL 30)鬼哇要用铁板煎忽悠[39397806]:好像没啥事吧-。-我都不怎么看超话
2018-12-09 03:30:47 {忽悠,5}(UL 0)包子妈喜欢包子和忽悠[16409467]:哦哦没啥事就好
2018-12-09 03:31:07 {忽悠,5}(UL 0)包子妈喜欢包子和忽悠[16409467]:你怎么还不睡啊
2018-12-09 03:31:20 {忽悠,17}(UL 30)鬼哇要用铁板煎忽悠[39397806]:我。。。。中午两点半
2018-12-09 03:31:32 {忽悠,5}(UL 0)包子妈喜欢包子和忽悠[16409467]:哈哈哈
2018-12-09 03:31:39 {忽悠,5}(UL 0)包子妈喜欢包子和忽悠[16409467]:你美东啊？
2018-12-09 03:31:48 {忽悠,17}(UL 30)鬼哇要用铁板煎忽悠[39397806]:嗯
2018-12-09 03:32:01 {忽悠,5}(UL 0)包子妈喜欢包子和忽悠[16409467]:我美西
2018-12-09 03:32:04 {忽悠,17}(UL 30)鬼哇要用铁板煎忽悠[39397806]:你怎么还是UL0。。。找客服了没。。
2018-12-09 03:32:12 {忽悠,17}(UL 30)鬼哇要用铁板煎忽悠[39397806]:wow
2018-12-09 03:32:15 {忽悠,5}(UL 0)包子妈喜欢包子和忽悠[16409467]:没有
2018-12-09 03:32:18 {忽悠,5}(UL 0)包子妈喜欢包子和忽悠[16409467]:懒呗
2018-12-09 03:32:47 {忽悠,5}(UL 0)包子妈喜欢包子和忽悠[16409467]:可是你怎么回的这么快啊
2018-12-09 03:32:59 {忽悠,5}(UL 0)包子妈喜欢包子和忽悠[16409467]:你的直播间有声音提示吗
2018-12-09 03:33:00 {忽悠,17}(UL 30)鬼哇要用铁板煎忽悠[39397806]:嗯？
2018-12-09 03:33:30 {忽悠,5}(UL 0)包子妈喜欢包子和忽悠[16409467]:感觉我随时喊你随时在
2018-12-09 03:33:32 {忽悠,17}(UL 30)鬼哇要用铁板煎忽悠[39397806]:不是啊，，，电脑屏幕肯定右手边放着版聊的
2018-12-09 03:33:44 {忽悠,5}(UL 0)包子妈喜欢包子和忽悠[16409467]:哇塞！
2018-12-09 04:15:30 十五想吃八八猪大肠[220747466] 赠送了 舰长×1。价值为0瓜子
2018-12-09 04:15:33 被木木圈粉的PopRocks[21752574] 进入直播间
2018-12-09 04:15:33 阿早阿早mua[3124914] 进入直播间
2018-12-09 04:15:33 来和妲已玩耍吧[11022314] 进入直播间
2018-12-09 04:15:33 小幻酱吖[17413602] 进入直播间
2018-12-09 04:15:33 昕昕超困的[7590042] 进入直播间
2018-12-09 04:15:33 小小小小鑫1[7861874] 进入直播间
2018-12-09 04:15:34 西城2333[251678944] 进入直播间
2018-12-09 04:15:34 本王素有将才[3868042] 进入直播间
2018-12-09 04:15:34 姓马名麦皮[382051877] 进入直播间
2018-12-09 04:15:34 阿怪一點不可愛[38233604] 进入直播间
2018-12-09 04:15:39 殇瑾柒[26229812] 进入直播间
2018-12-09 04:15:41 月光煮茶[26350026] 进入直播间
2018-12-09 04:15:46 星夜下的鑫[12655115] 进入直播间
2018-12-09 04:15:47 盏酒滴雨[279711143] 进入直播间
2018-12-09 04:15:49 我改名啦[15047285] 进入直播间
2018-12-09 04:15:49 37の拟清狂[26640670] 进入直播间
2018-12-09 04:15:55 默鹌灬[21455330] 进入直播间
2018-12-09 04:15:55 _楊楊-[10748069] 进入直播间
2018-12-09 04:15:58 果汁家的烛火[44351106] 进入直播间
2018-12-09 04:15:58 我是熊二啊啊啊[38262714] 进入直播间
2018-12-09 04:16:01 幸运的皮皮龙[199717020] 进入直播间
2018-12-09 04:16:14 濑名夜熙糸[898424] 进入直播间
2018-12-09 04:16:14 苟狗离[2507708] 进入直播间
2018-12-09 04:16:20 忘阿姨家的萌翻鱼的人生真是寂寞啊[2772554] 进入直播间
2018-12-09 04:16:23 喵大辞w[4434555] 进入直播间
2018-12-09 04:16:23 muaの依恋[111153087] 进入直播间
2018-12-09 04:16:24 叫我菜菜吧[22358254] 进入直播间
2018-12-09 04:16:24 鲲鲲今天也要开心[12141820] 进入直播间
2018-12-09 04:16:26 沐沐沐沐沐沐的空霄[11512829] 进入直播间
2018-12-09 04:16:26 大大大大大大池子[21023337] 进入直播间
2018-12-09 04:16:30 魂淡QxQ[934750] 进入直播间
2018-12-09 04:16:30 爱吃酸柠檬的喵[315270275] 进入直播间
2018-12-09 04:16:31 菊花花花花花花啊[1767016] 进入直播间
2018-12-09 04:16:33 卿卿家的清清[68029967] 进入直播间
2018-12-09 04:16:33 ╰冊糀ВαЬy丶[2020861] 进入直播间
2018-12-09 04:16:36 橘橘不是大魔王[172236349] 进入直播间
2018-12-09 04:17:06 究极可爱怪等你回家鸭[310834917] 赠送了 舰长×1。价值为0瓜子
2018-12-09 04:21:47 {忽悠,17}(UL 30)鬼哇要用铁板煎忽悠[39397806]:？？？
2018-12-09 04:28:03 {忽悠,5}(UL 0)包子妈喜欢包子和忽悠[16409467]:怎么回事啊
2018-12-09 04:52:20 {忽悠,17}(UL 30)鬼哇要用铁板煎忽悠[39397806]:不知道。。。卡bug了？。。。
2018-12-09 08:44:01 {忽悠,14}[一见倾心](UL 23)秋夜Vivi[3789354]:???有人送节奏风暴？？
2018-12-09 08:46:59 盐汽水喂忽忽一口香菜[33916644] 赠送了 舰长×1。价值为0瓜子
2018-12-09 08:47:00 小幻酱吖[17413602] 进入直播间
2018-12-09 08:47:00 被木木圈粉的PopRocks[21752574] 进入直播间
2018-12-09 08:47:00 来和妲已玩耍吧[11022314] 进入直播间
2018-12-09 08:47:00 阿早阿早mua[3124914] 进入直播间
2018-12-09 08:47:02 昕昕超困的[7590042] 进入直播间
2018-12-09 08:47:02 小小小小鑫1[7861874] 进入直播间
2018-12-09 08:47:02 西城2333[251678944] 进入直播间
2018-12-09 08:47:02 本王素有将才[3868042] 进入直播间
2018-12-09 08:47:03 姓马名麦皮[382051877] 进入直播间
2018-12-09 08:47:03 阿怪一點不可愛[38233604] 进入直播间
2018-12-09 08:47:07 muaの依恋[111153087] 进入直播间
2018-12-09 08:47:09 果汁家的烛火[44351106] 进入直播间
2018-12-09 08:47:16 星夜下的鑫[12655115] 进入直播间
2018-12-09 08:47:23 殇瑾柒[26229812] 进入直播间
2018-12-09 08:47:24 我是熊二啊啊啊[38262714] 进入直播间
2018-12-09 08:47:27 盏酒滴雨[279711143] 进入直播间
2018-12-09 08:47:28 月光煮茶[26350026] 进入直播间
2018-12-09 08:47:31 苟狗离[2507708] 进入直播间
2018-12-09 08:47:32 沐沐沐沐沐沐的空霄[11512829] 进入直播间
2018-12-09 08:47:34 濑名夜熙糸[898424] 进入直播间
2018-12-09 08:47:34 幸运的皮皮龙[199717020] 进入直播间
2018-12-09 08:47:36 鲲鲲今天也要开心[12141820] 进入直播间
2018-12-09 08:47:36 叫我菜菜吧[22358254] 进入直播间
2018-12-09 08:47:37 喵大辞w[4434555] 进入直播间
2018-12-09 08:47:39 爱吃酸柠檬的喵[315270275] 进入直播间
2018-12-09 08:47:39 大大大大大大池子[21023337] 进入直播间
2018-12-09 08:47:40 魂淡QxQ[934750] 进入直播间
2018-12-09 08:47:42 默鹌灬[21455330] 进入直播间
2018-12-09 08:47:43 我改名啦[15047285] 进入直播间
2018-12-09 08:47:53 37の拟清狂[26640670] 进入直播间
2018-12-09 08:47:56 _楊楊-[10748069] 进入直播间
2018-12-09 08:47:57 卿卿家的清清[68029967] 进入直播间
2018-12-09 08:47:59 橘橘不是大魔王[172236349] 进入直播间
2018-12-09 08:47:59 忘阿姨家的萌翻鱼的人生真是寂寞啊[2772554] 进入直播间
2018-12-09 08:48:03 ╰冊糀ВαЬy丶[2020861] 进入直播间
2018-12-09 09:17:12 [年爷]{欧根,10}[永恒誓约](UL 23)葉重_hiero[4973971]:早上好
2018-12-09 09:18:55 {忽悠,17}(UL 30)鬼哇要用铁板煎忽悠[39397806]:早
